main start at this time 1665968856.9006064
-----------------------------------------before load data 
 Nvidia-smi: 6.63623046875 GB
    Memory Allocated: 0.0  GigaBytes
Max Memory Allocated: 0.0  GigaBytes

#nodes: 2449029
#edges: 123718024
#classes: 47
success----------------------------------------
196571
39255
2164782
# Nodes: 2400608
# Edges: 123718024
# Train: 196571
# Val: 39255
# Test: 2164782
# Classes: 47

-----------------------------------------after load data 
 Nvidia-smi: 6.63623046875 GB
    Memory Allocated: 0.0  GigaBytes
Max Memory Allocated: 0.0  GigaBytes

in feats:  100
Run 00 | Epoch 00000 | Loss 6.2459 | Train 0.0457 | Val 0.0404 | Test 0.0351
Run 00 | Epoch 00001 | Loss 5.1331 | Train 0.1072 | Val 0.0983 | Test 0.0735
Run 00 | Epoch 00002 | Loss 4.2046 | Train 0.2127 | Val 0.1995 | Test 0.1406
Run 00 | Epoch 00003 | Loss 3.4345 | Train 0.3138 | Val 0.2930 | Test 0.2066
Run 00 | Epoch 00004 | Loss 2.8406 | Train 0.3973 | Val 0.3742 | Test 0.2633
The number of model layers:  2
Run 01:
Highest Train: 39.73
Highest Valid: 37.42
  Final Train: 39.73
   Final Test: 26.33
The number of model layers:  2
 
All runs:
Highest Train: 39.73 ± nan
Highest Valid: 37.42 ± nan
  Final Train: 39.73 ± nan
   Final Test: 26.33 ± nan
-----------------------------------------after mini batch train 
 Nvidia-smi: 20.64794921875 GB
    Memory Allocated: 1.010371208190918  GigaBytes
Max Memory Allocated: 8.448365688323975  GigaBytes

