main start at this time 1665969731.937836
-----------------------------------------before load data 
 Nvidia-smi: 6.63623046875 GB
    Memory Allocated: 0.0  GigaBytes
Max Memory Allocated: 0.0  GigaBytes

#nodes: 2449029
#edges: 123718024
#classes: 47
success----------------------------------------
196571
39255
2164782
# Nodes: 2400608
# Edges: 123718024
# Train: 196571
# Val: 39255
# Test: 2164782
# Classes: 47

-----------------------------------------after load data 
 Nvidia-smi: 6.63623046875 GB
    Memory Allocated: 0.0  GigaBytes
Max Memory Allocated: 0.0  GigaBytes

in feats:  100
Run 00 | Epoch 00000 | Loss 44.6971 | Train 0.0326 | Val 0.0343 | Test 0.0266
Run 00 | Epoch 00001 | Loss 14.3806 | Train 0.1186 | Val 0.1109 | Test 0.0724
Run 00 | Epoch 00002 | Loss 16.2175 | Train 0.0948 | Val 0.0989 | Test 0.0771
Run 00 | Epoch 00003 | Loss 10.4785 | Train 0.0937 | Val 0.0961 | Test 0.0761
Run 00 | Epoch 00004 | Loss 10.0062 | Train 0.0820 | Val 0.0834 | Test 0.0689
The number of model layers:  2
Run 01:
Highest Train: 11.86
Highest Valid: 11.09
  Final Train: 11.86
   Final Test: 7.24
The number of model layers:  2
 
All runs:
Highest Train: 11.86 ± nan
Highest Valid: 11.09 ± nan
  Final Train: 11.86 ± nan
   Final Test: 7.24 ± nan
-----------------------------------------after mini batch train 
 Nvidia-smi: 24.19091796875 GB
    Memory Allocated: 0.9711837768554688  GigaBytes
Max Memory Allocated: 11.27237319946289  GigaBytes

