main start at this time 1665982890.242594
-----------------------------------------before load data 
 Nvidia-smi: 0.30712890625 GB
    Memory Allocated: 0.0  GigaBytes
Max Memory Allocated: 0.0  GigaBytes

#nodes: 2449029
#edges: 123718024
#classes: 47
success----------------------------------------
196571
39255
2164782
# Nodes: 2400608
# Edges: 123718024
# Train: 196571
# Val: 39255
# Test: 2164782
# Classes: 47

in feats:  100
========    -------- the batch size current is  196571
Run 00 | Epoch 00000 | Loss 5.2015 | Train 0.0172 | Val 0.0160 | Test 0.0211
Run 00 | Epoch 00001 | Loss 5.1076 | Train 0.0207 | Val 0.0192 | Test 0.0236
Run 00 | Epoch 00002 | Loss 5.0237 | Train 0.0254 | Val 0.0247 | Test 0.0267
Run 00 | Epoch 00003 | Loss 4.9233 | Train 0.0311 | Val 0.0304 | Test 0.0303
Run 00 | Epoch 00004 | Loss 4.8310 | Train 0.0383 | Val 0.0374 | Test 0.0347
Run 00 | Epoch 00005 | Loss 4.7478 | Train 0.0465 | Val 0.0446 | Test 0.0397
Run 00 | Epoch 00006 | Loss 4.6544 | Train 0.0561 | Val 0.0534 | Test 0.0455
Run 00 | Epoch 00007 | Loss 4.5699 | Train 0.0664 | Val 0.0622 | Test 0.0518
Run 00 | Epoch 00008 | Loss 4.4843 | Train 0.0778 | Val 0.0726 | Test 0.0590
Run 00 | Epoch 00009 | Loss 4.4053 | Train 0.0904 | Val 0.0820 | Test 0.0665
Run 00 | Epoch 00010 | Loss 4.3288 | Train 0.1032 | Val 0.0936 | Test 0.0747
Run 00 | Epoch 00011 | Loss 4.2502 | Train 0.1172 | Val 0.1065 | Test 0.0834
Run 00 | Epoch 00012 | Loss 4.1737 | Train 0.1320 | Val 0.1207 | Test 0.0927
Run 00 | Epoch 00013 | Loss 4.0981 | Train 0.1470 | Val 0.1347 | Test 0.1023
Run 00 | Epoch 00014 | Loss 4.0275 | Train 0.1618 | Val 0.1502 | Test 0.1120
Run 00 | Epoch 00015 | Loss 3.9538 | Train 0.1773 | Val 0.1659 | Test 0.1217
Run 00 | Epoch 00016 | Loss 3.8861 | Train 0.1927 | Val 0.1793 | Test 0.1315
Run 00 | Epoch 00017 | Loss 3.8260 | Train 0.2084 | Val 0.1924 | Test 0.1413
Run 00 | Epoch 00018 | Loss 3.7544 | Train 0.2232 | Val 0.2059 | Test 0.1511
Run 00 | Epoch 00019 | Loss 3.6943 | Train 0.2379 | Val 0.2206 | Test 0.1607
Run 00 | Epoch 00020 | Loss 3.6320 | Train 0.2522 | Val 0.2337 | Test 0.1703
Run 00 | Epoch 00021 | Loss 3.5725 | Train 0.2665 | Val 0.2474 | Test 0.1798
Run 00 | Epoch 00022 | Loss 3.5166 | Train 0.2806 | Val 0.2601 | Test 0.1892
Run 00 | Epoch 00023 | Loss 3.4583 | Train 0.2953 | Val 0.2727 | Test 0.1982
Run 00 | Epoch 00024 | Loss 3.4085 | Train 0.3091 | Val 0.2851 | Test 0.2071
Run 00 | Epoch 00025 | Loss 3.3599 | Train 0.3222 | Val 0.2968 | Test 0.2158
Run 00 | Epoch 00026 | Loss 3.3100 | Train 0.3344 | Val 0.3084 | Test 0.2242
Run 00 | Epoch 00027 | Loss 3.2644 | Train 0.3458 | Val 0.3198 | Test 0.2324
Run 00 | Epoch 00028 | Loss 3.2121 | Train 0.3574 | Val 0.3312 | Test 0.2405
Run 00 | Epoch 00029 | Loss 3.1651 | Train 0.3681 | Val 0.3420 | Test 0.2484
Run 00 | Epoch 00030 | Loss 3.1217 | Train 0.3792 | Val 0.3528 | Test 0.2561
Run 00 | Epoch 00031 | Loss 3.0753 | Train 0.3897 | Val 0.3624 | Test 0.2636
Run 00 | Epoch 00032 | Loss 3.0331 | Train 0.3999 | Val 0.3724 | Test 0.2710
Run 00 | Epoch 00033 | Loss 2.9974 | Train 0.4096 | Val 0.3825 | Test 0.2783
Run 00 | Epoch 00034 | Loss 2.9610 | Train 0.4198 | Val 0.3928 | Test 0.2854
Run 00 | Epoch 00035 | Loss 2.9204 | Train 0.4291 | Val 0.4023 | Test 0.2925
Run 00 | Epoch 00036 | Loss 2.8807 | Train 0.4388 | Val 0.4110 | Test 0.2993
Run 00 | Epoch 00037 | Loss 2.8434 | Train 0.4478 | Val 0.4197 | Test 0.3059
Run 00 | Epoch 00038 | Loss 2.8118 | Train 0.4561 | Val 0.4285 | Test 0.3123
Run 00 | Epoch 00039 | Loss 2.7784 | Train 0.4647 | Val 0.4373 | Test 0.3185
Run 00 | Epoch 00040 | Loss 2.7459 | Train 0.4732 | Val 0.4453 | Test 0.3249
Run 00 | Epoch 00041 | Loss 2.7137 | Train 0.4816 | Val 0.4539 | Test 0.3309
Run 00 | Epoch 00042 | Loss 2.6832 | Train 0.4897 | Val 0.4607 | Test 0.3369
Run 00 | Epoch 00043 | Loss 2.6510 | Train 0.4973 | Val 0.4681 | Test 0.3427
Run 00 | Epoch 00044 | Loss 2.6248 | Train 0.5045 | Val 0.4745 | Test 0.3485
Run 00 | Epoch 00045 | Loss 2.5940 | Train 0.5117 | Val 0.4811 | Test 0.3540
Run 00 | Epoch 00046 | Loss 2.5691 | Train 0.5186 | Val 0.4876 | Test 0.3595
Run 00 | Epoch 00047 | Loss 2.5395 | Train 0.5255 | Val 0.4942 | Test 0.3647
Run 00 | Epoch 00048 | Loss 2.5132 | Train 0.5320 | Val 0.5015 | Test 0.3699
Run 00 | Epoch 00049 | Loss 2.4884 | Train 0.5385 | Val 0.5075 | Test 0.3750
Run 00 | Epoch 00050 | Loss 2.4617 | Train 0.5451 | Val 0.5137 | Test 0.3799
Run 00 | Epoch 00051 | Loss 2.4434 | Train 0.5509 | Val 0.5196 | Test 0.3847
Run 00 | Epoch 00052 | Loss 2.4137 | Train 0.5567 | Val 0.5254 | Test 0.3895
Run 00 | Epoch 00053 | Loss 2.3915 | Train 0.5625 | Val 0.5312 | Test 0.3941
Run 00 | Epoch 00054 | Loss 2.3701 | Train 0.5676 | Val 0.5368 | Test 0.3985
Run 00 | Epoch 00055 | Loss 2.3500 | Train 0.5730 | Val 0.5417 | Test 0.4030
Run 00 | Epoch 00056 | Loss 2.3300 | Train 0.5784 | Val 0.5467 | Test 0.4071
Run 00 | Epoch 00057 | Loss 2.3086 | Train 0.5833 | Val 0.5519 | Test 0.4112
Run 00 | Epoch 00058 | Loss 2.2833 | Train 0.5882 | Val 0.5567 | Test 0.4152
Run 00 | Epoch 00059 | Loss 2.2665 | Train 0.5931 | Val 0.5613 | Test 0.4190
Run 00 | Epoch 00060 | Loss 2.2490 | Train 0.5977 | Val 0.5658 | Test 0.4228
Run 00 | Epoch 00061 | Loss 2.2265 | Train 0.6022 | Val 0.5704 | Test 0.4266
Run 00 | Epoch 00062 | Loss 2.2113 | Train 0.6067 | Val 0.5747 | Test 0.4301
Run 00 | Epoch 00063 | Loss 2.1953 | Train 0.6110 | Val 0.5790 | Test 0.4336
Run 00 | Epoch 00064 | Loss 2.1775 | Train 0.6154 | Val 0.5831 | Test 0.4370
Run 00 | Epoch 00065 | Loss 2.1621 | Train 0.6196 | Val 0.5871 | Test 0.4403
Run 00 | Epoch 00066 | Loss 2.1453 | Train 0.6237 | Val 0.5906 | Test 0.4434
Run 00 | Epoch 00067 | Loss 2.1308 | Train 0.6274 | Val 0.5948 | Test 0.4465
Run 00 | Epoch 00068 | Loss 2.1106 | Train 0.6310 | Val 0.5988 | Test 0.4495
Run 00 | Epoch 00069 | Loss 2.0962 | Train 0.6345 | Val 0.6021 | Test 0.4525
Run 00 | Epoch 00070 | Loss 2.0834 | Train 0.6380 | Val 0.6054 | Test 0.4554
Run 00 | Epoch 00071 | Loss 2.0684 | Train 0.6417 | Val 0.6092 | Test 0.4582
Run 00 | Epoch 00072 | Loss 2.0549 | Train 0.6452 | Val 0.6124 | Test 0.4609
Run 00 | Epoch 00073 | Loss 2.0430 | Train 0.6484 | Val 0.6158 | Test 0.4636
Run 00 | Epoch 00074 | Loss 2.0256 | Train 0.6516 | Val 0.6187 | Test 0.4663
Run 00 | Epoch 00075 | Loss 2.0134 | Train 0.6546 | Val 0.6224 | Test 0.4688
Run 00 | Epoch 00076 | Loss 2.0045 | Train 0.6578 | Val 0.6252 | Test 0.4714
Run 00 | Epoch 00077 | Loss 1.9869 | Train 0.6607 | Val 0.6279 | Test 0.4738
Run 00 | Epoch 00078 | Loss 1.9755 | Train 0.6635 | Val 0.6310 | Test 0.4762
Run 00 | Epoch 00079 | Loss 1.9679 | Train 0.6663 | Val 0.6340 | Test 0.4785
Run 00 | Epoch 00080 | Loss 1.9545 | Train 0.6692 | Val 0.6367 | Test 0.4807
Run 00 | Epoch 00081 | Loss 1.9406 | Train 0.6720 | Val 0.6392 | Test 0.4829
Run 00 | Epoch 00082 | Loss 1.9313 | Train 0.6746 | Val 0.6422 | Test 0.4850
Run 00 | Epoch 00083 | Loss 1.9210 | Train 0.6772 | Val 0.6447 | Test 0.4871
Run 00 | Epoch 00084 | Loss 1.9086 | Train 0.6794 | Val 0.6473 | Test 0.4891
Run 00 | Epoch 00085 | Loss 1.8968 | Train 0.6816 | Val 0.6497 | Test 0.4910
Run 00 | Epoch 00086 | Loss 1.8839 | Train 0.6839 | Val 0.6521 | Test 0.4929
Run 00 | Epoch 00087 | Loss 1.8763 | Train 0.6861 | Val 0.6542 | Test 0.4948
Run 00 | Epoch 00088 | Loss 1.8664 | Train 0.6883 | Val 0.6567 | Test 0.4966
Run 00 | Epoch 00089 | Loss 1.8611 | Train 0.6902 | Val 0.6586 | Test 0.4984
Run 00 | Epoch 00090 | Loss 1.8490 | Train 0.6924 | Val 0.6614 | Test 0.5001
Run 00 | Epoch 00091 | Loss 1.8388 | Train 0.6944 | Val 0.6636 | Test 0.5018
Run 00 | Epoch 00092 | Loss 1.8284 | Train 0.6965 | Val 0.6654 | Test 0.5035
Run 00 | Epoch 00093 | Loss 1.8205 | Train 0.6980 | Val 0.6673 | Test 0.5051
Run 00 | Epoch 00094 | Loss 1.8135 | Train 0.6998 | Val 0.6699 | Test 0.5067
Run 00 | Epoch 00095 | Loss 1.8028 | Train 0.7018 | Val 0.6716 | Test 0.5082
Run 00 | Epoch 00096 | Loss 1.7958 | Train 0.7040 | Val 0.6735 | Test 0.5098
Run 00 | Epoch 00097 | Loss 1.7886 | Train 0.7057 | Val 0.6751 | Test 0.5113
Run 00 | Epoch 00098 | Loss 1.7825 | Train 0.7075 | Val 0.6771 | Test 0.5127
Run 00 | Epoch 00099 | Loss 1.7722 | Train 0.7091 | Val 0.6790 | Test 0.5141
Run 00 | Epoch 00100 | Loss 1.7653 | Train 0.7107 | Val 0.6812 | Test 0.5155
Run 00 | Epoch 00101 | Loss 1.7577 | Train 0.7123 | Val 0.6831 | Test 0.5168
Run 00 | Epoch 00102 | Loss 1.7479 | Train 0.7139 | Val 0.6849 | Test 0.5181
Run 00 | Epoch 00103 | Loss 1.7386 | Train 0.7155 | Val 0.6866 | Test 0.5195
Run 00 | Epoch 00104 | Loss 1.7342 | Train 0.7168 | Val 0.6878 | Test 0.5208
Run 00 | Epoch 00105 | Loss 1.7292 | Train 0.7185 | Val 0.6893 | Test 0.5220
Run 00 | Epoch 00106 | Loss 1.7201 | Train 0.7199 | Val 0.6912 | Test 0.5232
Run 00 | Epoch 00107 | Loss 1.7158 | Train 0.7213 | Val 0.6926 | Test 0.5245
Run 00 | Epoch 00108 | Loss 1.7060 | Train 0.7225 | Val 0.6939 | Test 0.5256
Run 00 | Epoch 00109 | Loss 1.7012 | Train 0.7240 | Val 0.6954 | Test 0.5268
Run 00 | Epoch 00110 | Loss 1.6944 | Train 0.7252 | Val 0.6969 | Test 0.5279
Run 00 | Epoch 00111 | Loss 1.6883 | Train 0.7266 | Val 0.6989 | Test 0.5290
Run 00 | Epoch 00112 | Loss 1.6795 | Train 0.7279 | Val 0.6999 | Test 0.5302
Run 00 | Epoch 00113 | Loss 1.6730 | Train 0.7293 | Val 0.7015 | Test 0.5313
Run 00 | Epoch 00114 | Loss 1.6687 | Train 0.7304 | Val 0.7028 | Test 0.5324
Run 00 | Epoch 00115 | Loss 1.6621 | Train 0.7316 | Val 0.7045 | Test 0.5334
Run 00 | Epoch 00116 | Loss 1.6574 | Train 0.7328 | Val 0.7058 | Test 0.5345
Run 00 | Epoch 00117 | Loss 1.6512 | Train 0.7338 | Val 0.7066 | Test 0.5355
Run 00 | Epoch 00118 | Loss 1.6430 | Train 0.7349 | Val 0.7073 | Test 0.5365
Run 00 | Epoch 00119 | Loss 1.6439 | Train 0.7360 | Val 0.7085 | Test 0.5375
Run 00 | Epoch 00120 | Loss 1.6340 | Train 0.7370 | Val 0.7095 | Test 0.5385
Run 00 | Epoch 00121 | Loss 1.6291 | Train 0.7379 | Val 0.7106 | Test 0.5394
Run 00 | Epoch 00122 | Loss 1.6216 | Train 0.7389 | Val 0.7121 | Test 0.5404
Run 00 | Epoch 00123 | Loss 1.6136 | Train 0.7400 | Val 0.7134 | Test 0.5413
Run 00 | Epoch 00124 | Loss 1.6118 | Train 0.7412 | Val 0.7144 | Test 0.5421
Run 00 | Epoch 00125 | Loss 1.6071 | Train 0.7420 | Val 0.7154 | Test 0.5430
Run 00 | Epoch 00126 | Loss 1.6014 | Train 0.7429 | Val 0.7162 | Test 0.5438
Run 00 | Epoch 00127 | Loss 1.5987 | Train 0.7438 | Val 0.7177 | Test 0.5447
Run 00 | Epoch 00128 | Loss 1.5926 | Train 0.7447 | Val 0.7183 | Test 0.5455
Run 00 | Epoch 00129 | Loss 1.5850 | Train 0.7456 | Val 0.7195 | Test 0.5464
Run 00 | Epoch 00130 | Loss 1.5838 | Train 0.7465 | Val 0.7202 | Test 0.5472
Run 00 | Epoch 00131 | Loss 1.5784 | Train 0.7474 | Val 0.7213 | Test 0.5480
Run 00 | Epoch 00132 | Loss 1.5694 | Train 0.7482 | Val 0.7221 | Test 0.5488
Run 00 | Epoch 00133 | Loss 1.5671 | Train 0.7492 | Val 0.7228 | Test 0.5496
Run 00 | Epoch 00134 | Loss 1.5641 | Train 0.7500 | Val 0.7239 | Test 0.5503
Run 00 | Epoch 00135 | Loss 1.5564 | Train 0.7508 | Val 0.7247 | Test 0.5511
Run 00 | Epoch 00136 | Loss 1.5538 | Train 0.7517 | Val 0.7256 | Test 0.5518
Run 00 | Epoch 00137 | Loss 1.5492 | Train 0.7523 | Val 0.7264 | Test 0.5525
Run 00 | Epoch 00138 | Loss 1.5435 | Train 0.7531 | Val 0.7271 | Test 0.5532
Run 00 | Epoch 00139 | Loss 1.5438 | Train 0.7539 | Val 0.7278 | Test 0.5539
Run 00 | Epoch 00140 | Loss 1.5386 | Train 0.7548 | Val 0.7286 | Test 0.5546
Run 00 | Epoch 00141 | Loss 1.5316 | Train 0.7555 | Val 0.7294 | Test 0.5554
Run 00 | Epoch 00142 | Loss 1.5330 | Train 0.7564 | Val 0.7304 | Test 0.5561
Run 00 | Epoch 00143 | Loss 1.5195 | Train 0.7572 | Val 0.7312 | Test 0.5567
Run 00 | Epoch 00144 | Loss 1.5184 | Train 0.7579 | Val 0.7320 | Test 0.5574
Run 00 | Epoch 00145 | Loss 1.5147 | Train 0.7586 | Val 0.7326 | Test 0.5581
Run 00 | Epoch 00146 | Loss 1.5116 | Train 0.7595 | Val 0.7333 | Test 0.5587
Run 00 | Epoch 00147 | Loss 1.5086 | Train 0.7602 | Val 0.7338 | Test 0.5593
Run 00 | Epoch 00148 | Loss 1.5078 | Train 0.7609 | Val 0.7347 | Test 0.5600
Run 00 | Epoch 00149 | Loss 1.5009 | Train 0.7615 | Val 0.7354 | Test 0.5606
Run 00 | Epoch 00150 | Loss 1.4984 | Train 0.7622 | Val 0.7362 | Test 0.5612
Run 00 | Epoch 00151 | Loss 1.4932 | Train 0.7628 | Val 0.7371 | Test 0.5618
Run 00 | Epoch 00152 | Loss 1.4964 | Train 0.7635 | Val 0.7377 | Test 0.5625
Run 00 | Epoch 00153 | Loss 1.4865 | Train 0.7642 | Val 0.7383 | Test 0.5630
Run 00 | Epoch 00154 | Loss 1.4839 | Train 0.7649 | Val 0.7389 | Test 0.5636
Run 00 | Epoch 00155 | Loss 1.4789 | Train 0.7654 | Val 0.7395 | Test 0.5642
Run 00 | Epoch 00156 | Loss 1.4736 | Train 0.7659 | Val 0.7400 | Test 0.5647
Run 00 | Epoch 00157 | Loss 1.4705 | Train 0.7666 | Val 0.7405 | Test 0.5653
Run 00 | Epoch 00158 | Loss 1.4687 | Train 0.7672 | Val 0.7412 | Test 0.5658
Run 00 | Epoch 00159 | Loss 1.4651 | Train 0.7678 | Val 0.7417 | Test 0.5663
Run 00 | Epoch 00160 | Loss 1.4637 | Train 0.7684 | Val 0.7420 | Test 0.5668
Run 00 | Epoch 00161 | Loss 1.4592 | Train 0.7688 | Val 0.7424 | Test 0.5674
Run 00 | Epoch 00162 | Loss 1.4559 | Train 0.7694 | Val 0.7428 | Test 0.5678
Run 00 | Epoch 00163 | Loss 1.4502 | Train 0.7700 | Val 0.7434 | Test 0.5683
Run 00 | Epoch 00164 | Loss 1.4541 | Train 0.7705 | Val 0.7441 | Test 0.5688
Run 00 | Epoch 00165 | Loss 1.4409 | Train 0.7710 | Val 0.7447 | Test 0.5693
Run 00 | Epoch 00166 | Loss 1.4432 | Train 0.7715 | Val 0.7451 | Test 0.5698
Run 00 | Epoch 00167 | Loss 1.4419 | Train 0.7721 | Val 0.7457 | Test 0.5702
Run 00 | Epoch 00168 | Loss 1.4360 | Train 0.7726 | Val 0.7462 | Test 0.5707
Run 00 | Epoch 00169 | Loss 1.4340 | Train 0.7732 | Val 0.7469 | Test 0.5712
Run 00 | Epoch 00170 | Loss 1.4279 | Train 0.7736 | Val 0.7476 | Test 0.5716
Run 00 | Epoch 00171 | Loss 1.4276 | Train 0.7740 | Val 0.7481 | Test 0.5721
Run 00 | Epoch 00172 | Loss 1.4257 | Train 0.7745 | Val 0.7487 | Test 0.5725
Run 00 | Epoch 00173 | Loss 1.4233 | Train 0.7749 | Val 0.7492 | Test 0.5729
Run 00 | Epoch 00174 | Loss 1.4203 | Train 0.7754 | Val 0.7498 | Test 0.5734
Run 00 | Epoch 00175 | Loss 1.4199 | Train 0.7759 | Val 0.7502 | Test 0.5738
Run 00 | Epoch 00176 | Loss 1.4129 | Train 0.7764 | Val 0.7508 | Test 0.5742
Run 00 | Epoch 00177 | Loss 1.4106 | Train 0.7768 | Val 0.7512 | Test 0.5746
Run 00 | Epoch 00178 | Loss 1.4103 | Train 0.7773 | Val 0.7515 | Test 0.5750
Run 00 | Epoch 00179 | Loss 1.4069 | Train 0.7778 | Val 0.7521 | Test 0.5754
Run 00 | Epoch 00180 | Loss 1.4039 | Train 0.7782 | Val 0.7524 | Test 0.5759
Run 00 | Epoch 00181 | Loss 1.4009 | Train 0.7785 | Val 0.7528 | Test 0.5763
Run 00 | Epoch 00182 | Loss 1.3963 | Train 0.7789 | Val 0.7533 | Test 0.5767
Run 00 | Epoch 00183 | Loss 1.3940 | Train 0.7792 | Val 0.7541 | Test 0.5772
Run 00 | Epoch 00184 | Loss 1.3943 | Train 0.7796 | Val 0.7545 | Test 0.5776
Run 00 | Epoch 00185 | Loss 1.3886 | Train 0.7800 | Val 0.7549 | Test 0.5780
Run 00 | Epoch 00186 | Loss 1.3895 | Train 0.7804 | Val 0.7553 | Test 0.5784
Run 00 | Epoch 00187 | Loss 1.3902 | Train 0.7807 | Val 0.7558 | Test 0.5788
Run 00 | Epoch 00188 | Loss 1.3830 | Train 0.7811 | Val 0.7563 | Test 0.5792
Run 00 | Epoch 00189 | Loss 1.3810 | Train 0.7816 | Val 0.7569 | Test 0.5795
Run 00 | Epoch 00190 | Loss 1.3774 | Train 0.7821 | Val 0.7572 | Test 0.5799
Run 00 | Epoch 00191 | Loss 1.3735 | Train 0.7825 | Val 0.7576 | Test 0.5803
Run 00 | Epoch 00192 | Loss 1.3737 | Train 0.7829 | Val 0.7578 | Test 0.5806
Run 00 | Epoch 00193 | Loss 1.3716 | Train 0.7832 | Val 0.7579 | Test 0.5810
Run 00 | Epoch 00194 | Loss 1.3689 | Train 0.7835 | Val 0.7581 | Test 0.5813
Run 00 | Epoch 00195 | Loss 1.3686 | Train 0.7840 | Val 0.7586 | Test 0.5816
Run 00 | Epoch 00196 | Loss 1.3632 | Train 0.7843 | Val 0.7588 | Test 0.5820
Run 00 | Epoch 00197 | Loss 1.3621 | Train 0.7845 | Val 0.7593 | Test 0.5823
Run 00 | Epoch 00198 | Loss 1.3594 | Train 0.7849 | Val 0.7598 | Test 0.5827
Run 00 | Epoch 00199 | Loss 1.3589 | Train 0.7852 | Val 0.7601 | Test 0.5830
Run 00 | Epoch 00200 | Loss 1.3592 | Train 0.7856 | Val 0.7605 | Test 0.5834
Run 00 | Epoch 00201 | Loss 1.3538 | Train 0.7859 | Val 0.7610 | Test 0.5837
Run 00 | Epoch 00202 | Loss 1.3525 | Train 0.7863 | Val 0.7616 | Test 0.5840
Run 00 | Epoch 00203 | Loss 1.3486 | Train 0.7866 | Val 0.7620 | Test 0.5843
Run 00 | Epoch 00204 | Loss 1.3475 | Train 0.7870 | Val 0.7623 | Test 0.5846
Run 00 | Epoch 00205 | Loss 1.3426 | Train 0.7872 | Val 0.7626 | Test 0.5849
Run 00 | Epoch 00206 | Loss 1.3479 | Train 0.7874 | Val 0.7628 | Test 0.5852
Run 00 | Epoch 00207 | Loss 1.3387 | Train 0.7878 | Val 0.7631 | Test 0.5856
Run 00 | Epoch 00208 | Loss 1.3393 | Train 0.7882 | Val 0.7634 | Test 0.5859
Run 00 | Epoch 00209 | Loss 1.3364 | Train 0.7885 | Val 0.7639 | Test 0.5862
Run 00 | Epoch 00210 | Loss 1.3381 | Train 0.7889 | Val 0.7642 | Test 0.5865
Run 00 | Epoch 00211 | Loss 1.3323 | Train 0.7892 | Val 0.7645 | Test 0.5868
Run 00 | Epoch 00212 | Loss 1.3331 | Train 0.7896 | Val 0.7649 | Test 0.5871
Run 00 | Epoch 00213 | Loss 1.3303 | Train 0.7898 | Val 0.7655 | Test 0.5874
Run 00 | Epoch 00214 | Loss 1.3310 | Train 0.7900 | Val 0.7660 | Test 0.5877
Run 00 | Epoch 00215 | Loss 1.3277 | Train 0.7904 | Val 0.7662 | Test 0.5880
Run 00 | Epoch 00216 | Loss 1.3257 | Train 0.7906 | Val 0.7665 | Test 0.5883
Run 00 | Epoch 00217 | Loss 1.3215 | Train 0.7909 | Val 0.7665 | Test 0.5886
Run 00 | Epoch 00218 | Loss 1.3211 | Train 0.7912 | Val 0.7669 | Test 0.5889
Run 00 | Epoch 00219 | Loss 1.3167 | Train 0.7914 | Val 0.7672 | Test 0.5892
Run 00 | Epoch 00220 | Loss 1.3167 | Train 0.7917 | Val 0.7675 | Test 0.5894
Run 00 | Epoch 00221 | Loss 1.3174 | Train 0.7920 | Val 0.7677 | Test 0.5897
Run 00 | Epoch 00222 | Loss 1.3142 | Train 0.7923 | Val 0.7679 | Test 0.5900
Run 00 | Epoch 00223 | Loss 1.3121 | Train 0.7926 | Val 0.7683 | Test 0.5902
Run 00 | Epoch 00224 | Loss 1.3105 | Train 0.7929 | Val 0.7686 | Test 0.5905
Run 00 | Epoch 00225 | Loss 1.3046 | Train 0.7930 | Val 0.7687 | Test 0.5907
Run 00 | Epoch 00226 | Loss 1.3056 | Train 0.7931 | Val 0.7692 | Test 0.5910
Run 00 | Epoch 00227 | Loss 1.3045 | Train 0.7933 | Val 0.7694 | Test 0.5912
Run 00 | Epoch 00228 | Loss 1.3032 | Train 0.7935 | Val 0.7697 | Test 0.5915
Run 00 | Epoch 00229 | Loss 1.2984 | Train 0.7938 | Val 0.7699 | Test 0.5917
Run 00 | Epoch 00230 | Loss 1.3011 | Train 0.7941 | Val 0.7700 | Test 0.5920
Run 00 | Epoch 00231 | Loss 1.2993 | Train 0.7944 | Val 0.7703 | Test 0.5922
Run 00 | Epoch 00232 | Loss 1.2995 | Train 0.7945 | Val 0.7707 | Test 0.5925
Run 00 | Epoch 00233 | Loss 1.2949 | Train 0.7947 | Val 0.7711 | Test 0.5927
Run 00 | Epoch 00234 | Loss 1.2954 | Train 0.7950 | Val 0.7715 | Test 0.5930
Run 00 | Epoch 00235 | Loss 1.2950 | Train 0.7953 | Val 0.7717 | Test 0.5932
Run 00 | Epoch 00236 | Loss 1.2922 | Train 0.7955 | Val 0.7720 | Test 0.5935
Run 00 | Epoch 00237 | Loss 1.2883 | Train 0.7957 | Val 0.7722 | Test 0.5937
Run 00 | Epoch 00238 | Loss 1.2872 | Train 0.7960 | Val 0.7726 | Test 0.5939
Run 00 | Epoch 00239 | Loss 1.2843 | Train 0.7963 | Val 0.7726 | Test 0.5941
Run 00 | Epoch 00240 | Loss 1.2794 | Train 0.7964 | Val 0.7729 | Test 0.5943
Run 00 | Epoch 00241 | Loss 1.2821 | Train 0.7966 | Val 0.7732 | Test 0.5946
Run 00 | Epoch 00242 | Loss 1.2790 | Train 0.7967 | Val 0.7733 | Test 0.5948
Run 00 | Epoch 00243 | Loss 1.2813 | Train 0.7969 | Val 0.7735 | Test 0.5950
Run 00 | Epoch 00244 | Loss 1.2765 | Train 0.7971 | Val 0.7737 | Test 0.5952
Run 00 | Epoch 00245 | Loss 1.2788 | Train 0.7973 | Val 0.7739 | Test 0.5955
Run 00 | Epoch 00246 | Loss 1.2738 | Train 0.7975 | Val 0.7743 | Test 0.5957
Run 00 | Epoch 00247 | Loss 1.2765 | Train 0.7977 | Val 0.7744 | Test 0.5959
Run 00 | Epoch 00248 | Loss 1.2711 | Train 0.7979 | Val 0.7746 | Test 0.5961
Run 00 | Epoch 00249 | Loss 1.2712 | Train 0.7981 | Val 0.7748 | Test 0.5963
Run 00 | Epoch 00250 | Loss 1.2700 | Train 0.7984 | Val 0.7751 | Test 0.5965
Run 00 | Epoch 00251 | Loss 1.2657 | Train 0.7987 | Val 0.7752 | Test 0.5967
Run 00 | Epoch 00252 | Loss 1.2666 | Train 0.7989 | Val 0.7756 | Test 0.5970
Run 00 | Epoch 00253 | Loss 1.2653 | Train 0.7991 | Val 0.7757 | Test 0.5972
Run 00 | Epoch 00254 | Loss 1.2641 | Train 0.7992 | Val 0.7758 | Test 0.5974
Run 00 | Epoch 00255 | Loss 1.2600 | Train 0.7994 | Val 0.7761 | Test 0.5976
Run 00 | Epoch 00256 | Loss 1.2611 | Train 0.7996 | Val 0.7763 | Test 0.5978
Run 00 | Epoch 00257 | Loss 1.2605 | Train 0.7998 | Val 0.7765 | Test 0.5980
Run 00 | Epoch 00258 | Loss 1.2577 | Train 0.8000 | Val 0.7768 | Test 0.5982
Run 00 | Epoch 00259 | Loss 1.2544 | Train 0.8002 | Val 0.7771 | Test 0.5984
Run 00 | Epoch 00260 | Loss 1.2603 | Train 0.8004 | Val 0.7774 | Test 0.5986
Run 00 | Epoch 00261 | Loss 1.2550 | Train 0.8005 | Val 0.7776 | Test 0.5988
Run 00 | Epoch 00262 | Loss 1.2535 | Train 0.8008 | Val 0.7779 | Test 0.5990
Run 00 | Epoch 00263 | Loss 1.2498 | Train 0.8010 | Val 0.7780 | Test 0.5992
Run 00 | Epoch 00264 | Loss 1.2448 | Train 0.8012 | Val 0.7781 | Test 0.5995
Run 00 | Epoch 00265 | Loss 1.2491 | Train 0.8014 | Val 0.7783 | Test 0.5996
Run 00 | Epoch 00266 | Loss 1.2498 | Train 0.8016 | Val 0.7785 | Test 0.5998
Run 00 | Epoch 00267 | Loss 1.2438 | Train 0.8017 | Val 0.7787 | Test 0.6000
Run 00 | Epoch 00268 | Loss 1.2480 | Train 0.8020 | Val 0.7789 | Test 0.6002
Run 00 | Epoch 00269 | Loss 1.2442 | Train 0.8021 | Val 0.7791 | Test 0.6004
Run 00 | Epoch 00270 | Loss 1.2438 | Train 0.8023 | Val 0.7792 | Test 0.6006
Run 00 | Epoch 00271 | Loss 1.2444 | Train 0.8026 | Val 0.7793 | Test 0.6007
Run 00 | Epoch 00272 | Loss 1.2406 | Train 0.8027 | Val 0.7794 | Test 0.6009
Run 00 | Epoch 00273 | Loss 1.2374 | Train 0.8028 | Val 0.7795 | Test 0.6011
Run 00 | Epoch 00274 | Loss 1.2380 | Train 0.8030 | Val 0.7798 | Test 0.6013
Run 00 | Epoch 00275 | Loss 1.2390 | Train 0.8032 | Val 0.7801 | Test 0.6015
Run 00 | Epoch 00276 | Loss 1.2355 | Train 0.8033 | Val 0.7805 | Test 0.6016
Run 00 | Epoch 00277 | Loss 1.2369 | Train 0.8035 | Val 0.7807 | Test 0.6018
Run 00 | Epoch 00278 | Loss 1.2335 | Train 0.8037 | Val 0.7808 | Test 0.6020
Run 00 | Epoch 00279 | Loss 1.2312 | Train 0.8038 | Val 0.7810 | Test 0.6021
Run 00 | Epoch 00280 | Loss 1.2310 | Train 0.8039 | Val 0.7812 | Test 0.6023
Run 00 | Epoch 00281 | Loss 1.2336 | Train 0.8041 | Val 0.7813 | Test 0.6025
Run 00 | Epoch 00282 | Loss 1.2292 | Train 0.8042 | Val 0.7815 | Test 0.6026
Run 00 | Epoch 00283 | Loss 1.2294 | Train 0.8045 | Val 0.7816 | Test 0.6028
Run 00 | Epoch 00284 | Loss 1.2284 | Train 0.8046 | Val 0.7819 | Test 0.6030
Run 00 | Epoch 00285 | Loss 1.2274 | Train 0.8048 | Val 0.7820 | Test 0.6031
Run 00 | Epoch 00286 | Loss 1.2253 | Train 0.8049 | Val 0.7823 | Test 0.6033
Run 00 | Epoch 00287 | Loss 1.2212 | Train 0.8051 | Val 0.7824 | Test 0.6034
Run 00 | Epoch 00288 | Loss 1.2238 | Train 0.8052 | Val 0.7825 | Test 0.6036
Run 00 | Epoch 00289 | Loss 1.2168 | Train 0.8053 | Val 0.7827 | Test 0.6037
Run 00 | Epoch 00290 | Loss 1.2200 | Train 0.8055 | Val 0.7827 | Test 0.6039
Run 00 | Epoch 00291 | Loss 1.2185 | Train 0.8056 | Val 0.7828 | Test 0.6041
Run 00 | Epoch 00292 | Loss 1.2140 | Train 0.8059 | Val 0.7830 | Test 0.6043
Run 00 | Epoch 00293 | Loss 1.2177 | Train 0.8061 | Val 0.7833 | Test 0.6044
Run 00 | Epoch 00294 | Loss 1.2158 | Train 0.8062 | Val 0.7834 | Test 0.6046
Run 00 | Epoch 00295 | Loss 1.2077 | Train 0.8064 | Val 0.7836 | Test 0.6047
Run 00 | Epoch 00296 | Loss 1.2158 | Train 0.8066 | Val 0.7837 | Test 0.6049
Run 00 | Epoch 00297 | Loss 1.2142 | Train 0.8067 | Val 0.7839 | Test 0.6050
Run 00 | Epoch 00298 | Loss 1.2143 | Train 0.8068 | Val 0.7841 | Test 0.6052
Run 00 | Epoch 00299 | Loss 1.2109 | Train 0.8070 | Val 0.7842 | Test 0.6053
Run 00 | Epoch 00300 | Loss 1.2079 | Train 0.8071 | Val 0.7843 | Test 0.6055
Run 00 | Epoch 00301 | Loss 1.2104 | Train 0.8072 | Val 0.7845 | Test 0.6056
Run 00 | Epoch 00302 | Loss 1.2097 | Train 0.8073 | Val 0.7846 | Test 0.6057
Run 00 | Epoch 00303 | Loss 1.2073 | Train 0.8075 | Val 0.7846 | Test 0.6059
Run 00 | Epoch 00304 | Loss 1.2084 | Train 0.8076 | Val 0.7848 | Test 0.6061
Run 00 | Epoch 00305 | Loss 1.2049 | Train 0.8078 | Val 0.7849 | Test 0.6062
Run 00 | Epoch 00306 | Loss 1.2062 | Train 0.8079 | Val 0.7850 | Test 0.6064
Run 00 | Epoch 00307 | Loss 1.2037 | Train 0.8080 | Val 0.7852 | Test 0.6065
Run 00 | Epoch 00308 | Loss 1.1992 | Train 0.8081 | Val 0.7854 | Test 0.6067
Run 00 | Epoch 00309 | Loss 1.2013 | Train 0.8083 | Val 0.7857 | Test 0.6068
Run 00 | Epoch 00310 | Loss 1.2008 | Train 0.8084 | Val 0.7858 | Test 0.6069
Run 00 | Epoch 00311 | Loss 1.1989 | Train 0.8085 | Val 0.7860 | Test 0.6070
Run 00 | Epoch 00312 | Loss 1.1964 | Train 0.8086 | Val 0.7862 | Test 0.6072
Run 00 | Epoch 00313 | Loss 1.1942 | Train 0.8087 | Val 0.7862 | Test 0.6073
Run 00 | Epoch 00314 | Loss 1.1980 | Train 0.8089 | Val 0.7865 | Test 0.6074
Run 00 | Epoch 00315 | Loss 1.1965 | Train 0.8091 | Val 0.7866 | Test 0.6076
Run 00 | Epoch 00316 | Loss 1.1943 | Train 0.8091 | Val 0.7868 | Test 0.6077
Run 00 | Epoch 00317 | Loss 1.1955 | Train 0.8092 | Val 0.7869 | Test 0.6078
Run 00 | Epoch 00318 | Loss 1.1976 | Train 0.8094 | Val 0.7872 | Test 0.6079
Run 00 | Epoch 00319 | Loss 1.1941 | Train 0.8096 | Val 0.7876 | Test 0.6081
Run 00 | Epoch 00320 | Loss 1.1981 | Train 0.8097 | Val 0.7877 | Test 0.6082
Run 00 | Epoch 00321 | Loss 1.1880 | Train 0.8099 | Val 0.7877 | Test 0.6083
Run 00 | Epoch 00322 | Loss 1.1897 | Train 0.8100 | Val 0.7877 | Test 0.6084
Run 00 | Epoch 00323 | Loss 1.1882 | Train 0.8102 | Val 0.7877 | Test 0.6086
Run 00 | Epoch 00324 | Loss 1.1864 | Train 0.8102 | Val 0.7878 | Test 0.6087
Run 00 | Epoch 00325 | Loss 1.1858 | Train 0.8103 | Val 0.7879 | Test 0.6088
Run 00 | Epoch 00326 | Loss 1.1870 | Train 0.8104 | Val 0.7880 | Test 0.6090
Run 00 | Epoch 00327 | Loss 1.1874 | Train 0.8105 | Val 0.7884 | Test 0.6091
Run 00 | Epoch 00328 | Loss 1.1858 | Train 0.8106 | Val 0.7885 | Test 0.6092
Run 00 | Epoch 00329 | Loss 1.1831 | Train 0.8107 | Val 0.7887 | Test 0.6094
Run 00 | Epoch 00330 | Loss 1.1832 | Train 0.8109 | Val 0.7890 | Test 0.6095
Run 00 | Epoch 00331 | Loss 1.1806 | Train 0.8110 | Val 0.7891 | Test 0.6096
Run 00 | Epoch 00332 | Loss 1.1846 | Train 0.8111 | Val 0.7892 | Test 0.6097
Run 00 | Epoch 00333 | Loss 1.1818 | Train 0.8112 | Val 0.7894 | Test 0.6099
Run 00 | Epoch 00334 | Loss 1.1805 | Train 0.8114 | Val 0.7892 | Test 0.6100
Run 00 | Epoch 00335 | Loss 1.1808 | Train 0.8115 | Val 0.7894 | Test 0.6101
Run 00 | Epoch 00336 | Loss 1.1823 | Train 0.8116 | Val 0.7894 | Test 0.6102
Run 00 | Epoch 00337 | Loss 1.1768 | Train 0.8118 | Val 0.7896 | Test 0.6104
Run 00 | Epoch 00338 | Loss 1.1778 | Train 0.8119 | Val 0.7898 | Test 0.6105
Run 00 | Epoch 00339 | Loss 1.1763 | Train 0.8120 | Val 0.7897 | Test 0.6106
Run 00 | Epoch 00340 | Loss 1.1752 | Train 0.8121 | Val 0.7898 | Test 0.6107
Run 00 | Epoch 00341 | Loss 1.1745 | Train 0.8122 | Val 0.7900 | Test 0.6109
Run 00 | Epoch 00342 | Loss 1.1768 | Train 0.8123 | Val 0.7902 | Test 0.6110
Run 00 | Epoch 00343 | Loss 1.1754 | Train 0.8124 | Val 0.7903 | Test 0.6111
Run 00 | Epoch 00344 | Loss 1.1704 | Train 0.8125 | Val 0.7905 | Test 0.6112
Run 00 | Epoch 00345 | Loss 1.1730 | Train 0.8125 | Val 0.7905 | Test 0.6113
Run 00 | Epoch 00346 | Loss 1.1719 | Train 0.8127 | Val 0.7906 | Test 0.6115
Run 00 | Epoch 00347 | Loss 1.1716 | Train 0.8127 | Val 0.7907 | Test 0.6116
Run 00 | Epoch 00348 | Loss 1.1690 | Train 0.8129 | Val 0.7909 | Test 0.6117
Run 00 | Epoch 00349 | Loss 1.1670 | Train 0.8130 | Val 0.7911 | Test 0.6118
Run 00 | Epoch 00350 | Loss 1.1714 | Train 0.8131 | Val 0.7912 | Test 0.6119
Run 00 | Epoch 00351 | Loss 1.1678 | Train 0.8132 | Val 0.7913 | Test 0.6120
Run 00 | Epoch 00352 | Loss 1.1639 | Train 0.8132 | Val 0.7914 | Test 0.6121
Run 00 | Epoch 00353 | Loss 1.1672 | Train 0.8134 | Val 0.7914 | Test 0.6122
Run 00 | Epoch 00354 | Loss 1.1679 | Train 0.8135 | Val 0.7917 | Test 0.6123
Run 00 | Epoch 00355 | Loss 1.1664 | Train 0.8136 | Val 0.7918 | Test 0.6124
Run 00 | Epoch 00356 | Loss 1.1635 | Train 0.8137 | Val 0.7921 | Test 0.6125
Run 00 | Epoch 00357 | Loss 1.1644 | Train 0.8138 | Val 0.7922 | Test 0.6126
Run 00 | Epoch 00358 | Loss 1.1642 | Train 0.8139 | Val 0.7924 | Test 0.6126
Run 00 | Epoch 00359 | Loss 1.1601 | Train 0.8140 | Val 0.7926 | Test 0.6127
Run 00 | Epoch 00360 | Loss 1.1654 | Train 0.8140 | Val 0.7926 | Test 0.6128
Run 00 | Epoch 00361 | Loss 1.1565 | Train 0.8141 | Val 0.7927 | Test 0.6128
Run 00 | Epoch 00362 | Loss 1.1574 | Train 0.8142 | Val 0.7927 | Test 0.6129
Run 00 | Epoch 00363 | Loss 1.1592 | Train 0.8143 | Val 0.7929 | Test 0.6130
Run 00 | Epoch 00364 | Loss 1.1589 | Train 0.8143 | Val 0.7930 | Test 0.6131
Run 00 | Epoch 00365 | Loss 1.1594 | Train 0.8144 | Val 0.7931 | Test 0.6131
Run 00 | Epoch 00366 | Loss 1.1573 | Train 0.8145 | Val 0.7931 | Test 0.6132
Run 00 | Epoch 00367 | Loss 1.1559 | Train 0.8145 | Val 0.7934 | Test 0.6133
Run 00 | Epoch 00368 | Loss 1.1574 | Train 0.8146 | Val 0.7934 | Test 0.6133
Run 00 | Epoch 00369 | Loss 1.1538 | Train 0.8147 | Val 0.7936 | Test 0.6134
Run 00 | Epoch 00370 | Loss 1.1539 | Train 0.8148 | Val 0.7937 | Test 0.6135
Run 00 | Epoch 00371 | Loss 1.1540 | Train 0.8149 | Val 0.7939 | Test 0.6136
Run 00 | Epoch 00372 | Loss 1.1535 | Train 0.8150 | Val 0.7939 | Test 0.6137
Run 00 | Epoch 00373 | Loss 1.1535 | Train 0.8151 | Val 0.7940 | Test 0.6138
Run 00 | Epoch 00374 | Loss 1.1536 | Train 0.8153 | Val 0.7943 | Test 0.6139
Run 00 | Epoch 00375 | Loss 1.1492 | Train 0.8154 | Val 0.7944 | Test 0.6140
Run 00 | Epoch 00376 | Loss 1.1532 | Train 0.8156 | Val 0.7944 | Test 0.6141
Run 00 | Epoch 00377 | Loss 1.1490 | Train 0.8156 | Val 0.7945 | Test 0.6142
Run 00 | Epoch 00378 | Loss 1.1521 | Train 0.8157 | Val 0.7945 | Test 0.6143
Run 00 | Epoch 00379 | Loss 1.1502 | Train 0.8158 | Val 0.7944 | Test 0.6144
Run 00 | Epoch 00380 | Loss 1.1475 | Train 0.8159 | Val 0.7945 | Test 0.6145
Run 00 | Epoch 00381 | Loss 1.1469 | Train 0.8161 | Val 0.7946 | Test 0.6146
Run 00 | Epoch 00382 | Loss 1.1495 | Train 0.8161 | Val 0.7947 | Test 0.6147
Run 00 | Epoch 00383 | Loss 1.1458 | Train 0.8162 | Val 0.7948 | Test 0.6148
Run 00 | Epoch 00384 | Loss 1.1436 | Train 0.8163 | Val 0.7951 | Test 0.6149
Run 00 | Epoch 00385 | Loss 1.1442 | Train 0.8164 | Val 0.7953 | Test 0.6150
Run 00 | Epoch 00386 | Loss 1.1432 | Train 0.8165 | Val 0.7953 | Test 0.6151
Run 00 | Epoch 00387 | Loss 1.1435 | Train 0.8165 | Val 0.7954 | Test 0.6152
Run 00 | Epoch 00388 | Loss 1.1457 | Train 0.8167 | Val 0.7955 | Test 0.6153
Run 00 | Epoch 00389 | Loss 1.1449 | Train 0.8167 | Val 0.7955 | Test 0.6154
Run 00 | Epoch 00390 | Loss 1.1382 | Train 0.8168 | Val 0.7957 | Test 0.6155
Run 00 | Epoch 00391 | Loss 1.1410 | Train 0.8169 | Val 0.7958 | Test 0.6156
Run 00 | Epoch 00392 | Loss 1.1409 | Train 0.8170 | Val 0.7959 | Test 0.6157
Run 00 | Epoch 00393 | Loss 1.1416 | Train 0.8170 | Val 0.7959 | Test 0.6158
Run 00 | Epoch 00394 | Loss 1.1437 | Train 0.8171 | Val 0.7960 | Test 0.6158
Run 00 | Epoch 00395 | Loss 1.1417 | Train 0.8171 | Val 0.7961 | Test 0.6159
Run 00 | Epoch 00396 | Loss 1.1365 | Train 0.8172 | Val 0.7961 | Test 0.6160
Run 00 | Epoch 00397 | Loss 1.1413 | Train 0.8173 | Val 0.7962 | Test 0.6161
Run 00 | Epoch 00398 | Loss 1.1410 | Train 0.8174 | Val 0.7963 | Test 0.6162
Run 00 | Epoch 00399 | Loss 1.1333 | Train 0.8174 | Val 0.7964 | Test 0.6163
Run 00 | Epoch 00400 | Loss 1.1346 | Train 0.8175 | Val 0.7965 | Test 0.6164
Run 00 | Epoch 00401 | Loss 1.1354 | Train 0.8176 | Val 0.7966 | Test 0.6165
Run 00 | Epoch 00402 | Loss 1.1350 | Train 0.8176 | Val 0.7967 | Test 0.6166
Run 00 | Epoch 00403 | Loss 1.1376 | Train 0.8177 | Val 0.7967 | Test 0.6167
Run 00 | Epoch 00404 | Loss 1.1330 | Train 0.8179 | Val 0.7967 | Test 0.6167
Run 00 | Epoch 00405 | Loss 1.1347 | Train 0.8179 | Val 0.7969 | Test 0.6168
Run 00 | Epoch 00406 | Loss 1.1368 | Train 0.8180 | Val 0.7969 | Test 0.6169
Run 00 | Epoch 00407 | Loss 1.1324 | Train 0.8181 | Val 0.7971 | Test 0.6170
Run 00 | Epoch 00408 | Loss 1.1301 | Train 0.8181 | Val 0.7971 | Test 0.6170
Run 00 | Epoch 00409 | Loss 1.1327 | Train 0.8182 | Val 0.7971 | Test 0.6171
Run 00 | Epoch 00410 | Loss 1.1302 | Train 0.8183 | Val 0.7972 | Test 0.6172
Run 00 | Epoch 00411 | Loss 1.1368 | Train 0.8184 | Val 0.7972 | Test 0.6173
Run 00 | Epoch 00412 | Loss 1.1275 | Train 0.8185 | Val 0.7974 | Test 0.6174
Run 00 | Epoch 00413 | Loss 1.1297 | Train 0.8185 | Val 0.7975 | Test 0.6175
Run 00 | Epoch 00414 | Loss 1.1290 | Train 0.8186 | Val 0.7975 | Test 0.6176
Run 00 | Epoch 00415 | Loss 1.1276 | Train 0.8186 | Val 0.7975 | Test 0.6177
Run 00 | Epoch 00416 | Loss 1.1273 | Train 0.8187 | Val 0.7977 | Test 0.6177
Run 00 | Epoch 00417 | Loss 1.1244 | Train 0.8188 | Val 0.7978 | Test 0.6178
Run 00 | Epoch 00418 | Loss 1.1274 | Train 0.8188 | Val 0.7978 | Test 0.6179
Run 00 | Epoch 00419 | Loss 1.1257 | Train 0.8188 | Val 0.7979 | Test 0.6180
Run 00 | Epoch 00420 | Loss 1.1261 | Train 0.8189 | Val 0.7979 | Test 0.6180
Run 00 | Epoch 00421 | Loss 1.1290 | Train 0.8189 | Val 0.7980 | Test 0.6181
Run 00 | Epoch 00422 | Loss 1.1265 | Train 0.8190 | Val 0.7981 | Test 0.6182
Run 00 | Epoch 00423 | Loss 1.1268 | Train 0.8191 | Val 0.7982 | Test 0.6183
Run 00 | Epoch 00424 | Loss 1.1233 | Train 0.8192 | Val 0.7982 | Test 0.6183
Run 00 | Epoch 00425 | Loss 1.1265 | Train 0.8193 | Val 0.7982 | Test 0.6184
Run 00 | Epoch 00426 | Loss 1.1245 | Train 0.8193 | Val 0.7982 | Test 0.6185
Run 00 | Epoch 00427 | Loss 1.1219 | Train 0.8193 | Val 0.7983 | Test 0.6186
Run 00 | Epoch 00428 | Loss 1.1186 | Train 0.8194 | Val 0.7984 | Test 0.6187
Run 00 | Epoch 00429 | Loss 1.1270 | Train 0.8195 | Val 0.7984 | Test 0.6187
Run 00 | Epoch 00430 | Loss 1.1221 | Train 0.8196 | Val 0.7985 | Test 0.6188
Run 00 | Epoch 00431 | Loss 1.1206 | Train 0.8197 | Val 0.7988 | Test 0.6189
Run 00 | Epoch 00432 | Loss 1.1186 | Train 0.8198 | Val 0.7989 | Test 0.6189
Run 00 | Epoch 00433 | Loss 1.1209 | Train 0.8198 | Val 0.7989 | Test 0.6190
Run 00 | Epoch 00434 | Loss 1.1228 | Train 0.8199 | Val 0.7990 | Test 0.6191
Run 00 | Epoch 00435 | Loss 1.1227 | Train 0.8198 | Val 0.7991 | Test 0.6192
Run 00 | Epoch 00436 | Loss 1.1199 | Train 0.8199 | Val 0.7992 | Test 0.6192
Run 00 | Epoch 00437 | Loss 1.1175 | Train 0.8200 | Val 0.7993 | Test 0.6193
Run 00 | Epoch 00438 | Loss 1.1204 | Train 0.8201 | Val 0.7993 | Test 0.6194
Run 00 | Epoch 00439 | Loss 1.1168 | Train 0.8201 | Val 0.7994 | Test 0.6194
Run 00 | Epoch 00440 | Loss 1.1169 | Train 0.8201 | Val 0.7995 | Test 0.6195
Run 00 | Epoch 00441 | Loss 1.1200 | Train 0.8202 | Val 0.7997 | Test 0.6196
Run 00 | Epoch 00442 | Loss 1.1149 | Train 0.8202 | Val 0.7998 | Test 0.6196
Run 00 | Epoch 00443 | Loss 1.1195 | Train 0.8203 | Val 0.7998 | Test 0.6197
Run 00 | Epoch 00444 | Loss 1.1165 | Train 0.8204 | Val 0.7998 | Test 0.6197
Run 00 | Epoch 00445 | Loss 1.1153 | Train 0.8204 | Val 0.8000 | Test 0.6198
Run 00 | Epoch 00446 | Loss 1.1172 | Train 0.8205 | Val 0.8000 | Test 0.6199
Run 00 | Epoch 00447 | Loss 1.1130 | Train 0.8205 | Val 0.8001 | Test 0.6200
Run 00 | Epoch 00448 | Loss 1.1114 | Train 0.8206 | Val 0.8000 | Test 0.6200
Run 00 | Epoch 00449 | Loss 1.1149 | Train 0.8206 | Val 0.8000 | Test 0.6201
Run 00 | Epoch 00450 | Loss 1.1153 | Train 0.8207 | Val 0.8001 | Test 0.6201
Run 00 | Epoch 00451 | Loss 1.1131 | Train 0.8207 | Val 0.8003 | Test 0.6202
Run 00 | Epoch 00452 | Loss 1.1140 | Train 0.8208 | Val 0.8003 | Test 0.6202
Run 00 | Epoch 00453 | Loss 1.1102 | Train 0.8209 | Val 0.8004 | Test 0.6203
Run 00 | Epoch 00454 | Loss 1.1135 | Train 0.8210 | Val 0.8005 | Test 0.6204
Run 00 | Epoch 00455 | Loss 1.1119 | Train 0.8210 | Val 0.8006 | Test 0.6204
Run 00 | Epoch 00456 | Loss 1.1142 | Train 0.8210 | Val 0.8006 | Test 0.6204
Run 00 | Epoch 00457 | Loss 1.1080 | Train 0.8210 | Val 0.8008 | Test 0.6205
Run 00 | Epoch 00458 | Loss 1.1098 | Train 0.8211 | Val 0.8008 | Test 0.6205
Run 00 | Epoch 00459 | Loss 1.1101 | Train 0.8211 | Val 0.8008 | Test 0.6206
Run 00 | Epoch 00460 | Loss 1.1103 | Train 0.8212 | Val 0.8008 | Test 0.6207
Run 00 | Epoch 00461 | Loss 1.1094 | Train 0.8212 | Val 0.8008 | Test 0.6208
Run 00 | Epoch 00462 | Loss 1.1056 | Train 0.8214 | Val 0.8009 | Test 0.6208
Run 00 | Epoch 00463 | Loss 1.1046 | Train 0.8216 | Val 0.8008 | Test 0.6209
Run 00 | Epoch 00464 | Loss 1.1090 | Train 0.8216 | Val 0.8008 | Test 0.6209
Run 00 | Epoch 00465 | Loss 1.1080 | Train 0.8217 | Val 0.8009 | Test 0.6210
Run 00 | Epoch 00466 | Loss 1.1049 | Train 0.8218 | Val 0.8009 | Test 0.6210
Run 00 | Epoch 00467 | Loss 1.1075 | Train 0.8219 | Val 0.8012 | Test 0.6211
Run 00 | Epoch 00468 | Loss 1.1041 | Train 0.8219 | Val 0.8012 | Test 0.6212
Run 00 | Epoch 00469 | Loss 1.1060 | Train 0.8219 | Val 0.8013 | Test 0.6212
Run 00 | Epoch 00470 | Loss 1.1050 | Train 0.8220 | Val 0.8012 | Test 0.6213
Run 00 | Epoch 00471 | Loss 1.1014 | Train 0.8221 | Val 0.8012 | Test 0.6213
Run 00 | Epoch 00472 | Loss 1.1056 | Train 0.8221 | Val 0.8013 | Test 0.6214
Run 00 | Epoch 00473 | Loss 1.1049 | Train 0.8221 | Val 0.8014 | Test 0.6214
Run 00 | Epoch 00474 | Loss 1.1058 | Train 0.8222 | Val 0.8014 | Test 0.6215
Run 00 | Epoch 00475 | Loss 1.0977 | Train 0.8222 | Val 0.8015 | Test 0.6215
Run 00 | Epoch 00476 | Loss 1.1033 | Train 0.8223 | Val 0.8016 | Test 0.6215
Run 00 | Epoch 00477 | Loss 1.1020 | Train 0.8223 | Val 0.8017 | Test 0.6216
Run 00 | Epoch 00478 | Loss 1.1070 | Train 0.8223 | Val 0.8017 | Test 0.6216
Run 00 | Epoch 00479 | Loss 1.1025 | Train 0.8224 | Val 0.8017 | Test 0.6216
Run 00 | Epoch 00480 | Loss 1.1016 | Train 0.8224 | Val 0.8017 | Test 0.6217
Run 00 | Epoch 00481 | Loss 1.0984 | Train 0.8224 | Val 0.8017 | Test 0.6217
Run 00 | Epoch 00482 | Loss 1.1024 | Train 0.8225 | Val 0.8018 | Test 0.6218
Run 00 | Epoch 00483 | Loss 1.1037 | Train 0.8225 | Val 0.8018 | Test 0.6218
Run 00 | Epoch 00484 | Loss 1.0991 | Train 0.8225 | Val 0.8018 | Test 0.6218
Run 00 | Epoch 00485 | Loss 1.0974 | Train 0.8226 | Val 0.8018 | Test 0.6219
Run 00 | Epoch 00486 | Loss 1.1031 | Train 0.8226 | Val 0.8019 | Test 0.6220
Run 00 | Epoch 00487 | Loss 1.0995 | Train 0.8226 | Val 0.8020 | Test 0.6220
Run 00 | Epoch 00488 | Loss 1.0974 | Train 0.8225 | Val 0.8021 | Test 0.6221
Run 00 | Epoch 00489 | Loss 1.0981 | Train 0.8225 | Val 0.8022 | Test 0.6221
Run 00 | Epoch 00490 | Loss 1.0982 | Train 0.8228 | Val 0.8022 | Test 0.6222
Run 00 | Epoch 00491 | Loss 1.0979 | Train 0.8229 | Val 0.8022 | Test 0.6222
Run 00 | Epoch 00492 | Loss 1.0955 | Train 0.8230 | Val 0.8022 | Test 0.6223
Run 00 | Epoch 00493 | Loss 1.0926 | Train 0.8230 | Val 0.8023 | Test 0.6223
Run 00 | Epoch 00494 | Loss 1.0957 | Train 0.8231 | Val 0.8025 | Test 0.6224
Run 00 | Epoch 00495 | Loss 1.0957 | Train 0.8232 | Val 0.8026 | Test 0.6224
Run 00 | Epoch 00496 | Loss 1.0929 | Train 0.8232 | Val 0.8026 | Test 0.6225
Run 00 | Epoch 00497 | Loss 1.0975 | Train 0.8232 | Val 0.8027 | Test 0.6225
Run 00 | Epoch 00498 | Loss 1.0917 | Train 0.8233 | Val 0.8028 | Test 0.6226
Run 00 | Epoch 00499 | Loss 1.0942 | Train 0.8233 | Val 0.8028 | Test 0.6226
The number of model layers:  1
Run 01:
Highest Train: 82.33
Highest Valid: 80.28
  Final Train: 82.33
   Final Test: 62.26
The number of model layers:  1
 
All runs:
Highest Train: 82.33 ± nan
Highest Valid: 80.28 ± nan
  Final Train: 82.33 ± nan
   Final Test: 62.26 ± nan
