main start at this time 1666029218.0691545
-----------------------------------------before load data 
 Nvidia-smi: 0.30712890625 GB
    Memory Allocated: 0.0  GigaBytes
Max Memory Allocated: 0.0  GigaBytes

#nodes: 2449029
#edges: 123718024
#classes: 47
success----------------------------------------
196571
39255
2164782
# Nodes: 2400608
# Edges: 123718024
# Train: 196571
# Val: 39255
# Test: 2164782
# Classes: 47

in feats:  100
========    -------- the batch size current is  12289
Run 00 | Epoch 00000 | Loss 3.5464 | Train 0.0886 | Val 0.0837 | Test 0.0702
Run 00 | Epoch 00001 | Loss 2.6349 | Train 0.2581 | Val 0.2477 | Test 0.1805
Run 00 | Epoch 00002 | Loss 2.1717 | Train 0.4074 | Val 0.3971 | Test 0.2889
Run 00 | Epoch 00003 | Loss 1.7878 | Train 0.5177 | Val 0.5067 | Test 0.3706
Run 00 | Epoch 00004 | Loss 1.5007 | Train 0.5839 | Val 0.5737 | Test 0.4278
Run 00 | Epoch 00005 | Loss 1.2188 | Train 0.6109 | Val 0.6028 | Test 0.4564
Run 00 | Epoch 00006 | Loss 1.0541 | Train 0.6313 | Val 0.6242 | Test 0.4777
Run 00 | Epoch 00007 | Loss 0.9497 | Train 0.6517 | Val 0.6478 | Test 0.4966
Run 00 | Epoch 00008 | Loss 0.8575 | Train 0.6692 | Val 0.6662 | Test 0.5123
Run 00 | Epoch 00009 | Loss 0.7974 | Train 0.6830 | Val 0.6785 | Test 0.5238
Run 00 | Epoch 00010 | Loss 0.7255 | Train 0.6909 | Val 0.6856 | Test 0.5306
Run 00 | Epoch 00011 | Loss 0.7116 | Train 0.7000 | Val 0.6945 | Test 0.5374
Run 00 | Epoch 00012 | Loss 0.6651 | Train 0.7087 | Val 0.7040 | Test 0.5438
Run 00 | Epoch 00013 | Loss 0.6551 | Train 0.7145 | Val 0.7098 | Test 0.5486
Run 00 | Epoch 00014 | Loss 0.6201 | Train 0.7152 | Val 0.7103 | Test 0.5497
Run 00 | Epoch 00015 | Loss 0.6149 | Train 0.7166 | Val 0.7130 | Test 0.5517
Run 00 | Epoch 00016 | Loss 0.5983 | Train 0.7196 | Val 0.7157 | Test 0.5545
Run 00 | Epoch 00017 | Loss 0.5683 | Train 0.7214 | Val 0.7190 | Test 0.5571
Run 00 | Epoch 00018 | Loss 0.5734 | Train 0.7217 | Val 0.7191 | Test 0.5578
Run 00 | Epoch 00019 | Loss 0.5627 | Train 0.7217 | Val 0.7187 | Test 0.5579
Run 00 | Epoch 00020 | Loss 0.5720 | Train 0.7207 | Val 0.7182 | Test 0.5578
Run 00 | Epoch 00021 | Loss 0.5606 | Train 0.7182 | Val 0.7151 | Test 0.5566
Run 00 | Epoch 00022 | Loss 0.5556 | Train 0.7160 | Val 0.7128 | Test 0.5561
Run 00 | Epoch 00023 | Loss 0.5295 | Train 0.7108 | Val 0.7073 | Test 0.5524
Run 00 | Epoch 00024 | Loss 0.5315 | Train 0.7128 | Val 0.7089 | Test 0.5544
Run 00 | Epoch 00025 | Loss 0.5279 | Train 0.7129 | Val 0.7099 | Test 0.5553
Run 00 | Epoch 00026 | Loss 0.5155 | Train 0.7101 | Val 0.7064 | Test 0.5528
Run 00 | Epoch 00027 | Loss 0.5174 | Train 0.7084 | Val 0.7043 | Test 0.5529
Run 00 | Epoch 00028 | Loss 0.5062 | Train 0.7075 | Val 0.7032 | Test 0.5526
Run 00 | Epoch 00029 | Loss 0.5010 | Train 0.7080 | Val 0.7035 | Test 0.5524
Run 00 | Epoch 00030 | Loss 0.5063 | Train 0.7042 | Val 0.6981 | Test 0.5497
Run 00 | Epoch 00031 | Loss 0.4927 | Train 0.7028 | Val 0.6974 | Test 0.5488
Run 00 | Epoch 00032 | Loss 0.5011 | Train 0.7032 | Val 0.6978 | Test 0.5495
Run 00 | Epoch 00033 | Loss 0.4997 | Train 0.6986 | Val 0.6922 | Test 0.5465
Run 00 | Epoch 00034 | Loss 0.5129 | Train 0.6982 | Val 0.6924 | Test 0.5475
Run 00 | Epoch 00035 | Loss 0.4806 | Train 0.6997 | Val 0.6939 | Test 0.5483
Run 00 | Epoch 00036 | Loss 0.5047 | Train 0.6918 | Val 0.6863 | Test 0.5425
Run 00 | Epoch 00037 | Loss 0.4768 | Train 0.6936 | Val 0.6875 | Test 0.5449
Run 00 | Epoch 00038 | Loss 0.4726 | Train 0.6906 | Val 0.6849 | Test 0.5419
Run 00 | Epoch 00039 | Loss 0.4912 | Train 0.6910 | Val 0.6847 | Test 0.5422
Run 00 | Epoch 00040 | Loss 0.4780 | Train 0.6898 | Val 0.6839 | Test 0.5424
Run 00 | Epoch 00041 | Loss 0.4747 | Train 0.6934 | Val 0.6863 | Test 0.5456
Run 00 | Epoch 00042 | Loss 0.5052 | Train 0.6906 | Val 0.6834 | Test 0.5429
Run 00 | Epoch 00043 | Loss 0.4687 | Train 0.6878 | Val 0.6810 | Test 0.5401
Run 00 | Epoch 00044 | Loss 0.4845 | Train 0.6832 | Val 0.6769 | Test 0.5380
Run 00 | Epoch 00045 | Loss 0.4705 | Train 0.6833 | Val 0.6765 | Test 0.5377
Run 00 | Epoch 00046 | Loss 0.4611 | Train 0.6850 | Val 0.6781 | Test 0.5395
Run 00 | Epoch 00047 | Loss 0.4577 | Train 0.6836 | Val 0.6765 | Test 0.5385
Run 00 | Epoch 00048 | Loss 0.4477 | Train 0.6886 | Val 0.6821 | Test 0.5430
Run 00 | Epoch 00049 | Loss 0.4585 | Train 0.6869 | Val 0.6798 | Test 0.5422
Run 00 | Epoch 00050 | Loss 0.4636 | Train 0.6872 | Val 0.6798 | Test 0.5427
Run 00 | Epoch 00051 | Loss 0.4511 | Train 0.6872 | Val 0.6801 | Test 0.5419
Run 00 | Epoch 00052 | Loss 0.4699 | Train 0.6896 | Val 0.6827 | Test 0.5443
Run 00 | Epoch 00053 | Loss 0.4596 | Train 0.6862 | Val 0.6786 | Test 0.5407
Run 00 | Epoch 00054 | Loss 0.4585 | Train 0.6853 | Val 0.6777 | Test 0.5406
Run 00 | Epoch 00055 | Loss 0.4456 | Train 0.6855 | Val 0.6791 | Test 0.5419
Run 00 | Epoch 00056 | Loss 0.4427 | Train 0.6820 | Val 0.6751 | Test 0.5383
Run 00 | Epoch 00057 | Loss 0.4594 | Train 0.6841 | Val 0.6771 | Test 0.5395
Run 00 | Epoch 00058 | Loss 0.4487 | Train 0.6862 | Val 0.6804 | Test 0.5417
Run 00 | Epoch 00059 | Loss 0.4557 | Train 0.6861 | Val 0.6798 | Test 0.5431
Run 00 | Epoch 00060 | Loss 0.4300 | Train 0.6872 | Val 0.6806 | Test 0.5425
Run 00 | Epoch 00061 | Loss 0.4559 | Train 0.6882 | Val 0.6817 | Test 0.5434
Run 00 | Epoch 00062 | Loss 0.4395 | Train 0.6863 | Val 0.6785 | Test 0.5415
Run 00 | Epoch 00063 | Loss 0.4570 | Train 0.6854 | Val 0.6778 | Test 0.5421
Run 00 | Epoch 00064 | Loss 0.4532 | Train 0.6831 | Val 0.6749 | Test 0.5392
Run 00 | Epoch 00065 | Loss 0.4436 | Train 0.6874 | Val 0.6805 | Test 0.5435
Run 00 | Epoch 00066 | Loss 0.4428 | Train 0.6831 | Val 0.6767 | Test 0.5403
Run 00 | Epoch 00067 | Loss 0.4612 | Train 0.6805 | Val 0.6711 | Test 0.5378
Run 00 | Epoch 00068 | Loss 0.4417 | Train 0.6770 | Val 0.6692 | Test 0.5379
Run 00 | Epoch 00069 | Loss 0.4413 | Train 0.6792 | Val 0.6709 | Test 0.5371
Run 00 | Epoch 00070 | Loss 0.4432 | Train 0.6810 | Val 0.6727 | Test 0.5393
Run 00 | Epoch 00071 | Loss 0.4386 | Train 0.6834 | Val 0.6754 | Test 0.5416
Run 00 | Epoch 00072 | Loss 0.4523 | Train 0.6797 | Val 0.6717 | Test 0.5396
Run 00 | Epoch 00073 | Loss 0.4255 | Train 0.6835 | Val 0.6763 | Test 0.5408
Run 00 | Epoch 00074 | Loss 0.4461 | Train 0.6827 | Val 0.6766 | Test 0.5424
Run 00 | Epoch 00075 | Loss 0.4469 | Train 0.6787 | Val 0.6705 | Test 0.5380
Run 00 | Epoch 00076 | Loss 0.4229 | Train 0.6798 | Val 0.6722 | Test 0.5380
Run 00 | Epoch 00077 | Loss 0.4412 | Train 0.6800 | Val 0.6726 | Test 0.5393
Run 00 | Epoch 00078 | Loss 0.4406 | Train 0.6813 | Val 0.6738 | Test 0.5412
Run 00 | Epoch 00079 | Loss 0.4193 | Train 0.6770 | Val 0.6672 | Test 0.5362
Run 00 | Epoch 00080 | Loss 0.4640 | Train 0.6780 | Val 0.6702 | Test 0.5382
Run 00 | Epoch 00081 | Loss 0.4482 | Train 0.6814 | Val 0.6742 | Test 0.5415
Run 00 | Epoch 00082 | Loss 0.4374 | Train 0.6793 | Val 0.6714 | Test 0.5388
Run 00 | Epoch 00083 | Loss 0.4319 | Train 0.6814 | Val 0.6740 | Test 0.5420
Run 00 | Epoch 00084 | Loss 0.4470 | Train 0.6807 | Val 0.6735 | Test 0.5418
Run 00 | Epoch 00085 | Loss 0.4449 | Train 0.6790 | Val 0.6725 | Test 0.5422
Run 00 | Epoch 00086 | Loss 0.4286 | Train 0.6784 | Val 0.6710 | Test 0.5416
Run 00 | Epoch 00087 | Loss 0.4365 | Train 0.6811 | Val 0.6732 | Test 0.5430
Run 00 | Epoch 00088 | Loss 0.4331 | Train 0.6801 | Val 0.6739 | Test 0.5435
Run 00 | Epoch 00089 | Loss 0.4175 | Train 0.6780 | Val 0.6702 | Test 0.5399
Run 00 | Epoch 00090 | Loss 0.4468 | Train 0.6753 | Val 0.6692 | Test 0.5394
Run 00 | Epoch 00091 | Loss 0.4395 | Train 0.6761 | Val 0.6692 | Test 0.5403
Run 00 | Epoch 00092 | Loss 0.4159 | Train 0.6756 | Val 0.6695 | Test 0.5384
Run 00 | Epoch 00093 | Loss 0.4273 | Train 0.6741 | Val 0.6671 | Test 0.5383
Run 00 | Epoch 00094 | Loss 0.4161 | Train 0.6759 | Val 0.6680 | Test 0.5396
Run 00 | Epoch 00095 | Loss 0.4244 | Train 0.6741 | Val 0.6663 | Test 0.5388
Run 00 | Epoch 00096 | Loss 0.4289 | Train 0.6716 | Val 0.6635 | Test 0.5353
Run 00 | Epoch 00097 | Loss 0.4336 | Train 0.6709 | Val 0.6640 | Test 0.5386
Run 00 | Epoch 00098 | Loss 0.4355 | Train 0.6733 | Val 0.6663 | Test 0.5375
Run 00 | Epoch 00099 | Loss 0.4198 | Train 0.6712 | Val 0.6656 | Test 0.5374
Run 00 | Epoch 00100 | Loss 0.4309 | Train 0.6717 | Val 0.6654 | Test 0.5383
Run 00 | Epoch 00101 | Loss 0.4345 | Train 0.6728 | Val 0.6649 | Test 0.5399
Run 00 | Epoch 00102 | Loss 0.4222 | Train 0.6715 | Val 0.6635 | Test 0.5379
Run 00 | Epoch 00103 | Loss 0.4419 | Train 0.6724 | Val 0.6657 | Test 0.5412
Run 00 | Epoch 00104 | Loss 0.4262 | Train 0.6709 | Val 0.6631 | Test 0.5407
Run 00 | Epoch 00105 | Loss 0.4136 | Train 0.6740 | Val 0.6682 | Test 0.5424
Run 00 | Epoch 00106 | Loss 0.4363 | Train 0.6695 | Val 0.6631 | Test 0.5380
Run 00 | Epoch 00107 | Loss 0.4239 | Train 0.6705 | Val 0.6628 | Test 0.5362
Run 00 | Epoch 00108 | Loss 0.4277 | Train 0.6708 | Val 0.6630 | Test 0.5398
Run 00 | Epoch 00109 | Loss 0.4400 | Train 0.6669 | Val 0.6603 | Test 0.5358
Run 00 | Epoch 00110 | Loss 0.4186 | Train 0.6695 | Val 0.6622 | Test 0.5374
Run 00 | Epoch 00111 | Loss 0.4242 | Train 0.6718 | Val 0.6638 | Test 0.5391
Run 00 | Epoch 00112 | Loss 0.4119 | Train 0.6725 | Val 0.6641 | Test 0.5421
Run 00 | Epoch 00113 | Loss 0.4282 | Train 0.6701 | Val 0.6611 | Test 0.5383
Run 00 | Epoch 00114 | Loss 0.4221 | Train 0.6734 | Val 0.6645 | Test 0.5397
Run 00 | Epoch 00115 | Loss 0.4172 | Train 0.6724 | Val 0.6637 | Test 0.5397
Run 00 | Epoch 00116 | Loss 0.4132 | Train 0.6651 | Val 0.6569 | Test 0.5359
Run 00 | Epoch 00117 | Loss 0.4322 | Train 0.6696 | Val 0.6627 | Test 0.5410
Run 00 | Epoch 00118 | Loss 0.4089 | Train 0.6722 | Val 0.6648 | Test 0.5419
Run 00 | Epoch 00119 | Loss 0.4071 | Train 0.6746 | Val 0.6682 | Test 0.5464
Run 00 | Epoch 00120 | Loss 0.4144 | Train 0.6717 | Val 0.6648 | Test 0.5420
Run 00 | Epoch 00121 | Loss 0.4335 | Train 0.6749 | Val 0.6680 | Test 0.5466
Run 00 | Epoch 00122 | Loss 0.4206 | Train 0.6725 | Val 0.6652 | Test 0.5463
Run 00 | Epoch 00123 | Loss 0.4220 | Train 0.6739 | Val 0.6682 | Test 0.5490
Run 00 | Epoch 00124 | Loss 0.4201 | Train 0.6685 | Val 0.6625 | Test 0.5439
Run 00 | Epoch 00125 | Loss 0.4164 | Train 0.6709 | Val 0.6646 | Test 0.5445
Run 00 | Epoch 00126 | Loss 0.4219 | Train 0.6688 | Val 0.6638 | Test 0.5450
Run 00 | Epoch 00127 | Loss 0.4168 | Train 0.6698 | Val 0.6634 | Test 0.5449
Run 00 | Epoch 00128 | Loss 0.4045 | Train 0.6681 | Val 0.6608 | Test 0.5407
Run 00 | Epoch 00129 | Loss 0.4127 | Train 0.6701 | Val 0.6637 | Test 0.5449
Run 00 | Epoch 00130 | Loss 0.4191 | Train 0.6738 | Val 0.6674 | Test 0.5484
Run 00 | Epoch 00131 | Loss 0.4234 | Train 0.6698 | Val 0.6635 | Test 0.5444
Run 00 | Epoch 00132 | Loss 0.4029 | Train 0.6688 | Val 0.6627 | Test 0.5449
Run 00 | Epoch 00133 | Loss 0.4076 | Train 0.6609 | Val 0.6534 | Test 0.5374
Run 00 | Epoch 00134 | Loss 0.4220 | Train 0.6624 | Val 0.6559 | Test 0.5400
Run 00 | Epoch 00135 | Loss 0.4132 | Train 0.6671 | Val 0.6605 | Test 0.5428
Run 00 | Epoch 00136 | Loss 0.4125 | Train 0.6655 | Val 0.6592 | Test 0.5436
Run 00 | Epoch 00137 | Loss 0.4118 | Train 0.6712 | Val 0.6667 | Test 0.5484
Run 00 | Epoch 00138 | Loss 0.4270 | Train 0.6736 | Val 0.6681 | Test 0.5508
Run 00 | Epoch 00139 | Loss 0.4072 | Train 0.6753 | Val 0.6676 | Test 0.5521
Run 00 | Epoch 00140 | Loss 0.4205 | Train 0.6665 | Val 0.6600 | Test 0.5471
Run 00 | Epoch 00141 | Loss 0.4089 | Train 0.6765 | Val 0.6706 | Test 0.5525
Run 00 | Epoch 00142 | Loss 0.4192 | Train 0.6749 | Val 0.6684 | Test 0.5538
Run 00 | Epoch 00143 | Loss 0.4074 | Train 0.6781 | Val 0.6714 | Test 0.5531
Run 00 | Epoch 00144 | Loss 0.3903 | Train 0.6742 | Val 0.6684 | Test 0.5509
Run 00 | Epoch 00145 | Loss 0.4111 | Train 0.6695 | Val 0.6635 | Test 0.5484
Run 00 | Epoch 00146 | Loss 0.4187 | Train 0.6701 | Val 0.6652 | Test 0.5511
Run 00 | Epoch 00147 | Loss 0.4062 | Train 0.6727 | Val 0.6651 | Test 0.5489
Run 00 | Epoch 00148 | Loss 0.4266 | Train 0.6788 | Val 0.6718 | Test 0.5535
Run 00 | Epoch 00149 | Loss 0.4156 | Train 0.6744 | Val 0.6676 | Test 0.5526
Run 00 | Epoch 00150 | Loss 0.4140 | Train 0.6764 | Val 0.6701 | Test 0.5542
Run 00 | Epoch 00151 | Loss 0.4045 | Train 0.6749 | Val 0.6681 | Test 0.5523
Run 00 | Epoch 00152 | Loss 0.4066 | Train 0.6754 | Val 0.6698 | Test 0.5563
Run 00 | Epoch 00153 | Loss 0.4036 | Train 0.6764 | Val 0.6711 | Test 0.5557
Run 00 | Epoch 00154 | Loss 0.4217 | Train 0.6796 | Val 0.6737 | Test 0.5559
Run 00 | Epoch 00155 | Loss 0.4010 | Train 0.6789 | Val 0.6731 | Test 0.5564
Run 00 | Epoch 00156 | Loss 0.3916 | Train 0.6796 | Val 0.6739 | Test 0.5588
Run 00 | Epoch 00157 | Loss 0.4096 | Train 0.6811 | Val 0.6741 | Test 0.5574
Run 00 | Epoch 00158 | Loss 0.4103 | Train 0.6813 | Val 0.6743 | Test 0.5565
Run 00 | Epoch 00159 | Loss 0.4170 | Train 0.6815 | Val 0.6757 | Test 0.5585
Run 00 | Epoch 00160 | Loss 0.4176 | Train 0.6811 | Val 0.6757 | Test 0.5604
Run 00 | Epoch 00161 | Loss 0.4012 | Train 0.6775 | Val 0.6713 | Test 0.5573
Run 00 | Epoch 00162 | Loss 0.4091 | Train 0.6836 | Val 0.6775 | Test 0.5604
Run 00 | Epoch 00163 | Loss 0.4082 | Train 0.6754 | Val 0.6719 | Test 0.5579
Run 00 | Epoch 00164 | Loss 0.3975 | Train 0.6794 | Val 0.6749 | Test 0.5592
Run 00 | Epoch 00165 | Loss 0.4087 | Train 0.6709 | Val 0.6657 | Test 0.5515
Run 00 | Epoch 00166 | Loss 0.4048 | Train 0.6759 | Val 0.6714 | Test 0.5542
Run 00 | Epoch 00167 | Loss 0.4192 | Train 0.6763 | Val 0.6721 | Test 0.5561
Run 00 | Epoch 00168 | Loss 0.3959 | Train 0.6810 | Val 0.6751 | Test 0.5586
Run 00 | Epoch 00169 | Loss 0.4049 | Train 0.6785 | Val 0.6727 | Test 0.5562
Run 00 | Epoch 00170 | Loss 0.4086 | Train 0.6841 | Val 0.6775 | Test 0.5598
Run 00 | Epoch 00171 | Loss 0.4079 | Train 0.6841 | Val 0.6779 | Test 0.5636
Run 00 | Epoch 00172 | Loss 0.3916 | Train 0.6750 | Val 0.6706 | Test 0.5565
Run 00 | Epoch 00173 | Loss 0.4116 | Train 0.6843 | Val 0.6779 | Test 0.5605
Run 00 | Epoch 00174 | Loss 0.4009 | Train 0.6832 | Val 0.6774 | Test 0.5605
Run 00 | Epoch 00175 | Loss 0.4036 | Train 0.6897 | Val 0.6855 | Test 0.5670
Run 00 | Epoch 00176 | Loss 0.3982 | Train 0.6834 | Val 0.6787 | Test 0.5631
Run 00 | Epoch 00177 | Loss 0.4234 | Train 0.6823 | Val 0.6777 | Test 0.5613
Run 00 | Epoch 00178 | Loss 0.4117 | Train 0.6836 | Val 0.6780 | Test 0.5623
Run 00 | Epoch 00179 | Loss 0.4154 | Train 0.6907 | Val 0.6873 | Test 0.5673
Run 00 | Epoch 00180 | Loss 0.3910 | Train 0.6869 | Val 0.6801 | Test 0.5628
Run 00 | Epoch 00181 | Loss 0.4124 | Train 0.6878 | Val 0.6800 | Test 0.5642
Run 00 | Epoch 00182 | Loss 0.4111 | Train 0.6885 | Val 0.6831 | Test 0.5654
Run 00 | Epoch 00183 | Loss 0.4049 | Train 0.6836 | Val 0.6797 | Test 0.5648
Run 00 | Epoch 00184 | Loss 0.3958 | Train 0.6865 | Val 0.6811 | Test 0.5645
Run 00 | Epoch 00185 | Loss 0.4077 | Train 0.6782 | Val 0.6754 | Test 0.5626
Run 00 | Epoch 00186 | Loss 0.4081 | Train 0.6878 | Val 0.6819 | Test 0.5647
Run 00 | Epoch 00187 | Loss 0.3993 | Train 0.6867 | Val 0.6815 | Test 0.5648
Run 00 | Epoch 00188 | Loss 0.4005 | Train 0.6844 | Val 0.6793 | Test 0.5630
Run 00 | Epoch 00189 | Loss 0.3933 | Train 0.6845 | Val 0.6800 | Test 0.5628
Run 00 | Epoch 00190 | Loss 0.4253 | Train 0.6867 | Val 0.6801 | Test 0.5642
Run 00 | Epoch 00191 | Loss 0.3823 | Train 0.6878 | Val 0.6830 | Test 0.5651
Run 00 | Epoch 00192 | Loss 0.4054 | Train 0.6821 | Val 0.6764 | Test 0.5600
Run 00 | Epoch 00193 | Loss 0.4096 | Train 0.6888 | Val 0.6837 | Test 0.5666
Run 00 | Epoch 00194 | Loss 0.4042 | Train 0.6895 | Val 0.6849 | Test 0.5687
Run 00 | Epoch 00195 | Loss 0.4109 | Train 0.6827 | Val 0.6771 | Test 0.5626
Run 00 | Epoch 00196 | Loss 0.3931 | Train 0.6873 | Val 0.6822 | Test 0.5650
Run 00 | Epoch 00197 | Loss 0.4164 | Train 0.6857 | Val 0.6807 | Test 0.5632
Run 00 | Epoch 00198 | Loss 0.3986 | Train 0.6876 | Val 0.6819 | Test 0.5651
Run 00 | Epoch 00199 | Loss 0.4086 | Train 0.6840 | Val 0.6781 | Test 0.5638
Run 00 | Epoch 00200 | Loss 0.4162 | Train 0.6815 | Val 0.6768 | Test 0.5618
Run 00 | Epoch 00201 | Loss 0.3981 | Train 0.6904 | Val 0.6853 | Test 0.5676
Run 00 | Epoch 00202 | Loss 0.4158 | Train 0.6853 | Val 0.6818 | Test 0.5667
Run 00 | Epoch 00203 | Loss 0.4162 | Train 0.6819 | Val 0.6785 | Test 0.5627
Run 00 | Epoch 00204 | Loss 0.4084 | Train 0.6880 | Val 0.6832 | Test 0.5657
Run 00 | Epoch 00205 | Loss 0.4060 | Train 0.6911 | Val 0.6873 | Test 0.5673
Run 00 | Epoch 00206 | Loss 0.3965 | Train 0.6878 | Val 0.6844 | Test 0.5661
Run 00 | Epoch 00207 | Loss 0.3978 | Train 0.6886 | Val 0.6844 | Test 0.5694
Run 00 | Epoch 00208 | Loss 0.4186 | Train 0.6840 | Val 0.6815 | Test 0.5642
Run 00 | Epoch 00209 | Loss 0.4063 | Train 0.6934 | Val 0.6878 | Test 0.5702
Run 00 | Epoch 00210 | Loss 0.4064 | Train 0.6851 | Val 0.6826 | Test 0.5665
Run 00 | Epoch 00211 | Loss 0.3894 | Train 0.6861 | Val 0.6821 | Test 0.5667
Run 00 | Epoch 00212 | Loss 0.3990 | Train 0.6847 | Val 0.6782 | Test 0.5614
Run 00 | Epoch 00213 | Loss 0.4112 | Train 0.6891 | Val 0.6841 | Test 0.5652
Run 00 | Epoch 00214 | Loss 0.4067 | Train 0.6886 | Val 0.6829 | Test 0.5626
Run 00 | Epoch 00215 | Loss 0.4071 | Train 0.6878 | Val 0.6842 | Test 0.5653
Run 00 | Epoch 00216 | Loss 0.3960 | Train 0.6881 | Val 0.6833 | Test 0.5656
Run 00 | Epoch 00217 | Loss 0.4034 | Train 0.6915 | Val 0.6877 | Test 0.5676
Run 00 | Epoch 00218 | Loss 0.4054 | Train 0.6952 | Val 0.6905 | Test 0.5700
Run 00 | Epoch 00219 | Loss 0.4112 | Train 0.6832 | Val 0.6794 | Test 0.5612
Run 00 | Epoch 00220 | Loss 0.4004 | Train 0.6896 | Val 0.6850 | Test 0.5685
Run 00 | Epoch 00221 | Loss 0.4097 | Train 0.6929 | Val 0.6888 | Test 0.5683
Run 00 | Epoch 00222 | Loss 0.4021 | Train 0.6957 | Val 0.6936 | Test 0.5718
Run 00 | Epoch 00223 | Loss 0.4004 | Train 0.6997 | Val 0.6947 | Test 0.5734
Run 00 | Epoch 00224 | Loss 0.4076 | Train 0.6917 | Val 0.6885 | Test 0.5675
Run 00 | Epoch 00225 | Loss 0.4100 | Train 0.6910 | Val 0.6879 | Test 0.5711
Run 00 | Epoch 00226 | Loss 0.4149 | Train 0.6954 | Val 0.6910 | Test 0.5729
Run 00 | Epoch 00227 | Loss 0.4097 | Train 0.6850 | Val 0.6800 | Test 0.5649
Run 00 | Epoch 00228 | Loss 0.4146 | Train 0.6950 | Val 0.6903 | Test 0.5723
Run 00 | Epoch 00229 | Loss 0.3948 | Train 0.6922 | Val 0.6878 | Test 0.5716
Run 00 | Epoch 00230 | Loss 0.3966 | Train 0.6921 | Val 0.6892 | Test 0.5712
Run 00 | Epoch 00231 | Loss 0.4035 | Train 0.6852 | Val 0.6824 | Test 0.5682
Run 00 | Epoch 00232 | Loss 0.3927 | Train 0.6866 | Val 0.6841 | Test 0.5679
Run 00 | Epoch 00233 | Loss 0.3913 | Train 0.6921 | Val 0.6890 | Test 0.5718
Run 00 | Epoch 00234 | Loss 0.3967 | Train 0.6968 | Val 0.6920 | Test 0.5761
Run 00 | Epoch 00235 | Loss 0.4079 | Train 0.6895 | Val 0.6860 | Test 0.5723
Run 00 | Epoch 00236 | Loss 0.4169 | Train 0.6876 | Val 0.6833 | Test 0.5689
Run 00 | Epoch 00237 | Loss 0.4090 | Train 0.6899 | Val 0.6857 | Test 0.5699
Run 00 | Epoch 00238 | Loss 0.3895 | Train 0.6947 | Val 0.6902 | Test 0.5707
Run 00 | Epoch 00239 | Loss 0.4153 | Train 0.7001 | Val 0.6948 | Test 0.5742
Run 00 | Epoch 00240 | Loss 0.3824 | Train 0.6965 | Val 0.6925 | Test 0.5735
Run 00 | Epoch 00241 | Loss 0.4039 | Train 0.6962 | Val 0.6909 | Test 0.5744
Run 00 | Epoch 00242 | Loss 0.4169 | Train 0.6980 | Val 0.6929 | Test 0.5731
Run 00 | Epoch 00243 | Loss 0.4072 | Train 0.6962 | Val 0.6917 | Test 0.5709
Run 00 | Epoch 00244 | Loss 0.3983 | Train 0.6948 | Val 0.6918 | Test 0.5723
Run 00 | Epoch 00245 | Loss 0.4000 | Train 0.6977 | Val 0.6942 | Test 0.5739
Run 00 | Epoch 00246 | Loss 0.3898 | Train 0.6898 | Val 0.6873 | Test 0.5679
Run 00 | Epoch 00247 | Loss 0.4182 | Train 0.6878 | Val 0.6839 | Test 0.5669
Run 00 | Epoch 00248 | Loss 0.4066 | Train 0.6937 | Val 0.6896 | Test 0.5715
Run 00 | Epoch 00249 | Loss 0.3935 | Train 0.6971 | Val 0.6926 | Test 0.5718
Run 00 | Epoch 00250 | Loss 0.3955 | Train 0.7003 | Val 0.6967 | Test 0.5747
Run 00 | Epoch 00251 | Loss 0.4162 | Train 0.7002 | Val 0.6948 | Test 0.5757
Run 00 | Epoch 00252 | Loss 0.3907 | Train 0.7043 | Val 0.7021 | Test 0.5815
Run 00 | Epoch 00253 | Loss 0.4031 | Train 0.6967 | Val 0.6930 | Test 0.5731
Run 00 | Epoch 00254 | Loss 0.4103 | Train 0.6914 | Val 0.6878 | Test 0.5688
Run 00 | Epoch 00255 | Loss 0.4155 | Train 0.6984 | Val 0.6958 | Test 0.5760
Run 00 | Epoch 00256 | Loss 0.4114 | Train 0.6895 | Val 0.6883 | Test 0.5697
Run 00 | Epoch 00257 | Loss 0.4060 | Train 0.7011 | Val 0.6973 | Test 0.5748
Run 00 | Epoch 00258 | Loss 0.4207 | Train 0.7049 | Val 0.7011 | Test 0.5789
Run 00 | Epoch 00259 | Loss 0.4013 | Train 0.7025 | Val 0.6986 | Test 0.5762
Run 00 | Epoch 00260 | Loss 0.3978 | Train 0.6977 | Val 0.6925 | Test 0.5727
Run 00 | Epoch 00261 | Loss 0.4079 | Train 0.7005 | Val 0.6973 | Test 0.5747
Run 00 | Epoch 00262 | Loss 0.4031 | Train 0.7039 | Val 0.6988 | Test 0.5764
Run 00 | Epoch 00263 | Loss 0.4036 | Train 0.6942 | Val 0.6903 | Test 0.5712
Run 00 | Epoch 00264 | Loss 0.4066 | Train 0.6939 | Val 0.6905 | Test 0.5735
Run 00 | Epoch 00265 | Loss 0.4110 | Train 0.6992 | Val 0.6954 | Test 0.5753
Run 00 | Epoch 00266 | Loss 0.3928 | Train 0.7075 | Val 0.7037 | Test 0.5818
Run 00 | Epoch 00267 | Loss 0.3999 | Train 0.7011 | Val 0.6960 | Test 0.5757
Run 00 | Epoch 00268 | Loss 0.4062 | Train 0.6961 | Val 0.6921 | Test 0.5726
Run 00 | Epoch 00269 | Loss 0.3973 | Train 0.6985 | Val 0.6943 | Test 0.5754
Run 00 | Epoch 00270 | Loss 0.4112 | Train 0.6963 | Val 0.6920 | Test 0.5722
Run 00 | Epoch 00271 | Loss 0.4021 | Train 0.6986 | Val 0.6952 | Test 0.5757
Run 00 | Epoch 00272 | Loss 0.4047 | Train 0.6989 | Val 0.6943 | Test 0.5750
Run 00 | Epoch 00273 | Loss 0.4195 | Train 0.6954 | Val 0.6902 | Test 0.5731
Run 00 | Epoch 00274 | Loss 0.3965 | Train 0.6975 | Val 0.6948 | Test 0.5733
Run 00 | Epoch 00275 | Loss 0.4099 | Train 0.7086 | Val 0.7046 | Test 0.5798
Run 00 | Epoch 00276 | Loss 0.4061 | Train 0.7026 | Val 0.6989 | Test 0.5764
Run 00 | Epoch 00277 | Loss 0.4183 | Train 0.7080 | Val 0.7059 | Test 0.5798
Run 00 | Epoch 00278 | Loss 0.3980 | Train 0.7011 | Val 0.6958 | Test 0.5752
Run 00 | Epoch 00279 | Loss 0.4107 | Train 0.7050 | Val 0.7008 | Test 0.5787
Run 00 | Epoch 00280 | Loss 0.4056 | Train 0.7046 | Val 0.6993 | Test 0.5765
Run 00 | Epoch 00281 | Loss 0.3992 | Train 0.6994 | Val 0.6968 | Test 0.5756
Run 00 | Epoch 00282 | Loss 0.3969 | Train 0.7051 | Val 0.7022 | Test 0.5791
Run 00 | Epoch 00283 | Loss 0.3910 | Train 0.7062 | Val 0.7022 | Test 0.5801
Run 00 | Epoch 00284 | Loss 0.3961 | Train 0.6983 | Val 0.6950 | Test 0.5755
Run 00 | Epoch 00285 | Loss 0.3978 | Train 0.7035 | Val 0.6991 | Test 0.5749
Run 00 | Epoch 00286 | Loss 0.3932 | Train 0.6956 | Val 0.6921 | Test 0.5708
Run 00 | Epoch 00287 | Loss 0.4047 | Train 0.7056 | Val 0.7004 | Test 0.5750
Run 00 | Epoch 00288 | Loss 0.4072 | Train 0.7010 | Val 0.6970 | Test 0.5743
Run 00 | Epoch 00289 | Loss 0.4096 | Train 0.6997 | Val 0.6967 | Test 0.5732
Run 00 | Epoch 00290 | Loss 0.3960 | Train 0.7027 | Val 0.6980 | Test 0.5760
Run 00 | Epoch 00291 | Loss 0.4048 | Train 0.7051 | Val 0.7005 | Test 0.5767
Run 00 | Epoch 00292 | Loss 0.3999 | Train 0.7012 | Val 0.6970 | Test 0.5738
Run 00 | Epoch 00293 | Loss 0.3966 | Train 0.7013 | Val 0.6973 | Test 0.5750
Run 00 | Epoch 00294 | Loss 0.4012 | Train 0.6982 | Val 0.6955 | Test 0.5735
Run 00 | Epoch 00295 | Loss 0.4037 | Train 0.7042 | Val 0.7015 | Test 0.5768
Run 00 | Epoch 00296 | Loss 0.4217 | Train 0.7083 | Val 0.7043 | Test 0.5784
Run 00 | Epoch 00297 | Loss 0.4191 | Train 0.6975 | Val 0.6931 | Test 0.5716
Run 00 | Epoch 00298 | Loss 0.4070 | Train 0.7004 | Val 0.6956 | Test 0.5719
Run 00 | Epoch 00299 | Loss 0.3925 | Train 0.7068 | Val 0.7027 | Test 0.5772
Run 00 | Epoch 00300 | Loss 0.4171 | Train 0.6998 | Val 0.6954 | Test 0.5760
Run 00 | Epoch 00301 | Loss 0.3967 | Train 0.7018 | Val 0.6964 | Test 0.5761
Run 00 | Epoch 00302 | Loss 0.4137 | Train 0.7032 | Val 0.6991 | Test 0.5773
Run 00 | Epoch 00303 | Loss 0.4122 | Train 0.7007 | Val 0.6952 | Test 0.5734
Run 00 | Epoch 00304 | Loss 0.3953 | Train 0.7059 | Val 0.6993 | Test 0.5751
Run 00 | Epoch 00305 | Loss 0.3968 | Train 0.7074 | Val 0.7016 | Test 0.5774
Run 00 | Epoch 00306 | Loss 0.4001 | Train 0.7011 | Val 0.6977 | Test 0.5740
Run 00 | Epoch 00307 | Loss 0.4022 | Train 0.7051 | Val 0.7024 | Test 0.5793
Run 00 | Epoch 00308 | Loss 0.4024 | Train 0.7036 | Val 0.6992 | Test 0.5760
Run 00 | Epoch 00309 | Loss 0.4034 | Train 0.7051 | Val 0.7024 | Test 0.5799
Run 00 | Epoch 00310 | Loss 0.4055 | Train 0.7084 | Val 0.7038 | Test 0.5791
Run 00 | Epoch 00311 | Loss 0.4034 | Train 0.7073 | Val 0.7034 | Test 0.5779
Run 00 | Epoch 00312 | Loss 0.3986 | Train 0.7053 | Val 0.6996 | Test 0.5760
Run 00 | Epoch 00313 | Loss 0.4021 | Train 0.7035 | Val 0.7006 | Test 0.5760
Run 00 | Epoch 00314 | Loss 0.3894 | Train 0.7047 | Val 0.7009 | Test 0.5756
Run 00 | Epoch 00315 | Loss 0.4026 | Train 0.7017 | Val 0.6988 | Test 0.5748
Run 00 | Epoch 00316 | Loss 0.4024 | Train 0.7006 | Val 0.6958 | Test 0.5736
Run 00 | Epoch 00317 | Loss 0.4050 | Train 0.7114 | Val 0.7060 | Test 0.5791
Run 00 | Epoch 00318 | Loss 0.3920 | Train 0.7087 | Val 0.7047 | Test 0.5785
Run 00 | Epoch 00319 | Loss 0.3960 | Train 0.7104 | Val 0.7063 | Test 0.5818
Run 00 | Epoch 00320 | Loss 0.4043 | Train 0.7056 | Val 0.7023 | Test 0.5786
Run 00 | Epoch 00321 | Loss 0.4017 | Train 0.7030 | Val 0.7010 | Test 0.5769
Run 00 | Epoch 00322 | Loss 0.4113 | Train 0.7107 | Val 0.7063 | Test 0.5787
Run 00 | Epoch 00323 | Loss 0.4053 | Train 0.7054 | Val 0.7017 | Test 0.5783
Run 00 | Epoch 00324 | Loss 0.4087 | Train 0.7071 | Val 0.7038 | Test 0.5787
Run 00 | Epoch 00325 | Loss 0.3874 | Train 0.7035 | Val 0.6998 | Test 0.5793
Run 00 | Epoch 00326 | Loss 0.4000 | Train 0.7078 | Val 0.7036 | Test 0.5793
Run 00 | Epoch 00327 | Loss 0.4223 | Train 0.7097 | Val 0.7051 | Test 0.5758
Run 00 | Epoch 00328 | Loss 0.3968 | Train 0.7090 | Val 0.7039 | Test 0.5775
Run 00 | Epoch 00329 | Loss 0.4035 | Train 0.7128 | Val 0.7080 | Test 0.5810
Run 00 | Epoch 00330 | Loss 0.4127 | Train 0.7024 | Val 0.6972 | Test 0.5705
Run 00 | Epoch 00331 | Loss 0.4006 | Train 0.7021 | Val 0.6979 | Test 0.5733
Run 00 | Epoch 00332 | Loss 0.3952 | Train 0.6988 | Val 0.6958 | Test 0.5718
Run 00 | Epoch 00333 | Loss 0.3906 | Train 0.7080 | Val 0.7035 | Test 0.5777
Run 00 | Epoch 00334 | Loss 0.4136 | Train 0.6970 | Val 0.6942 | Test 0.5711
Run 00 | Epoch 00335 | Loss 0.3811 | Train 0.7055 | Val 0.7003 | Test 0.5738
Run 00 | Epoch 00336 | Loss 0.4094 | Train 0.7116 | Val 0.7065 | Test 0.5806
Run 00 | Epoch 00337 | Loss 0.4110 | Train 0.6999 | Val 0.6964 | Test 0.5722
Run 00 | Epoch 00338 | Loss 0.3995 | Train 0.7029 | Val 0.6991 | Test 0.5755
Run 00 | Epoch 00339 | Loss 0.4056 | Train 0.7092 | Val 0.7046 | Test 0.5796
Run 00 | Epoch 00340 | Loss 0.3909 | Train 0.7041 | Val 0.6981 | Test 0.5734
Run 00 | Epoch 00341 | Loss 0.4023 | Train 0.6955 | Val 0.6907 | Test 0.5671
Run 00 | Epoch 00342 | Loss 0.3946 | Train 0.6986 | Val 0.6953 | Test 0.5701
Run 00 | Epoch 00343 | Loss 0.4081 | Train 0.6983 | Val 0.6937 | Test 0.5686
Run 00 | Epoch 00344 | Loss 0.4052 | Train 0.7049 | Val 0.7003 | Test 0.5707
Run 00 | Epoch 00345 | Loss 0.4019 | Train 0.6983 | Val 0.6967 | Test 0.5699
Run 00 | Epoch 00346 | Loss 0.4134 | Train 0.7022 | Val 0.6994 | Test 0.5734
Run 00 | Epoch 00347 | Loss 0.3970 | Train 0.7097 | Val 0.7045 | Test 0.5804
Run 00 | Epoch 00348 | Loss 0.3920 | Train 0.7004 | Val 0.6950 | Test 0.5714
Run 00 | Epoch 00349 | Loss 0.4005 | Train 0.7092 | Val 0.7038 | Test 0.5773
Run 00 | Epoch 00350 | Loss 0.4112 | Train 0.7090 | Val 0.7032 | Test 0.5761
Run 00 | Epoch 00351 | Loss 0.4018 | Train 0.7075 | Val 0.7021 | Test 0.5743
Run 00 | Epoch 00352 | Loss 0.3956 | Train 0.7054 | Val 0.7006 | Test 0.5753
Run 00 | Epoch 00353 | Loss 0.4047 | Train 0.7047 | Val 0.7011 | Test 0.5755
Run 00 | Epoch 00354 | Loss 0.3960 | Train 0.7003 | Val 0.6947 | Test 0.5741
Run 00 | Epoch 00355 | Loss 0.4013 | Train 0.6964 | Val 0.6914 | Test 0.5692
Run 00 | Epoch 00356 | Loss 0.4073 | Train 0.7007 | Val 0.6982 | Test 0.5730
Run 00 | Epoch 00357 | Loss 0.3962 | Train 0.7026 | Val 0.6980 | Test 0.5724
Run 00 | Epoch 00358 | Loss 0.3960 | Train 0.7038 | Val 0.6977 | Test 0.5719
Run 00 | Epoch 00359 | Loss 0.3982 | Train 0.6993 | Val 0.6951 | Test 0.5698
Run 00 | Epoch 00360 | Loss 0.4112 | Train 0.6977 | Val 0.6941 | Test 0.5688
Run 00 | Epoch 00361 | Loss 0.4144 | Train 0.7032 | Val 0.6993 | Test 0.5749
Run 00 | Epoch 00362 | Loss 0.4027 | Train 0.7055 | Val 0.7010 | Test 0.5780
Run 00 | Epoch 00363 | Loss 0.3987 | Train 0.6978 | Val 0.6937 | Test 0.5711
Run 00 | Epoch 00364 | Loss 0.4084 | Train 0.7030 | Val 0.6989 | Test 0.5750
Run 00 | Epoch 00365 | Loss 0.3962 | Train 0.7038 | Val 0.6995 | Test 0.5761
Run 00 | Epoch 00366 | Loss 0.4101 | Train 0.7005 | Val 0.6965 | Test 0.5734
Run 00 | Epoch 00367 | Loss 0.4005 | Train 0.7018 | Val 0.6991 | Test 0.5732
Run 00 | Epoch 00368 | Loss 0.3926 | Train 0.7091 | Val 0.7054 | Test 0.5791
Run 00 | Epoch 00369 | Loss 0.3925 | Train 0.7025 | Val 0.6969 | Test 0.5703
Run 00 | Epoch 00370 | Loss 0.4036 | Train 0.6978 | Val 0.6939 | Test 0.5698
Run 00 | Epoch 00371 | Loss 0.4044 | Train 0.6998 | Val 0.6966 | Test 0.5713
Run 00 | Epoch 00372 | Loss 0.4073 | Train 0.7025 | Val 0.6982 | Test 0.5751
Run 00 | Epoch 00373 | Loss 0.4075 | Train 0.7047 | Val 0.6989 | Test 0.5780
Run 00 | Epoch 00374 | Loss 0.4091 | Train 0.7038 | Val 0.6994 | Test 0.5729
Run 00 | Epoch 00375 | Loss 0.4074 | Train 0.7000 | Val 0.6950 | Test 0.5689
Run 00 | Epoch 00376 | Loss 0.4042 | Train 0.7027 | Val 0.6964 | Test 0.5706
Run 00 | Epoch 00377 | Loss 0.3929 | Train 0.7049 | Val 0.6999 | Test 0.5753
Run 00 | Epoch 00378 | Loss 0.3945 | Train 0.7064 | Val 0.7028 | Test 0.5767
Run 00 | Epoch 00379 | Loss 0.4142 | Train 0.6966 | Val 0.6925 | Test 0.5657
Run 00 | Epoch 00380 | Loss 0.4007 | Train 0.7004 | Val 0.6958 | Test 0.5703
Run 00 | Epoch 00381 | Loss 0.4085 | Train 0.7062 | Val 0.7024 | Test 0.5763
Run 00 | Epoch 00382 | Loss 0.4119 | Train 0.7035 | Val 0.6998 | Test 0.5729
Run 00 | Epoch 00383 | Loss 0.4063 | Train 0.7102 | Val 0.7066 | Test 0.5785
Run 00 | Epoch 00384 | Loss 0.3864 | Train 0.7025 | Val 0.6986 | Test 0.5742
Run 00 | Epoch 00385 | Loss 0.3979 | Train 0.7027 | Val 0.6982 | Test 0.5721
Run 00 | Epoch 00386 | Loss 0.3959 | Train 0.6987 | Val 0.6953 | Test 0.5695
Run 00 | Epoch 00387 | Loss 0.4190 | Train 0.7068 | Val 0.7020 | Test 0.5736
Run 00 | Epoch 00388 | Loss 0.4092 | Train 0.7005 | Val 0.6973 | Test 0.5707
Run 00 | Epoch 00389 | Loss 0.3994 | Train 0.7027 | Val 0.6985 | Test 0.5737
Run 00 | Epoch 00390 | Loss 0.3949 | Train 0.7083 | Val 0.7037 | Test 0.5757
Run 00 | Epoch 00391 | Loss 0.4003 | Train 0.7016 | Val 0.6985 | Test 0.5735
Run 00 | Epoch 00392 | Loss 0.4228 | Train 0.7032 | Val 0.6990 | Test 0.5727
Run 00 | Epoch 00393 | Loss 0.3855 | Train 0.7005 | Val 0.6953 | Test 0.5702
Run 00 | Epoch 00394 | Loss 0.4046 | Train 0.7021 | Val 0.6983 | Test 0.5739
Run 00 | Epoch 00395 | Loss 0.4289 | Train 0.7064 | Val 0.7007 | Test 0.5732
Run 00 | Epoch 00396 | Loss 0.3871 | Train 0.6966 | Val 0.6927 | Test 0.5675
Run 00 | Epoch 00397 | Loss 0.3966 | Train 0.6998 | Val 0.6950 | Test 0.5721
Run 00 | Epoch 00398 | Loss 0.3981 | Train 0.7014 | Val 0.6974 | Test 0.5729
Run 00 | Epoch 00399 | Loss 0.4061 | Train 0.7081 | Val 0.7030 | Test 0.5764
Run 00 | Epoch 00400 | Loss 0.3996 | Train 0.7002 | Val 0.6971 | Test 0.5717
Run 00 | Epoch 00401 | Loss 0.3808 | Train 0.7033 | Val 0.6984 | Test 0.5733
