main start at this time 1665613992.5920606
ogbn-arxiv
# Nodes: 169343
# Edges: 2315598
# Train: 90941
# Val: 29799
# Test: 48603
# Classes: 40

in feats:  128
the counter of in-degree of the smallest block in current batch !!!!!!!!!!!!!!_______________!!!!!!!!!!
Counter({10: 27627, 1: 13428, 2: 11706, 3: 9277, 4: 7320, 5: 6222, 6: 4868, 7: 4045, 8: 3472, 9: 2976})

 Run 0| Epoch 0 |
GraphSAGE(
  (layers): ModuleList(
    (0): SAGEConv(
      (fc_self): Linear(in_features=128, out_features=40, bias=False)
      (fc_neigh): Linear(in_features=128, out_features=40, bias=False)
    )
  )
  (dropout): Dropout(p=0.5, inplace=False)
)
total model parameters size  10240
trainable parameters
layers.0.fc_self.weight, torch.Size([40, 128])
layers.0.fc_neigh.weight, torch.Size([40, 128])
----------------------------------------
un-trainable parameters
