main start at this time 1666047298.418467
-----------------------------------------before load data 
 Nvidia-smi: 0.30712890625 GB
    Memory Allocated: 0.0  GigaBytes
Max Memory Allocated: 0.0  GigaBytes

#nodes: 2449029
#edges: 123718024
#classes: 47
success----------------------------------------
196571
39255
2164782
# Nodes: 2400608
# Edges: 123718024
# Train: 196571
# Val: 39255
# Test: 2164782
# Classes: 47

-----------------------------------------after load data 
 Nvidia-smi: 0.30712890625 GB
    Memory Allocated: 0.0  GigaBytes
Max Memory Allocated: 0.0  GigaBytes

in feats:  100
Run 00 | Epoch 00000 | Loss 5.1251 | Train 0.0172 | Val 0.0161 | Test 0.0211
Run 00 | Epoch 00001 | Loss 5.0283 | Train 0.0208 | Val 0.0192 | Test 0.0236
Run 00 | Epoch 00002 | Loss 4.9369 | Train 0.0254 | Val 0.0247 | Test 0.0267
Run 00 | Epoch 00003 | Loss 4.8418 | Train 0.0312 | Val 0.0302 | Test 0.0304
Run 00 | Epoch 00004 | Loss 4.7526 | Train 0.0384 | Val 0.0371 | Test 0.0347
The number of model layers:  1
Run 01:
Highest Train: 3.84
Highest Valid: 3.71
  Final Train: 3.84
   Final Test: 3.47
The number of model layers:  1
 
All runs:
Highest Train: 3.84 ± nan
Highest Valid: 3.71 ± nan
  Final Train: 3.84 ± nan
   Final Test: 3.47 ± nan
-----------------------------------------after mini batch train 
 Nvidia-smi: 10.51416015625 GB
    Memory Allocated: 0.38294458389282227  GigaBytes
Max Memory Allocated: 7.66981315612793  GigaBytes

