main start at this time 1665985696.6504161
-----------------------------------------before load data 
 Nvidia-smi: 10.18505859375 GB
    Memory Allocated: 0.0  GigaBytes
Max Memory Allocated: 0.0  GigaBytes

#nodes: 2449029
#edges: 123718024
#classes: 47
success----------------------------------------
196571
39255
2164782
# Nodes: 2400608
# Edges: 123718024
# Train: 196571
# Val: 39255
# Test: 2164782
# Classes: 47

----------------------------------------start of run function 
 Nvidia-smi: 10.18505859375 GB
    Memory Allocated: 0.0  GigaBytes
Max Memory Allocated: 0.0  GigaBytes

in feats:  100
----------------------------------------before model to device 
 Nvidia-smi: 10.18505859375 GB
    Memory Allocated: 0.0  GigaBytes
Max Memory Allocated: 0.0  GigaBytes

----------------------------------------after model to device
 Nvidia-smi: 11.32177734375 GB
    Memory Allocated: 0.0025434494018554688  GigaBytes
Max Memory Allocated: 0.0025434494018554688  GigaBytes

----------------------------------------before generate dataloader block 
 Nvidia-smi: 11.32177734375 GB
    Memory Allocated: 0.0025434494018554688  GigaBytes
Max Memory Allocated: 0.0025434494018554688  GigaBytes

The real block id is  1
get_global_graph_edges_ids_block function  spend 0.1925678253173828
global_2_local spend time (sec) 0.4662599563598633

----------------------------  graph partition start---------------------
REG start----................................
Convert a graph into a bidirected graph: 2.792 seconds, peak memory: 49.738 GB
Construct multi-constraint weights: 0.000 seconds, peak memory: 49.738 GB
Metis partitioning: 12.614 seconds, peak memory: 50.970 GB
Split the graph: 1.372 seconds
Construct subgraphs: 0.018 seconds
REG metis partition end ----................................
total k batches seeds list generation spend  24.715375661849976
after graph partition
graph partition algorithm spend time 24.715422868728638

partition_len_list
[]
REG selection method  spend 25.361160278320312
check_connections_block*********************************
time for parepare 1: 0.22294116020202637

The real block id is  0
get_global_graph_edges_ids_block function  spend 0.6275539398193359
gen group dst list time:  5.9604644775390625e-06
check_connections_block*********************************
time for parepare 1: 0.35296082496643066

