main start at this time 1665549018.3637514
-----------------------------------------before load data 
 Nvidia-smi: 0.30712890625 GB
    Memory Allocated: 0.0  GigaBytes
Max Memory Allocated: 0.0  GigaBytes

#nodes: 2449029
#edges: 123718024
#classes: 47
success----------------------------------------
196571
39255
2164782
# Nodes: 2400608
# Edges: 123718024
# Train: 196571
# Val: 39255
# Test: 2164782
# Classes: 47

in feats:  100
Run 00 | Epoch 00000 | Loss 9.1380 | Train 0.0113 | Val 0.0121 | Test 0.0191
Run 00 | Epoch 00001 | Loss 8.3082 | Train 0.0126 | Val 0.0134 | Test 0.0201
Run 00 | Epoch 00002 | Loss 7.5276 | Train 0.0142 | Val 0.0152 | Test 0.0213
Run 00 | Epoch 00003 | Loss 6.9174 | Train 0.0166 | Val 0.0176 | Test 0.0227
Run 00 | Epoch 00004 | Loss 6.3638 | Train 0.0193 | Val 0.0201 | Test 0.0246
Run 00 | Epoch 00005 | Loss 5.8482 | Train 0.0230 | Val 0.0232 | Test 0.0268
Run 00 | Epoch 00006 | Loss 5.4294 | Train 0.0274 | Val 0.0273 | Test 0.0295
Run 00 | Epoch 00007 | Loss 5.0680 | Train 0.0325 | Val 0.0319 | Test 0.0329
Run 00 | Epoch 00008 | Loss 4.7255 | Train 0.0384 | Val 0.0380 | Test 0.0367
Run 00 | Epoch 00009 | Loss 4.4749 | Train 0.0449 | Val 0.0440 | Test 0.0411
Run 00 | Epoch 00010 | Loss 4.2301 | Train 0.0523 | Val 0.0501 | Test 0.0460
Run 00 | Epoch 00011 | Loss 4.0303 | Train 0.0603 | Val 0.0570 | Test 0.0511
Run 00 | Epoch 00012 | Loss 3.8716 | Train 0.0685 | Val 0.0642 | Test 0.0565
Run 00 | Epoch 00013 | Loss 3.7162 | Train 0.0768 | Val 0.0719 | Test 0.0618
Run 00 | Epoch 00014 | Loss 3.5961 | Train 0.0849 | Val 0.0798 | Test 0.0673
Run 00 | Epoch 00015 | Loss 3.4641 | Train 0.0931 | Val 0.0878 | Test 0.0728
Run 00 | Epoch 00016 | Loss 3.3856 | Train 0.1018 | Val 0.0961 | Test 0.0785
Run 00 | Epoch 00017 | Loss 3.2842 | Train 0.1109 | Val 0.1041 | Test 0.0843
Run 00 | Epoch 00018 | Loss 3.1974 | Train 0.1206 | Val 0.1136 | Test 0.0904
Run 00 | Epoch 00019 | Loss 3.1122 | Train 0.1303 | Val 0.1237 | Test 0.0967
Run 00 | Epoch 00020 | Loss 3.0613 | Train 0.1404 | Val 0.1336 | Test 0.1034
Run 00 | Epoch 00021 | Loss 2.9827 | Train 0.1515 | Val 0.1446 | Test 0.1103
Run 00 | Epoch 00022 | Loss 2.9253 | Train 0.1631 | Val 0.1551 | Test 0.1175
Run 00 | Epoch 00023 | Loss 2.8667 | Train 0.1754 | Val 0.1668 | Test 0.1251
Run 00 | Epoch 00024 | Loss 2.8278 | Train 0.1884 | Val 0.1783 | Test 0.1332
Run 00 | Epoch 00025 | Loss 2.7737 | Train 0.2014 | Val 0.1910 | Test 0.1417
Run 00 | Epoch 00026 | Loss 2.7400 | Train 0.2147 | Val 0.2042 | Test 0.1504
Run 00 | Epoch 00027 | Loss 2.6825 | Train 0.2282 | Val 0.2168 | Test 0.1592
Run 00 | Epoch 00028 | Loss 2.6550 | Train 0.2419 | Val 0.2303 | Test 0.1682
Run 00 | Epoch 00029 | Loss 2.6181 | Train 0.2548 | Val 0.2435 | Test 0.1773
Run 00 | Epoch 00030 | Loss 2.5840 | Train 0.2681 | Val 0.2558 | Test 0.1862
Run 00 | Epoch 00031 | Loss 2.5414 | Train 0.2802 | Val 0.2693 | Test 0.1950
Run 00 | Epoch 00032 | Loss 2.5075 | Train 0.2924 | Val 0.2815 | Test 0.2036
Run 00 | Epoch 00033 | Loss 2.4829 | Train 0.3046 | Val 0.2928 | Test 0.2119
Run 00 | Epoch 00034 | Loss 2.4444 | Train 0.3155 | Val 0.3031 | Test 0.2200
Run 00 | Epoch 00035 | Loss 2.4148 | Train 0.3267 | Val 0.3148 | Test 0.2277
Run 00 | Epoch 00036 | Loss 2.3855 | Train 0.3370 | Val 0.3253 | Test 0.2352
Run 00 | Epoch 00037 | Loss 2.3566 | Train 0.3470 | Val 0.3347 | Test 0.2424
Run 00 | Epoch 00038 | Loss 2.3311 | Train 0.3567 | Val 0.3447 | Test 0.2494
Run 00 | Epoch 00039 | Loss 2.2986 | Train 0.3660 | Val 0.3539 | Test 0.2562
Run 00 | Epoch 00040 | Loss 2.2713 | Train 0.3752 | Val 0.3643 | Test 0.2628
Run 00 | Epoch 00041 | Loss 2.2443 | Train 0.3839 | Val 0.3729 | Test 0.2692
Run 00 | Epoch 00042 | Loss 2.2025 | Train 0.3923 | Val 0.3816 | Test 0.2756
Run 00 | Epoch 00043 | Loss 2.1880 | Train 0.4006 | Val 0.3900 | Test 0.2818
Run 00 | Epoch 00044 | Loss 2.1592 | Train 0.4087 | Val 0.3980 | Test 0.2878
Run 00 | Epoch 00045 | Loss 2.1330 | Train 0.4167 | Val 0.4062 | Test 0.2936
Run 00 | Epoch 00046 | Loss 2.0989 | Train 0.4240 | Val 0.4133 | Test 0.2992
Run 00 | Epoch 00047 | Loss 2.0768 | Train 0.4313 | Val 0.4206 | Test 0.3047
Run 00 | Epoch 00048 | Loss 2.0481 | Train 0.4382 | Val 0.4272 | Test 0.3102
Run 00 | Epoch 00049 | Loss 2.0224 | Train 0.4456 | Val 0.4340 | Test 0.3156
Run 00 | Epoch 00050 | Loss 1.9972 | Train 0.4525 | Val 0.4410 | Test 0.3209
Run 00 | Epoch 00051 | Loss 1.9739 | Train 0.4593 | Val 0.4480 | Test 0.3261
Run 00 | Epoch 00052 | Loss 1.9487 | Train 0.4658 | Val 0.4557 | Test 0.3313
Run 00 | Epoch 00053 | Loss 1.9214 | Train 0.4727 | Val 0.4623 | Test 0.3365
Run 00 | Epoch 00054 | Loss 1.8995 | Train 0.4794 | Val 0.4695 | Test 0.3417
Run 00 | Epoch 00055 | Loss 1.8662 | Train 0.4864 | Val 0.4764 | Test 0.3470
Run 00 | Epoch 00056 | Loss 1.8436 | Train 0.4933 | Val 0.4830 | Test 0.3521
Run 00 | Epoch 00057 | Loss 1.8226 | Train 0.5000 | Val 0.4900 | Test 0.3573
Run 00 | Epoch 00058 | Loss 1.8010 | Train 0.5070 | Val 0.4972 | Test 0.3624
Run 00 | Epoch 00059 | Loss 1.7763 | Train 0.5137 | Val 0.5038 | Test 0.3676
Run 00 | Epoch 00060 | Loss 1.7463 | Train 0.5208 | Val 0.5100 | Test 0.3728
Run 00 | Epoch 00061 | Loss 1.7251 | Train 0.5277 | Val 0.5166 | Test 0.3780
Run 00 | Epoch 00062 | Loss 1.7003 | Train 0.5341 | Val 0.5226 | Test 0.3831
Run 00 | Epoch 00063 | Loss 1.6835 | Train 0.5406 | Val 0.5296 | Test 0.3881
Run 00 | Epoch 00064 | Loss 1.6595 | Train 0.5467 | Val 0.5360 | Test 0.3930
Run 00 | Epoch 00065 | Loss 1.6442 | Train 0.5524 | Val 0.5415 | Test 0.3976
Run 00 | Epoch 00066 | Loss 1.6199 | Train 0.5574 | Val 0.5466 | Test 0.4022
Run 00 | Epoch 00067 | Loss 1.6025 | Train 0.5622 | Val 0.5508 | Test 0.4064
Run 00 | Epoch 00068 | Loss 1.5789 | Train 0.5666 | Val 0.5556 | Test 0.4104
Run 00 | Epoch 00069 | Loss 1.5549 | Train 0.5706 | Val 0.5597 | Test 0.4142
Run 00 | Epoch 00070 | Loss 1.5382 | Train 0.5743 | Val 0.5634 | Test 0.4177
Run 00 | Epoch 00071 | Loss 1.5274 | Train 0.5774 | Val 0.5670 | Test 0.4210
Run 00 | Epoch 00072 | Loss 1.5098 | Train 0.5802 | Val 0.5706 | Test 0.4241
Run 00 | Epoch 00073 | Loss 1.4957 | Train 0.5831 | Val 0.5744 | Test 0.4271
Run 00 | Epoch 00074 | Loss 1.4701 | Train 0.5859 | Val 0.5771 | Test 0.4299
Run 00 | Epoch 00075 | Loss 1.4551 | Train 0.5882 | Val 0.5797 | Test 0.4326
Run 00 | Epoch 00076 | Loss 1.4460 | Train 0.5906 | Val 0.5823 | Test 0.4351
Run 00 | Epoch 00077 | Loss 1.4207 | Train 0.5927 | Val 0.5851 | Test 0.4375
Run 00 | Epoch 00078 | Loss 1.4037 | Train 0.5947 | Val 0.5869 | Test 0.4398
Run 00 | Epoch 00079 | Loss 1.3878 | Train 0.5965 | Val 0.5892 | Test 0.4419
Run 00 | Epoch 00080 | Loss 1.3731 | Train 0.5982 | Val 0.5904 | Test 0.4439
Run 00 | Epoch 00081 | Loss 1.3574 | Train 0.5999 | Val 0.5918 | Test 0.4460
Run 00 | Epoch 00082 | Loss 1.3408 | Train 0.6016 | Val 0.5937 | Test 0.4478
Run 00 | Epoch 00083 | Loss 1.3248 | Train 0.6032 | Val 0.5953 | Test 0.4496
Run 00 | Epoch 00084 | Loss 1.3040 | Train 0.6051 | Val 0.5975 | Test 0.4513
Run 00 | Epoch 00085 | Loss 1.2991 | Train 0.6068 | Val 0.5992 | Test 0.4530
Run 00 | Epoch 00086 | Loss 1.2814 | Train 0.6081 | Val 0.6003 | Test 0.4545
Run 00 | Epoch 00087 | Loss 1.2683 | Train 0.6091 | Val 0.6013 | Test 0.4560
Run 00 | Epoch 00088 | Loss 1.2547 | Train 0.6102 | Val 0.6027 | Test 0.4573
Run 00 | Epoch 00089 | Loss 1.2420 | Train 0.6110 | Val 0.6041 | Test 0.4586
Run 00 | Epoch 00090 | Loss 1.2279 | Train 0.6120 | Val 0.6053 | Test 0.4600
Run 00 | Epoch 00091 | Loss 1.2107 | Train 0.6133 | Val 0.6066 | Test 0.4614
Run 00 | Epoch 00092 | Loss 1.2000 | Train 0.6147 | Val 0.6079 | Test 0.4629
Run 00 | Epoch 00093 | Loss 1.1823 | Train 0.6162 | Val 0.6093 | Test 0.4644
Run 00 | Epoch 00094 | Loss 1.1784 | Train 0.6177 | Val 0.6104 | Test 0.4659
Run 00 | Epoch 00095 | Loss 1.1577 | Train 0.6192 | Val 0.6119 | Test 0.4673
Run 00 | Epoch 00096 | Loss 1.1449 | Train 0.6207 | Val 0.6139 | Test 0.4687
Run 00 | Epoch 00097 | Loss 1.1386 | Train 0.6223 | Val 0.6159 | Test 0.4702
Run 00 | Epoch 00098 | Loss 1.1203 | Train 0.6236 | Val 0.6177 | Test 0.4716
Run 00 | Epoch 00099 | Loss 1.1132 | Train 0.6251 | Val 0.6190 | Test 0.4730
Run 00 | Epoch 00100 | Loss 1.0973 | Train 0.6266 | Val 0.6209 | Test 0.4744
Run 00 | Epoch 00101 | Loss 1.0916 | Train 0.6284 | Val 0.6223 | Test 0.4758
Run 00 | Epoch 00102 | Loss 1.0805 | Train 0.6302 | Val 0.6238 | Test 0.4771
Run 00 | Epoch 00103 | Loss 1.0713 | Train 0.6318 | Val 0.6250 | Test 0.4786
Run 00 | Epoch 00104 | Loss 1.0587 | Train 0.6332 | Val 0.6268 | Test 0.4799
Run 00 | Epoch 00105 | Loss 1.0499 | Train 0.6348 | Val 0.6280 | Test 0.4814
Run 00 | Epoch 00106 | Loss 1.0420 | Train 0.6362 | Val 0.6300 | Test 0.4828
Run 00 | Epoch 00107 | Loss 1.0250 | Train 0.6378 | Val 0.6313 | Test 0.4841
Run 00 | Epoch 00108 | Loss 1.0188 | Train 0.6391 | Val 0.6330 | Test 0.4854
Run 00 | Epoch 00109 | Loss 1.0112 | Train 0.6403 | Val 0.6344 | Test 0.4867
Run 00 | Epoch 00110 | Loss 0.9998 | Train 0.6418 | Val 0.6355 | Test 0.4878
Run 00 | Epoch 00111 | Loss 0.9920 | Train 0.6430 | Val 0.6371 | Test 0.4889
Run 00 | Epoch 00112 | Loss 0.9859 | Train 0.6441 | Val 0.6387 | Test 0.4900
Run 00 | Epoch 00113 | Loss 0.9721 | Train 0.6455 | Val 0.6404 | Test 0.4911
Run 00 | Epoch 00114 | Loss 0.9649 | Train 0.6467 | Val 0.6419 | Test 0.4922
Run 00 | Epoch 00115 | Loss 0.9598 | Train 0.6478 | Val 0.6435 | Test 0.4933
Run 00 | Epoch 00116 | Loss 0.9534 | Train 0.6491 | Val 0.6442 | Test 0.4945
Run 00 | Epoch 00117 | Loss 0.9431 | Train 0.6504 | Val 0.6458 | Test 0.4955
Run 00 | Epoch 00118 | Loss 0.9354 | Train 0.6516 | Val 0.6469 | Test 0.4966
Run 00 | Epoch 00119 | Loss 0.9304 | Train 0.6530 | Val 0.6487 | Test 0.4978
Run 00 | Epoch 00120 | Loss 0.9197 | Train 0.6541 | Val 0.6498 | Test 0.4988
Run 00 | Epoch 00121 | Loss 0.9167 | Train 0.6550 | Val 0.6506 | Test 0.4997
Run 00 | Epoch 00122 | Loss 0.9086 | Train 0.6559 | Val 0.6514 | Test 0.5008
Run 00 | Epoch 00123 | Loss 0.8982 | Train 0.6569 | Val 0.6522 | Test 0.5017
Run 00 | Epoch 00124 | Loss 0.8958 | Train 0.6578 | Val 0.6534 | Test 0.5026
Run 00 | Epoch 00125 | Loss 0.8886 | Train 0.6588 | Val 0.6538 | Test 0.5034
Run 00 | Epoch 00126 | Loss 0.8812 | Train 0.6598 | Val 0.6543 | Test 0.5042
Run 00 | Epoch 00127 | Loss 0.8797 | Train 0.6606 | Val 0.6553 | Test 0.5049
Run 00 | Epoch 00128 | Loss 0.8669 | Train 0.6618 | Val 0.6561 | Test 0.5057
Run 00 | Epoch 00129 | Loss 0.8615 | Train 0.6626 | Val 0.6565 | Test 0.5063
Run 00 | Epoch 00130 | Loss 0.8618 | Train 0.6634 | Val 0.6575 | Test 0.5069
Run 00 | Epoch 00131 | Loss 0.8543 | Train 0.6642 | Val 0.6581 | Test 0.5076
Run 00 | Epoch 00132 | Loss 0.8550 | Train 0.6650 | Val 0.6590 | Test 0.5084
Run 00 | Epoch 00133 | Loss 0.8452 | Train 0.6663 | Val 0.6602 | Test 0.5091
Run 00 | Epoch 00134 | Loss 0.8396 | Train 0.6670 | Val 0.6608 | Test 0.5099
Run 00 | Epoch 00135 | Loss 0.8342 | Train 0.6678 | Val 0.6616 | Test 0.5107
Run 00 | Epoch 00136 | Loss 0.8278 | Train 0.6688 | Val 0.6629 | Test 0.5116
Run 00 | Epoch 00137 | Loss 0.8191 | Train 0.6699 | Val 0.6638 | Test 0.5124
Run 00 | Epoch 00138 | Loss 0.8167 | Train 0.6709 | Val 0.6648 | Test 0.5132
Run 00 | Epoch 00139 | Loss 0.8155 | Train 0.6716 | Val 0.6659 | Test 0.5140
Run 00 | Epoch 00140 | Loss 0.8094 | Train 0.6724 | Val 0.6665 | Test 0.5146
Run 00 | Epoch 00141 | Loss 0.7993 | Train 0.6731 | Val 0.6675 | Test 0.5153
Run 00 | Epoch 00142 | Loss 0.8015 | Train 0.6741 | Val 0.6684 | Test 0.5160
Run 00 | Epoch 00143 | Loss 0.7980 | Train 0.6749 | Val 0.6693 | Test 0.5165
Run 00 | Epoch 00144 | Loss 0.7913 | Train 0.6756 | Val 0.6702 | Test 0.5172
Run 00 | Epoch 00145 | Loss 0.7921 | Train 0.6763 | Val 0.6710 | Test 0.5177
Run 00 | Epoch 00146 | Loss 0.7816 | Train 0.6770 | Val 0.6718 | Test 0.5184
Run 00 | Epoch 00147 | Loss 0.7784 | Train 0.6777 | Val 0.6727 | Test 0.5189
Run 00 | Epoch 00148 | Loss 0.7756 | Train 0.6786 | Val 0.6734 | Test 0.5195
Run 00 | Epoch 00149 | Loss 0.7742 | Train 0.6795 | Val 0.6744 | Test 0.5201
Run 00 | Epoch 00150 | Loss 0.7730 | Train 0.6806 | Val 0.6751 | Test 0.5207
Run 00 | Epoch 00151 | Loss 0.7672 | Train 0.6813 | Val 0.6758 | Test 0.5214
Run 00 | Epoch 00152 | Loss 0.7531 | Train 0.6823 | Val 0.6766 | Test 0.5221
Run 00 | Epoch 00153 | Loss 0.7567 | Train 0.6831 | Val 0.6777 | Test 0.5227
Run 00 | Epoch 00154 | Loss 0.7526 | Train 0.6844 | Val 0.6787 | Test 0.5234
Run 00 | Epoch 00155 | Loss 0.7548 | Train 0.6852 | Val 0.6792 | Test 0.5242
Run 00 | Epoch 00156 | Loss 0.7491 | Train 0.6862 | Val 0.6803 | Test 0.5248
Run 00 | Epoch 00157 | Loss 0.7463 | Train 0.6873 | Val 0.6811 | Test 0.5255
Run 00 | Epoch 00158 | Loss 0.7416 | Train 0.6880 | Val 0.6818 | Test 0.5260
Run 00 | Epoch 00159 | Loss 0.7395 | Train 0.6887 | Val 0.6825 | Test 0.5264
Run 00 | Epoch 00160 | Loss 0.7365 | Train 0.6894 | Val 0.6829 | Test 0.5269
Run 00 | Epoch 00161 | Loss 0.7346 | Train 0.6897 | Val 0.6838 | Test 0.5274
Run 00 | Epoch 00162 | Loss 0.7332 | Train 0.6904 | Val 0.6842 | Test 0.5278
Run 00 | Epoch 00163 | Loss 0.7272 | Train 0.6910 | Val 0.6848 | Test 0.5284
Run 00 | Epoch 00164 | Loss 0.7249 | Train 0.6919 | Val 0.6853 | Test 0.5290
Run 00 | Epoch 00165 | Loss 0.7236 | Train 0.6925 | Val 0.6862 | Test 0.5296
Run 00 | Epoch 00166 | Loss 0.7187 | Train 0.6935 | Val 0.6872 | Test 0.5302
Run 00 | Epoch 00167 | Loss 0.7188 | Train 0.6943 | Val 0.6885 | Test 0.5308
Run 00 | Epoch 00168 | Loss 0.7127 | Train 0.6948 | Val 0.6891 | Test 0.5314
Run 00 | Epoch 00169 | Loss 0.7108 | Train 0.6956 | Val 0.6903 | Test 0.5320
Run 00 | Epoch 00170 | Loss 0.7112 | Train 0.6962 | Val 0.6910 | Test 0.5325
Run 00 | Epoch 00171 | Loss 0.7053 | Train 0.6969 | Val 0.6917 | Test 0.5330
Run 00 | Epoch 00172 | Loss 0.7053 | Train 0.6975 | Val 0.6922 | Test 0.5334
Run 00 | Epoch 00173 | Loss 0.7008 | Train 0.6984 | Val 0.6928 | Test 0.5340
Run 00 | Epoch 00174 | Loss 0.6992 | Train 0.6992 | Val 0.6932 | Test 0.5346
Run 00 | Epoch 00175 | Loss 0.6965 | Train 0.6998 | Val 0.6938 | Test 0.5352
Run 00 | Epoch 00176 | Loss 0.6940 | Train 0.7003 | Val 0.6949 | Test 0.5357
Run 00 | Epoch 00177 | Loss 0.6948 | Train 0.7005 | Val 0.6953 | Test 0.5362
Run 00 | Epoch 00178 | Loss 0.6890 | Train 0.7013 | Val 0.6957 | Test 0.5366
Run 00 | Epoch 00179 | Loss 0.6889 | Train 0.7019 | Val 0.6963 | Test 0.5370
Run 00 | Epoch 00180 | Loss 0.6848 | Train 0.7025 | Val 0.6969 | Test 0.5374
Run 00 | Epoch 00181 | Loss 0.6846 | Train 0.7031 | Val 0.6974 | Test 0.5378
Run 00 | Epoch 00182 | Loss 0.6806 | Train 0.7036 | Val 0.6978 | Test 0.5381
Run 00 | Epoch 00183 | Loss 0.6808 | Train 0.7038 | Val 0.6986 | Test 0.5386
Run 00 | Epoch 00184 | Loss 0.6766 | Train 0.7043 | Val 0.6990 | Test 0.5390
Run 00 | Epoch 00185 | Loss 0.6741 | Train 0.7047 | Val 0.6995 | Test 0.5394
Run 00 | Epoch 00186 | Loss 0.6760 | Train 0.7052 | Val 0.7004 | Test 0.5398
Run 00 | Epoch 00187 | Loss 0.6710 | Train 0.7056 | Val 0.7010 | Test 0.5402
Run 00 | Epoch 00188 | Loss 0.6705 | Train 0.7062 | Val 0.7018 | Test 0.5407
Run 00 | Epoch 00189 | Loss 0.6701 | Train 0.7065 | Val 0.7021 | Test 0.5410
Run 00 | Epoch 00190 | Loss 0.6640 | Train 0.7069 | Val 0.7025 | Test 0.5414
Run 00 | Epoch 00191 | Loss 0.6679 | Train 0.7073 | Val 0.7028 | Test 0.5417
Run 00 | Epoch 00192 | Loss 0.6667 | Train 0.7075 | Val 0.7029 | Test 0.5420
Run 00 | Epoch 00193 | Loss 0.6608 | Train 0.7081 | Val 0.7029 | Test 0.5424
Run 00 | Epoch 00194 | Loss 0.6587 | Train 0.7085 | Val 0.7030 | Test 0.5426
Run 00 | Epoch 00195 | Loss 0.6580 | Train 0.7086 | Val 0.7032 | Test 0.5429
Run 00 | Epoch 00196 | Loss 0.6564 | Train 0.7090 | Val 0.7035 | Test 0.5431
Run 00 | Epoch 00197 | Loss 0.6539 | Train 0.7093 | Val 0.7034 | Test 0.5433
Run 00 | Epoch 00198 | Loss 0.6553 | Train 0.7095 | Val 0.7034 | Test 0.5435
Run 00 | Epoch 00199 | Loss 0.6531 | Train 0.7099 | Val 0.7034 | Test 0.5436
Run 00 | Epoch 00200 | Loss 0.6505 | Train 0.7099 | Val 0.7036 | Test 0.5437
Run 00 | Epoch 00201 | Loss 0.6519 | Train 0.7099 | Val 0.7036 | Test 0.5437
Run 00 | Epoch 00202 | Loss 0.6511 | Train 0.7100 | Val 0.7037 | Test 0.5437
Run 00 | Epoch 00203 | Loss 0.6453 | Train 0.7101 | Val 0.7035 | Test 0.5437
Run 00 | Epoch 00204 | Loss 0.6470 | Train 0.7103 | Val 0.7035 | Test 0.5438
Run 00 | Epoch 00205 | Loss 0.6422 | Train 0.7103 | Val 0.7038 | Test 0.5440
Run 00 | Epoch 00206 | Loss 0.6401 | Train 0.7107 | Val 0.7040 | Test 0.5442
Run 00 | Epoch 00207 | Loss 0.6419 | Train 0.7111 | Val 0.7044 | Test 0.5446
Run 00 | Epoch 00208 | Loss 0.6361 | Train 0.7116 | Val 0.7050 | Test 0.5451
Run 00 | Epoch 00209 | Loss 0.6384 | Train 0.7122 | Val 0.7054 | Test 0.5456
Run 00 | Epoch 00210 | Loss 0.6358 | Train 0.7128 | Val 0.7062 | Test 0.5461
Run 00 | Epoch 00211 | Loss 0.6340 | Train 0.7133 | Val 0.7069 | Test 0.5466
Run 00 | Epoch 00212 | Loss 0.6342 | Train 0.7139 | Val 0.7074 | Test 0.5472
Run 00 | Epoch 00213 | Loss 0.6295 | Train 0.7143 | Val 0.7078 | Test 0.5476
Run 00 | Epoch 00214 | Loss 0.6292 | Train 0.7145 | Val 0.7080 | Test 0.5480
Run 00 | Epoch 00215 | Loss 0.6283 | Train 0.7147 | Val 0.7083 | Test 0.5483
Run 00 | Epoch 00216 | Loss 0.6290 | Train 0.7150 | Val 0.7087 | Test 0.5487
Run 00 | Epoch 00217 | Loss 0.6280 | Train 0.7151 | Val 0.7090 | Test 0.5490
Run 00 | Epoch 00218 | Loss 0.6263 | Train 0.7153 | Val 0.7093 | Test 0.5492
Run 00 | Epoch 00219 | Loss 0.6287 | Train 0.7156 | Val 0.7098 | Test 0.5495
Run 00 | Epoch 00220 | Loss 0.6251 | Train 0.7157 | Val 0.7103 | Test 0.5497
Run 00 | Epoch 00221 | Loss 0.6228 | Train 0.7157 | Val 0.7102 | Test 0.5500
Run 00 | Epoch 00222 | Loss 0.6245 | Train 0.7158 | Val 0.7100 | Test 0.5500
Run 00 | Epoch 00223 | Loss 0.6182 | Train 0.7159 | Val 0.7103 | Test 0.5502
Run 00 | Epoch 00224 | Loss 0.6208 | Train 0.7160 | Val 0.7105 | Test 0.5503
Run 00 | Epoch 00225 | Loss 0.6209 | Train 0.7161 | Val 0.7107 | Test 0.5505
Run 00 | Epoch 00226 | Loss 0.6179 | Train 0.7162 | Val 0.7109 | Test 0.5507
Run 00 | Epoch 00227 | Loss 0.6161 | Train 0.7162 | Val 0.7111 | Test 0.5509
Run 00 | Epoch 00228 | Loss 0.6145 | Train 0.7163 | Val 0.7113 | Test 0.5511
Run 00 | Epoch 00229 | Loss 0.6120 | Train 0.7165 | Val 0.7117 | Test 0.5513
Run 00 | Epoch 00230 | Loss 0.6140 | Train 0.7166 | Val 0.7118 | Test 0.5515
Run 00 | Epoch 00231 | Loss 0.6115 | Train 0.7168 | Val 0.7118 | Test 0.5516
Run 00 | Epoch 00232 | Loss 0.6098 | Train 0.7169 | Val 0.7118 | Test 0.5519
Run 00 | Epoch 00233 | Loss 0.6066 | Train 0.7170 | Val 0.7119 | Test 0.5520
Run 00 | Epoch 00234 | Loss 0.6087 | Train 0.7171 | Val 0.7123 | Test 0.5522
Run 00 | Epoch 00235 | Loss 0.6066 | Train 0.7171 | Val 0.7124 | Test 0.5523
Run 00 | Epoch 00236 | Loss 0.6057 | Train 0.7170 | Val 0.7124 | Test 0.5525
Run 00 | Epoch 00237 | Loss 0.6033 | Train 0.7171 | Val 0.7128 | Test 0.5527
Run 00 | Epoch 00238 | Loss 0.6035 | Train 0.7171 | Val 0.7129 | Test 0.5529
Run 00 | Epoch 00239 | Loss 0.6057 | Train 0.7172 | Val 0.7128 | Test 0.5530
Run 00 | Epoch 00240 | Loss 0.6015 | Train 0.7170 | Val 0.7129 | Test 0.5531
Run 00 | Epoch 00241 | Loss 0.6032 | Train 0.7172 | Val 0.7133 | Test 0.5533
Run 00 | Epoch 00242 | Loss 0.6012 | Train 0.7171 | Val 0.7133 | Test 0.5533
Run 00 | Epoch 00243 | Loss 0.5981 | Train 0.7170 | Val 0.7133 | Test 0.5533
Run 00 | Epoch 00244 | Loss 0.5987 | Train 0.7172 | Val 0.7134 | Test 0.5535
Run 00 | Epoch 00245 | Loss 0.5984 | Train 0.7171 | Val 0.7133 | Test 0.5535
Run 00 | Epoch 00246 | Loss 0.5948 | Train 0.7172 | Val 0.7136 | Test 0.5534
Run 00 | Epoch 00247 | Loss 0.5941 | Train 0.7171 | Val 0.7138 | Test 0.5535
Run 00 | Epoch 00248 | Loss 0.5958 | Train 0.7172 | Val 0.7138 | Test 0.5536
Run 00 | Epoch 00249 | Loss 0.5946 | Train 0.7171 | Val 0.7141 | Test 0.5537
Run 00 | Epoch 00250 | Loss 0.5965 | Train 0.7172 | Val 0.7143 | Test 0.5539
Run 00 | Epoch 00251 | Loss 0.5964 | Train 0.7174 | Val 0.7144 | Test 0.5540
Run 00 | Epoch 00252 | Loss 0.5918 | Train 0.7175 | Val 0.7145 | Test 0.5541
Run 00 | Epoch 00253 | Loss 0.5944 | Train 0.7176 | Val 0.7145 | Test 0.5542
Run 00 | Epoch 00254 | Loss 0.5920 | Train 0.7178 | Val 0.7145 | Test 0.5542
Run 00 | Epoch 00255 | Loss 0.5884 | Train 0.7178 | Val 0.7144 | Test 0.5543
Run 00 | Epoch 00256 | Loss 0.5879 | Train 0.7178 | Val 0.7145 | Test 0.5543
Run 00 | Epoch 00257 | Loss 0.5889 | Train 0.7179 | Val 0.7148 | Test 0.5544
Run 00 | Epoch 00258 | Loss 0.5910 | Train 0.7178 | Val 0.7147 | Test 0.5545
Run 00 | Epoch 00259 | Loss 0.5862 | Train 0.7179 | Val 0.7146 | Test 0.5546
Run 00 | Epoch 00260 | Loss 0.5855 | Train 0.7184 | Val 0.7148 | Test 0.5549
Run 00 | Epoch 00261 | Loss 0.5861 | Train 0.7184 | Val 0.7149 | Test 0.5551
Run 00 | Epoch 00262 | Loss 0.5829 | Train 0.7184 | Val 0.7150 | Test 0.5551
Run 00 | Epoch 00263 | Loss 0.5830 | Train 0.7184 | Val 0.7149 | Test 0.5551
Run 00 | Epoch 00264 | Loss 0.5827 | Train 0.7181 | Val 0.7149 | Test 0.5550
Run 00 | Epoch 00265 | Loss 0.5835 | Train 0.7178 | Val 0.7147 | Test 0.5550
Run 00 | Epoch 00266 | Loss 0.5799 | Train 0.7177 | Val 0.7145 | Test 0.5550
Run 00 | Epoch 00267 | Loss 0.5823 | Train 0.7176 | Val 0.7144 | Test 0.5549
Run 00 | Epoch 00268 | Loss 0.5810 | Train 0.7175 | Val 0.7143 | Test 0.5550
Run 00 | Epoch 00269 | Loss 0.5803 | Train 0.7176 | Val 0.7145 | Test 0.5551
Run 00 | Epoch 00270 | Loss 0.5803 | Train 0.7176 | Val 0.7148 | Test 0.5552
Run 00 | Epoch 00271 | Loss 0.5793 | Train 0.7176 | Val 0.7146 | Test 0.5553
Run 00 | Epoch 00272 | Loss 0.5780 | Train 0.7177 | Val 0.7148 | Test 0.5554
Run 00 | Epoch 00273 | Loss 0.5764 | Train 0.7178 | Val 0.7150 | Test 0.5554
Run 00 | Epoch 00274 | Loss 0.5770 | Train 0.7177 | Val 0.7150 | Test 0.5555
Run 00 | Epoch 00275 | Loss 0.5779 | Train 0.7178 | Val 0.7147 | Test 0.5556
Run 00 | Epoch 00276 | Loss 0.5704 | Train 0.7179 | Val 0.7149 | Test 0.5557
Run 00 | Epoch 00277 | Loss 0.5706 | Train 0.7181 | Val 0.7150 | Test 0.5559
Run 00 | Epoch 00278 | Loss 0.5749 | Train 0.7184 | Val 0.7151 | Test 0.5561
Run 00 | Epoch 00279 | Loss 0.5724 | Train 0.7186 | Val 0.7155 | Test 0.5563
Run 00 | Epoch 00280 | Loss 0.5726 | Train 0.7189 | Val 0.7157 | Test 0.5565
Run 00 | Epoch 00281 | Loss 0.5729 | Train 0.7190 | Val 0.7157 | Test 0.5566
Run 00 | Epoch 00282 | Loss 0.5721 | Train 0.7189 | Val 0.7157 | Test 0.5567
Run 00 | Epoch 00283 | Loss 0.5716 | Train 0.7188 | Val 0.7158 | Test 0.5567
Run 00 | Epoch 00284 | Loss 0.5682 | Train 0.7185 | Val 0.7158 | Test 0.5567
Run 00 | Epoch 00285 | Loss 0.5676 | Train 0.7183 | Val 0.7157 | Test 0.5565
Run 00 | Epoch 00286 | Loss 0.5687 | Train 0.7182 | Val 0.7156 | Test 0.5565
Run 00 | Epoch 00287 | Loss 0.5658 | Train 0.7182 | Val 0.7153 | Test 0.5566
Run 00 | Epoch 00288 | Loss 0.5637 | Train 0.7180 | Val 0.7154 | Test 0.5565
Run 00 | Epoch 00289 | Loss 0.5643 | Train 0.7179 | Val 0.7154 | Test 0.5565
Run 00 | Epoch 00290 | Loss 0.5652 | Train 0.7175 | Val 0.7152 | Test 0.5564
Run 00 | Epoch 00291 | Loss 0.5652 | Train 0.7173 | Val 0.7150 | Test 0.5562
Run 00 | Epoch 00292 | Loss 0.5640 | Train 0.7170 | Val 0.7147 | Test 0.5561
Run 00 | Epoch 00293 | Loss 0.5674 | Train 0.7167 | Val 0.7143 | Test 0.5560
Run 00 | Epoch 00294 | Loss 0.5629 | Train 0.7166 | Val 0.7143 | Test 0.5559
Run 00 | Epoch 00295 | Loss 0.5622 | Train 0.7164 | Val 0.7137 | Test 0.5558
Run 00 | Epoch 00296 | Loss 0.5637 | Train 0.7163 | Val 0.7138 | Test 0.5558
Run 00 | Epoch 00297 | Loss 0.5581 | Train 0.7163 | Val 0.7136 | Test 0.5557
Run 00 | Epoch 00298 | Loss 0.5609 | Train 0.7162 | Val 0.7134 | Test 0.5557
Run 00 | Epoch 00299 | Loss 0.5592 | Train 0.7164 | Val 0.7135 | Test 0.5559
Run 00 | Epoch 00300 | Loss 0.5590 | Train 0.7165 | Val 0.7136 | Test 0.5561
Run 00 | Epoch 00301 | Loss 0.5616 | Train 0.7165 | Val 0.7140 | Test 0.5563
Run 00 | Epoch 00302 | Loss 0.5590 | Train 0.7165 | Val 0.7140 | Test 0.5565
Run 00 | Epoch 00303 | Loss 0.5583 | Train 0.7167 | Val 0.7138 | Test 0.5567
Run 00 | Epoch 00304 | Loss 0.5562 | Train 0.7167 | Val 0.7139 | Test 0.5567
Run 00 | Epoch 00305 | Loss 0.5553 | Train 0.7166 | Val 0.7138 | Test 0.5568
Run 00 | Epoch 00306 | Loss 0.5562 | Train 0.7166 | Val 0.7135 | Test 0.5568
Run 00 | Epoch 00307 | Loss 0.5588 | Train 0.7166 | Val 0.7135 | Test 0.5569
Run 00 | Epoch 00308 | Loss 0.5556 | Train 0.7166 | Val 0.7136 | Test 0.5569
Run 00 | Epoch 00309 | Loss 0.5542 | Train 0.7164 | Val 0.7133 | Test 0.5569
Run 00 | Epoch 00310 | Loss 0.5541 | Train 0.7165 | Val 0.7133 | Test 0.5570
Run 00 | Epoch 00311 | Loss 0.5542 | Train 0.7163 | Val 0.7130 | Test 0.5569
Run 00 | Epoch 00312 | Loss 0.5523 | Train 0.7163 | Val 0.7130 | Test 0.5569
Run 00 | Epoch 00313 | Loss 0.5541 | Train 0.7162 | Val 0.7129 | Test 0.5568
Run 00 | Epoch 00314 | Loss 0.5520 | Train 0.7162 | Val 0.7133 | Test 0.5567
Run 00 | Epoch 00315 | Loss 0.5543 | Train 0.7160 | Val 0.7132 | Test 0.5565
Run 00 | Epoch 00316 | Loss 0.5523 | Train 0.7160 | Val 0.7131 | Test 0.5564
Run 00 | Epoch 00317 | Loss 0.5509 | Train 0.7158 | Val 0.7131 | Test 0.5564
Run 00 | Epoch 00318 | Loss 0.5503 | Train 0.7158 | Val 0.7129 | Test 0.5563
Run 00 | Epoch 00319 | Loss 0.5483 | Train 0.7157 | Val 0.7127 | Test 0.5563
Run 00 | Epoch 00320 | Loss 0.5487 | Train 0.7157 | Val 0.7129 | Test 0.5563
Run 00 | Epoch 00321 | Loss 0.5477 | Train 0.7159 | Val 0.7132 | Test 0.5564
Run 00 | Epoch 00322 | Loss 0.5479 | Train 0.7161 | Val 0.7133 | Test 0.5566
Run 00 | Epoch 00323 | Loss 0.5476 | Train 0.7160 | Val 0.7134 | Test 0.5568
Run 00 | Epoch 00324 | Loss 0.5485 | Train 0.7160 | Val 0.7133 | Test 0.5569
Run 00 | Epoch 00325 | Loss 0.5452 | Train 0.7160 | Val 0.7134 | Test 0.5570
Run 00 | Epoch 00326 | Loss 0.5475 | Train 0.7160 | Val 0.7137 | Test 0.5571
Run 00 | Epoch 00327 | Loss 0.5462 | Train 0.7161 | Val 0.7137 | Test 0.5573
Run 00 | Epoch 00328 | Loss 0.5480 | Train 0.7160 | Val 0.7137 | Test 0.5573
Run 00 | Epoch 00329 | Loss 0.5471 | Train 0.7161 | Val 0.7139 | Test 0.5574
Run 00 | Epoch 00330 | Loss 0.5464 | Train 0.7161 | Val 0.7139 | Test 0.5574
Run 00 | Epoch 00331 | Loss 0.5447 | Train 0.7161 | Val 0.7138 | Test 0.5573
Run 00 | Epoch 00332 | Loss 0.5420 | Train 0.7160 | Val 0.7136 | Test 0.5572
Run 00 | Epoch 00333 | Loss 0.5448 | Train 0.7156 | Val 0.7134 | Test 0.5570
Run 00 | Epoch 00334 | Loss 0.5443 | Train 0.7151 | Val 0.7131 | Test 0.5567
Run 00 | Epoch 00335 | Loss 0.5421 | Train 0.7145 | Val 0.7125 | Test 0.5564
Run 00 | Epoch 00336 | Loss 0.5408 | Train 0.7144 | Val 0.7121 | Test 0.5563
Run 00 | Epoch 00337 | Loss 0.5420 | Train 0.7141 | Val 0.7120 | Test 0.5561
Run 00 | Epoch 00338 | Loss 0.5416 | Train 0.7140 | Val 0.7116 | Test 0.5560
Run 00 | Epoch 00339 | Loss 0.5419 | Train 0.7136 | Val 0.7114 | Test 0.5558
Run 00 | Epoch 00340 | Loss 0.5400 | Train 0.7134 | Val 0.7111 | Test 0.5557
Run 00 | Epoch 00341 | Loss 0.5381 | Train 0.7135 | Val 0.7112 | Test 0.5559
Run 00 | Epoch 00342 | Loss 0.5391 | Train 0.7137 | Val 0.7115 | Test 0.5561
Run 00 | Epoch 00343 | Loss 0.5391 | Train 0.7139 | Val 0.7118 | Test 0.5564
Run 00 | Epoch 00344 | Loss 0.5409 | Train 0.7141 | Val 0.7121 | Test 0.5567
Run 00 | Epoch 00345 | Loss 0.5396 | Train 0.7146 | Val 0.7125 | Test 0.5570
Run 00 | Epoch 00346 | Loss 0.5370 | Train 0.7147 | Val 0.7127 | Test 0.5572
Run 00 | Epoch 00347 | Loss 0.5370 | Train 0.7146 | Val 0.7126 | Test 0.5573
Run 00 | Epoch 00348 | Loss 0.5392 | Train 0.7145 | Val 0.7125 | Test 0.5573
Run 00 | Epoch 00349 | Loss 0.5353 | Train 0.7144 | Val 0.7122 | Test 0.5572
Run 00 | Epoch 00350 | Loss 0.5345 | Train 0.7143 | Val 0.7121 | Test 0.5572
Run 00 | Epoch 00351 | Loss 0.5384 | Train 0.7143 | Val 0.7120 | Test 0.5572
Run 00 | Epoch 00352 | Loss 0.5368 | Train 0.7141 | Val 0.7118 | Test 0.5571
Run 00 | Epoch 00353 | Loss 0.5356 | Train 0.7141 | Val 0.7119 | Test 0.5569
Run 00 | Epoch 00354 | Loss 0.5337 | Train 0.7140 | Val 0.7118 | Test 0.5569
Run 00 | Epoch 00355 | Loss 0.5336 | Train 0.7139 | Val 0.7118 | Test 0.5568
Run 00 | Epoch 00356 | Loss 0.5343 | Train 0.7138 | Val 0.7119 | Test 0.5567
Run 00 | Epoch 00357 | Loss 0.5323 | Train 0.7137 | Val 0.7118 | Test 0.5566
Run 00 | Epoch 00358 | Loss 0.5333 | Train 0.7137 | Val 0.7118 | Test 0.5566
Run 00 | Epoch 00359 | Loss 0.5333 | Train 0.7137 | Val 0.7117 | Test 0.5567
Run 00 | Epoch 00360 | Loss 0.5317 | Train 0.7135 | Val 0.7114 | Test 0.5566
Run 00 | Epoch 00361 | Loss 0.5306 | Train 0.7134 | Val 0.7113 | Test 0.5566
Run 00 | Epoch 00362 | Loss 0.5291 | Train 0.7133 | Val 0.7112 | Test 0.5565
Run 00 | Epoch 00363 | Loss 0.5312 | Train 0.7133 | Val 0.7112 | Test 0.5565
Run 00 | Epoch 00364 | Loss 0.5322 | Train 0.7132 | Val 0.7112 | Test 0.5565
Run 00 | Epoch 00365 | Loss 0.5303 | Train 0.7131 | Val 0.7113 | Test 0.5564
Run 00 | Epoch 00366 | Loss 0.5298 | Train 0.7129 | Val 0.7113 | Test 0.5564
Run 00 | Epoch 00367 | Loss 0.5274 | Train 0.7128 | Val 0.7112 | Test 0.5563
Run 00 | Epoch 00368 | Loss 0.5264 | Train 0.7127 | Val 0.7111 | Test 0.5562
Run 00 | Epoch 00369 | Loss 0.5303 | Train 0.7126 | Val 0.7110 | Test 0.5561
Run 00 | Epoch 00370 | Loss 0.5276 | Train 0.7127 | Val 0.7107 | Test 0.5561
Run 00 | Epoch 00371 | Loss 0.5263 | Train 0.7126 | Val 0.7104 | Test 0.5560
Run 00 | Epoch 00372 | Loss 0.5323 | Train 0.7126 | Val 0.7104 | Test 0.5560
Run 00 | Epoch 00373 | Loss 0.5265 | Train 0.7126 | Val 0.7103 | Test 0.5561
Run 00 | Epoch 00374 | Loss 0.5273 | Train 0.7126 | Val 0.7103 | Test 0.5561
Run 00 | Epoch 00375 | Loss 0.5273 | Train 0.7124 | Val 0.7100 | Test 0.5560
Run 00 | Epoch 00376 | Loss 0.5280 | Train 0.7123 | Val 0.7097 | Test 0.5559
Run 00 | Epoch 00377 | Loss 0.5273 | Train 0.7123 | Val 0.7096 | Test 0.5558
Run 00 | Epoch 00378 | Loss 0.5273 | Train 0.7122 | Val 0.7095 | Test 0.5557
Run 00 | Epoch 00379 | Loss 0.5249 | Train 0.7119 | Val 0.7094 | Test 0.5555
Run 00 | Epoch 00380 | Loss 0.5267 | Train 0.7119 | Val 0.7094 | Test 0.5555
Run 00 | Epoch 00381 | Loss 0.5231 | Train 0.7120 | Val 0.7093 | Test 0.5555
Run 00 | Epoch 00382 | Loss 0.5244 | Train 0.7119 | Val 0.7093 | Test 0.5556
Run 00 | Epoch 00383 | Loss 0.5217 | Train 0.7118 | Val 0.7092 | Test 0.5555
Run 00 | Epoch 00384 | Loss 0.5263 | Train 0.7117 | Val 0.7089 | Test 0.5554
Run 00 | Epoch 00385 | Loss 0.5241 | Train 0.7114 | Val 0.7086 | Test 0.5553
Run 00 | Epoch 00386 | Loss 0.5239 | Train 0.7112 | Val 0.7085 | Test 0.5551
Run 00 | Epoch 00387 | Loss 0.5211 | Train 0.7111 | Val 0.7084 | Test 0.5550
Run 00 | Epoch 00388 | Loss 0.5244 | Train 0.7108 | Val 0.7081 | Test 0.5549
Run 00 | Epoch 00389 | Loss 0.5195 | Train 0.7108 | Val 0.7076 | Test 0.5548
Run 00 | Epoch 00390 | Loss 0.5200 | Train 0.7104 | Val 0.7072 | Test 0.5546
Run 00 | Epoch 00391 | Loss 0.5198 | Train 0.7101 | Val 0.7071 | Test 0.5544
Run 00 | Epoch 00392 | Loss 0.5204 | Train 0.7098 | Val 0.7068 | Test 0.5542
Run 00 | Epoch 00393 | Loss 0.5201 | Train 0.7095 | Val 0.7065 | Test 0.5540
Run 00 | Epoch 00394 | Loss 0.5181 | Train 0.7094 | Val 0.7062 | Test 0.5540
Run 00 | Epoch 00395 | Loss 0.5247 | Train 0.7095 | Val 0.7060 | Test 0.5540
Run 00 | Epoch 00396 | Loss 0.5226 | Train 0.7095 | Val 0.7061 | Test 0.5541
Run 00 | Epoch 00397 | Loss 0.5197 | Train 0.7097 | Val 0.7062 | Test 0.5543
Run 00 | Epoch 00398 | Loss 0.5219 | Train 0.7101 | Val 0.7065 | Test 0.5545
Run 00 | Epoch 00399 | Loss 0.5176 | Train 0.7102 | Val 0.7067 | Test 0.5547
Run 00 | Epoch 00400 | Loss 0.5211 | Train 0.7103 | Val 0.7068 | Test 0.5548
Run 00 | Epoch 00401 | Loss 0.5190 | Train 0.7104 | Val 0.7069 | Test 0.5549
Run 00 | Epoch 00402 | Loss 0.5191 | Train 0.7104 | Val 0.7066 | Test 0.5550
Run 00 | Epoch 00403 | Loss 0.5169 | Train 0.7103 | Val 0.7063 | Test 0.5549
Run 00 | Epoch 00404 | Loss 0.5174 | Train 0.7103 | Val 0.7063 | Test 0.5549
Run 00 | Epoch 00405 | Loss 0.5176 | Train 0.7101 | Val 0.7061 | Test 0.5548
Run 00 | Epoch 00406 | Loss 0.5169 | Train 0.7099 | Val 0.7059 | Test 0.5547
Run 00 | Epoch 00407 | Loss 0.5165 | Train 0.7099 | Val 0.7058 | Test 0.5547
Run 00 | Epoch 00408 | Loss 0.5142 | Train 0.7099 | Val 0.7057 | Test 0.5547
Run 00 | Epoch 00409 | Loss 0.5141 | Train 0.7099 | Val 0.7055 | Test 0.5548
Run 00 | Epoch 00410 | Loss 0.5155 | Train 0.7099 | Val 0.7057 | Test 0.5549
Run 00 | Epoch 00411 | Loss 0.5176 | Train 0.7100 | Val 0.7059 | Test 0.5549
Run 00 | Epoch 00412 | Loss 0.5146 | Train 0.7099 | Val 0.7057 | Test 0.5550
Run 00 | Epoch 00413 | Loss 0.5142 | Train 0.7098 | Val 0.7055 | Test 0.5550
Run 00 | Epoch 00414 | Loss 0.5132 | Train 0.7096 | Val 0.7056 | Test 0.5549
Run 00 | Epoch 00415 | Loss 0.5152 | Train 0.7096 | Val 0.7056 | Test 0.5549
Run 00 | Epoch 00416 | Loss 0.5160 | Train 0.7096 | Val 0.7056 | Test 0.5548
Run 00 | Epoch 00417 | Loss 0.5128 | Train 0.7097 | Val 0.7054 | Test 0.5548
Run 00 | Epoch 00418 | Loss 0.5143 | Train 0.7097 | Val 0.7057 | Test 0.5547
Run 00 | Epoch 00419 | Loss 0.5127 | Train 0.7095 | Val 0.7054 | Test 0.5547
Run 00 | Epoch 00420 | Loss 0.5137 | Train 0.7095 | Val 0.7054 | Test 0.5546
Run 00 | Epoch 00421 | Loss 0.5104 | Train 0.7092 | Val 0.7052 | Test 0.5545
Run 00 | Epoch 00422 | Loss 0.5145 | Train 0.7090 | Val 0.7050 | Test 0.5543
Run 00 | Epoch 00423 | Loss 0.5108 | Train 0.7088 | Val 0.7046 | Test 0.5542
Run 00 | Epoch 00424 | Loss 0.5100 | Train 0.7086 | Val 0.7043 | Test 0.5540
Run 00 | Epoch 00425 | Loss 0.5101 | Train 0.7085 | Val 0.7040 | Test 0.5539
Run 00 | Epoch 00426 | Loss 0.5082 | Train 0.7083 | Val 0.7039 | Test 0.5538
Run 00 | Epoch 00427 | Loss 0.5100 | Train 0.7083 | Val 0.7039 | Test 0.5538
Run 00 | Epoch 00428 | Loss 0.5116 | Train 0.7085 | Val 0.7038 | Test 0.5539
Run 00 | Epoch 00429 | Loss 0.5100 | Train 0.7085 | Val 0.7036 | Test 0.5539
Run 00 | Epoch 00430 | Loss 0.5098 | Train 0.7085 | Val 0.7034 | Test 0.5539
Run 00 | Epoch 00431 | Loss 0.5092 | Train 0.7085 | Val 0.7034 | Test 0.5539
Run 00 | Epoch 00432 | Loss 0.5065 | Train 0.7085 | Val 0.7036 | Test 0.5539
Run 00 | Epoch 00433 | Loss 0.5106 | Train 0.7085 | Val 0.7036 | Test 0.5539
Run 00 | Epoch 00434 | Loss 0.5080 | Train 0.7085 | Val 0.7036 | Test 0.5539
Run 00 | Epoch 00435 | Loss 0.5070 | Train 0.7086 | Val 0.7035 | Test 0.5539
Run 00 | Epoch 00436 | Loss 0.5088 | Train 0.7086 | Val 0.7033 | Test 0.5539
Run 00 | Epoch 00437 | Loss 0.5056 | Train 0.7083 | Val 0.7031 | Test 0.5539
Run 00 | Epoch 00438 | Loss 0.5073 | Train 0.7081 | Val 0.7030 | Test 0.5538
Run 00 | Epoch 00439 | Loss 0.5089 | Train 0.7079 | Val 0.7029 | Test 0.5537
Run 00 | Epoch 00440 | Loss 0.5051 | Train 0.7079 | Val 0.7029 | Test 0.5538
Run 00 | Epoch 00441 | Loss 0.5058 | Train 0.7079 | Val 0.7027 | Test 0.5538
Run 00 | Epoch 00442 | Loss 0.5063 | Train 0.7077 | Val 0.7025 | Test 0.5538
Run 00 | Epoch 00443 | Loss 0.5071 | Train 0.7076 | Val 0.7024 | Test 0.5536
Run 00 | Epoch 00444 | Loss 0.5071 | Train 0.7074 | Val 0.7026 | Test 0.5536
Run 00 | Epoch 00445 | Loss 0.5065 | Train 0.7074 | Val 0.7024 | Test 0.5536
Run 00 | Epoch 00446 | Loss 0.5063 | Train 0.7073 | Val 0.7023 | Test 0.5534
Run 00 | Epoch 00447 | Loss 0.5079 | Train 0.7072 | Val 0.7023 | Test 0.5533
Run 00 | Epoch 00448 | Loss 0.5029 | Train 0.7069 | Val 0.7020 | Test 0.5530
Run 00 | Epoch 00449 | Loss 0.5023 | Train 0.7068 | Val 0.7020 | Test 0.5529
Run 00 | Epoch 00450 | Loss 0.5024 | Train 0.7066 | Val 0.7019 | Test 0.5528
Run 00 | Epoch 00451 | Loss 0.5022 | Train 0.7064 | Val 0.7018 | Test 0.5527
Run 00 | Epoch 00452 | Loss 0.5029 | Train 0.7064 | Val 0.7019 | Test 0.5527
Run 00 | Epoch 00453 | Loss 0.5042 | Train 0.7064 | Val 0.7019 | Test 0.5528
Run 00 | Epoch 00454 | Loss 0.5022 | Train 0.7064 | Val 0.7020 | Test 0.5528
Run 00 | Epoch 00455 | Loss 0.4997 | Train 0.7064 | Val 0.7020 | Test 0.5528
Run 00 | Epoch 00456 | Loss 0.5040 | Train 0.7061 | Val 0.7016 | Test 0.5527
Run 00 | Epoch 00457 | Loss 0.5043 | Train 0.7059 | Val 0.7013 | Test 0.5525
Run 00 | Epoch 00458 | Loss 0.5012 | Train 0.7056 | Val 0.7008 | Test 0.5522
Run 00 | Epoch 00459 | Loss 0.5035 | Train 0.7053 | Val 0.7006 | Test 0.5520
Run 00 | Epoch 00460 | Loss 0.5018 | Train 0.7049 | Val 0.7003 | Test 0.5517
Run 00 | Epoch 00461 | Loss 0.4998 | Train 0.7045 | Val 0.6999 | Test 0.5514
Run 00 | Epoch 00462 | Loss 0.4997 | Train 0.7042 | Val 0.6997 | Test 0.5512
Run 00 | Epoch 00463 | Loss 0.5024 | Train 0.7040 | Val 0.6994 | Test 0.5511
Run 00 | Epoch 00464 | Loss 0.5002 | Train 0.7039 | Val 0.6992 | Test 0.5510
Run 00 | Epoch 00465 | Loss 0.4988 | Train 0.7039 | Val 0.6991 | Test 0.5510
Run 00 | Epoch 00466 | Loss 0.4991 | Train 0.7038 | Val 0.6992 | Test 0.5510
Run 00 | Epoch 00467 | Loss 0.4987 | Train 0.7037 | Val 0.6990 | Test 0.5510
Run 00 | Epoch 00468 | Loss 0.5016 | Train 0.7035 | Val 0.6987 | Test 0.5510
Run 00 | Epoch 00469 | Loss 0.4986 | Train 0.7036 | Val 0.6988 | Test 0.5511
Run 00 | Epoch 00470 | Loss 0.4977 | Train 0.7035 | Val 0.6989 | Test 0.5513
Run 00 | Epoch 00471 | Loss 0.4968 | Train 0.7037 | Val 0.6989 | Test 0.5514
Run 00 | Epoch 00472 | Loss 0.5003 | Train 0.7038 | Val 0.6988 | Test 0.5515
Run 00 | Epoch 00473 | Loss 0.4975 | Train 0.7038 | Val 0.6988 | Test 0.5515
Run 00 | Epoch 00474 | Loss 0.4980 | Train 0.7034 | Val 0.6985 | Test 0.5513
Run 00 | Epoch 00475 | Loss 0.4991 | Train 0.7029 | Val 0.6979 | Test 0.5509
Run 00 | Epoch 00476 | Loss 0.4986 | Train 0.7023 | Val 0.6974 | Test 0.5504
Run 00 | Epoch 00477 | Loss 0.4968 | Train 0.7017 | Val 0.6967 | Test 0.5499
Run 00 | Epoch 00478 | Loss 0.4982 | Train 0.7013 | Val 0.6964 | Test 0.5496
Run 00 | Epoch 00479 | Loss 0.4979 | Train 0.7013 | Val 0.6963 | Test 0.5495
Run 00 | Epoch 00480 | Loss 0.4958 | Train 0.7015 | Val 0.6962 | Test 0.5496
Run 00 | Epoch 00481 | Loss 0.4941 | Train 0.7016 | Val 0.6964 | Test 0.5497
Run 00 | Epoch 00482 | Loss 0.4964 | Train 0.7017 | Val 0.6966 | Test 0.5498
Run 00 | Epoch 00483 | Loss 0.4981 | Train 0.7017 | Val 0.6967 | Test 0.5497
Run 00 | Epoch 00484 | Loss 0.4949 | Train 0.7016 | Val 0.6965 | Test 0.5496
Run 00 | Epoch 00485 | Loss 0.4958 | Train 0.7012 | Val 0.6961 | Test 0.5494
Run 00 | Epoch 00486 | Loss 0.4956 | Train 0.7010 | Val 0.6960 | Test 0.5491
Run 00 | Epoch 00487 | Loss 0.4930 | Train 0.7006 | Val 0.6957 | Test 0.5488
Run 00 | Epoch 00488 | Loss 0.4954 | Train 0.7002 | Val 0.6952 | Test 0.5484
Run 00 | Epoch 00489 | Loss 0.4998 | Train 0.6997 | Val 0.6949 | Test 0.5480
Run 00 | Epoch 00490 | Loss 0.4931 | Train 0.6993 | Val 0.6944 | Test 0.5477
Run 00 | Epoch 00491 | Loss 0.4932 | Train 0.6987 | Val 0.6941 | Test 0.5474
Run 00 | Epoch 00492 | Loss 0.4924 | Train 0.6984 | Val 0.6938 | Test 0.5471
Run 00 | Epoch 00493 | Loss 0.4936 | Train 0.6981 | Val 0.6935 | Test 0.5469
Run 00 | Epoch 00494 | Loss 0.4962 | Train 0.6979 | Val 0.6932 | Test 0.5467
Run 00 | Epoch 00495 | Loss 0.4909 | Train 0.6975 | Val 0.6928 | Test 0.5464
Run 00 | Epoch 00496 | Loss 0.4937 | Train 0.6975 | Val 0.6925 | Test 0.5464
Run 00 | Epoch 00497 | Loss 0.4917 | Train 0.6975 | Val 0.6924 | Test 0.5465
Run 00 | Epoch 00498 | Loss 0.4933 | Train 0.6977 | Val 0.6924 | Test 0.5467
Run 00 | Epoch 00499 | Loss 0.4948 | Train 0.6980 | Val 0.6927 | Test 0.5469
The number of model layers:  3
Run 01:
Highest Train: 71.90
Highest Valid: 71.58
  Final Train: 71.85
   Final Test: 55.67
The number of model layers:  3
 
All runs:
Highest Train: 71.90 ± nan
Highest Valid: 71.58 ± nan
  Final Train: 71.85 ± nan
   Final Test: 55.67 ± nan
