main start at this time 1665984607.999917
-----------------------------------------before load data 
 Nvidia-smi: 0.30712890625 GB
    Memory Allocated: 0.0  GigaBytes
Max Memory Allocated: 0.0  GigaBytes

#nodes: 2449029
#edges: 123718024
#classes: 47
success----------------------------------------
196571
39255
2164782
# Nodes: 2400608
# Edges: 123718024
# Train: 196571
# Val: 39255
# Test: 2164782
# Classes: 47

in feats:  100
========    -------- the batch size current is  12289
Run 00 | Epoch 00000 | Loss 8.7847 | Train 0.0109 | Val 0.0112 | Test 0.0187
Run 00 | Epoch 00001 | Loss 8.3136 | Train 0.0113 | Val 0.0122 | Test 0.0192
Run 00 | Epoch 00002 | Loss 7.9572 | Train 0.0120 | Val 0.0128 | Test 0.0197
Run 00 | Epoch 00003 | Loss 7.4025 | Train 0.0127 | Val 0.0138 | Test 0.0203
Run 00 | Epoch 00004 | Loss 7.2386 | Train 0.0136 | Val 0.0148 | Test 0.0209
Run 00 | Epoch 00005 | Loss 6.9341 | Train 0.0146 | Val 0.0154 | Test 0.0216
Run 00 | Epoch 00006 | Loss 6.6910 | Train 0.0159 | Val 0.0169 | Test 0.0224
Run 00 | Epoch 00007 | Loss 6.2912 | Train 0.0172 | Val 0.0181 | Test 0.0233
Run 00 | Epoch 00008 | Loss 6.1225 | Train 0.0186 | Val 0.0195 | Test 0.0243
Run 00 | Epoch 00009 | Loss 5.9065 | Train 0.0203 | Val 0.0210 | Test 0.0254
Run 00 | Epoch 00010 | Loss 5.6675 | Train 0.0223 | Val 0.0228 | Test 0.0266
Run 00 | Epoch 00011 | Loss 5.5401 | Train 0.0244 | Val 0.0246 | Test 0.0280
Run 00 | Epoch 00012 | Loss 5.3241 | Train 0.0267 | Val 0.0265 | Test 0.0295
Run 00 | Epoch 00013 | Loss 5.2268 | Train 0.0293 | Val 0.0291 | Test 0.0312
Run 00 | Epoch 00014 | Loss 5.0731 | Train 0.0323 | Val 0.0316 | Test 0.0331
Run 00 | Epoch 00015 | Loss 4.9590 | Train 0.0350 | Val 0.0344 | Test 0.0351
Run 00 | Epoch 00016 | Loss 4.7792 | Train 0.0382 | Val 0.0382 | Test 0.0373
Run 00 | Epoch 00017 | Loss 4.5902 | Train 0.0416 | Val 0.0411 | Test 0.0395
Run 00 | Epoch 00018 | Loss 4.5857 | Train 0.0450 | Val 0.0445 | Test 0.0418
Run 00 | Epoch 00019 | Loss 4.4021 | Train 0.0487 | Val 0.0474 | Test 0.0444
Run 00 | Epoch 00020 | Loss 4.3832 | Train 0.0524 | Val 0.0508 | Test 0.0471
Run 00 | Epoch 00021 | Loss 4.2427 | Train 0.0568 | Val 0.0547 | Test 0.0499
Run 00 | Epoch 00022 | Loss 4.1370 | Train 0.0611 | Val 0.0585 | Test 0.0528
Run 00 | Epoch 00023 | Loss 4.0863 | Train 0.0655 | Val 0.0622 | Test 0.0558
Run 00 | Epoch 00024 | Loss 3.9908 | Train 0.0704 | Val 0.0667 | Test 0.0589
Run 00 | Epoch 00025 | Loss 3.8993 | Train 0.0754 | Val 0.0703 | Test 0.0621
Run 00 | Epoch 00026 | Loss 3.8611 | Train 0.0801 | Val 0.0743 | Test 0.0653
Run 00 | Epoch 00027 | Loss 3.7980 | Train 0.0848 | Val 0.0782 | Test 0.0686
Run 00 | Epoch 00028 | Loss 3.6778 | Train 0.0898 | Val 0.0833 | Test 0.0720
Run 00 | Epoch 00029 | Loss 3.6298 | Train 0.0951 | Val 0.0884 | Test 0.0754
Run 00 | Epoch 00030 | Loss 3.5751 | Train 0.1003 | Val 0.0935 | Test 0.0788
Run 00 | Epoch 00031 | Loss 3.5424 | Train 0.1054 | Val 0.0983 | Test 0.0824
Run 00 | Epoch 00032 | Loss 3.4937 | Train 0.1107 | Val 0.1030 | Test 0.0859
Run 00 | Epoch 00033 | Loss 3.4461 | Train 0.1160 | Val 0.1076 | Test 0.0895
Run 00 | Epoch 00034 | Loss 3.4356 | Train 0.1215 | Val 0.1130 | Test 0.0931
Run 00 | Epoch 00035 | Loss 3.3997 | Train 0.1270 | Val 0.1192 | Test 0.0968
Run 00 | Epoch 00036 | Loss 3.3452 | Train 0.1326 | Val 0.1252 | Test 0.1006
Run 00 | Epoch 00037 | Loss 3.2928 | Train 0.1385 | Val 0.1309 | Test 0.1045
Run 00 | Epoch 00038 | Loss 3.1900 | Train 0.1443 | Val 0.1373 | Test 0.1083
Run 00 | Epoch 00039 | Loss 3.1400 | Train 0.1504 | Val 0.1426 | Test 0.1123
Run 00 | Epoch 00040 | Loss 3.1546 | Train 0.1563 | Val 0.1478 | Test 0.1162
Run 00 | Epoch 00041 | Loss 3.0941 | Train 0.1625 | Val 0.1533 | Test 0.1201
Run 00 | Epoch 00042 | Loss 3.1064 | Train 0.1688 | Val 0.1594 | Test 0.1242
Run 00 | Epoch 00043 | Loss 3.0253 | Train 0.1754 | Val 0.1654 | Test 0.1283
Run 00 | Epoch 00044 | Loss 2.9800 | Train 0.1815 | Val 0.1715 | Test 0.1325
Run 00 | Epoch 00045 | Loss 2.9690 | Train 0.1880 | Val 0.1774 | Test 0.1368
Run 00 | Epoch 00046 | Loss 2.9347 | Train 0.1949 | Val 0.1841 | Test 0.1412
Run 00 | Epoch 00047 | Loss 2.9024 | Train 0.2015 | Val 0.1910 | Test 0.1457
Run 00 | Epoch 00048 | Loss 2.8895 | Train 0.2085 | Val 0.1970 | Test 0.1503
Run 00 | Epoch 00049 | Loss 2.8726 | Train 0.2154 | Val 0.2037 | Test 0.1549
Run 00 | Epoch 00050 | Loss 2.7947 | Train 0.2226 | Val 0.2106 | Test 0.1596
Run 00 | Epoch 00051 | Loss 2.7691 | Train 0.2296 | Val 0.2184 | Test 0.1643
Run 00 | Epoch 00052 | Loss 2.7617 | Train 0.2366 | Val 0.2256 | Test 0.1691
Run 00 | Epoch 00053 | Loss 2.7019 | Train 0.2439 | Val 0.2331 | Test 0.1741
Run 00 | Epoch 00054 | Loss 2.6769 | Train 0.2508 | Val 0.2402 | Test 0.1791
Run 00 | Epoch 00055 | Loss 2.7036 | Train 0.2578 | Val 0.2468 | Test 0.1841
Run 00 | Epoch 00056 | Loss 2.6309 | Train 0.2647 | Val 0.2544 | Test 0.1892
Run 00 | Epoch 00057 | Loss 2.6409 | Train 0.2718 | Val 0.2617 | Test 0.1942
Run 00 | Epoch 00058 | Loss 2.5812 | Train 0.2791 | Val 0.2693 | Test 0.1991
Run 00 | Epoch 00059 | Loss 2.5933 | Train 0.2859 | Val 0.2768 | Test 0.2040
Run 00 | Epoch 00060 | Loss 2.5555 | Train 0.2931 | Val 0.2834 | Test 0.2090
Run 00 | Epoch 00061 | Loss 2.5016 | Train 0.2998 | Val 0.2906 | Test 0.2140
Run 00 | Epoch 00062 | Loss 2.4410 | Train 0.3067 | Val 0.2975 | Test 0.2189
Run 00 | Epoch 00063 | Loss 2.4766 | Train 0.3134 | Val 0.3039 | Test 0.2238
Run 00 | Epoch 00064 | Loss 2.4128 | Train 0.3197 | Val 0.3110 | Test 0.2286
Run 00 | Epoch 00065 | Loss 2.4165 | Train 0.3262 | Val 0.3171 | Test 0.2335
Run 00 | Epoch 00066 | Loss 2.3913 | Train 0.3322 | Val 0.3238 | Test 0.2382
Run 00 | Epoch 00067 | Loss 2.3942 | Train 0.3383 | Val 0.3297 | Test 0.2429
Run 00 | Epoch 00068 | Loss 2.3321 | Train 0.3446 | Val 0.3364 | Test 0.2476
Run 00 | Epoch 00069 | Loss 2.3566 | Train 0.3507 | Val 0.3425 | Test 0.2522
Run 00 | Epoch 00070 | Loss 2.3340 | Train 0.3569 | Val 0.3487 | Test 0.2568
Run 00 | Epoch 00071 | Loss 2.3379 | Train 0.3627 | Val 0.3539 | Test 0.2615
Run 00 | Epoch 00072 | Loss 2.2768 | Train 0.3688 | Val 0.3601 | Test 0.2661
Run 00 | Epoch 00073 | Loss 2.2456 | Train 0.3747 | Val 0.3661 | Test 0.2707
Run 00 | Epoch 00074 | Loss 2.2033 | Train 0.3811 | Val 0.3714 | Test 0.2753
Run 00 | Epoch 00075 | Loss 2.2114 | Train 0.3869 | Val 0.3771 | Test 0.2797
Run 00 | Epoch 00076 | Loss 2.1778 | Train 0.3927 | Val 0.3828 | Test 0.2842
Run 00 | Epoch 00077 | Loss 2.1571 | Train 0.3987 | Val 0.3893 | Test 0.2888
Run 00 | Epoch 00078 | Loss 2.1289 | Train 0.4050 | Val 0.3958 | Test 0.2934
Run 00 | Epoch 00079 | Loss 2.1112 | Train 0.4117 | Val 0.4024 | Test 0.2979
Run 00 | Epoch 00080 | Loss 2.1277 | Train 0.4183 | Val 0.4088 | Test 0.3024
Run 00 | Epoch 00081 | Loss 2.0863 | Train 0.4252 | Val 0.4146 | Test 0.3069
Run 00 | Epoch 00082 | Loss 2.1001 | Train 0.4319 | Val 0.4209 | Test 0.3115
Run 00 | Epoch 00083 | Loss 2.0583 | Train 0.4387 | Val 0.4269 | Test 0.3162
Run 00 | Epoch 00084 | Loss 2.0055 | Train 0.4452 | Val 0.4332 | Test 0.3208
Run 00 | Epoch 00085 | Loss 2.0057 | Train 0.4513 | Val 0.4398 | Test 0.3253
Run 00 | Epoch 00086 | Loss 1.9935 | Train 0.4579 | Val 0.4460 | Test 0.3298
Run 00 | Epoch 00087 | Loss 1.9938 | Train 0.4639 | Val 0.4528 | Test 0.3342
Run 00 | Epoch 00088 | Loss 1.9636 | Train 0.4702 | Val 0.4589 | Test 0.3387
Run 00 | Epoch 00089 | Loss 1.9055 | Train 0.4761 | Val 0.4649 | Test 0.3430
Run 00 | Epoch 00090 | Loss 1.9393 | Train 0.4820 | Val 0.4704 | Test 0.3474
Run 00 | Epoch 00091 | Loss 1.9163 | Train 0.4879 | Val 0.4753 | Test 0.3516
Run 00 | Epoch 00092 | Loss 1.8729 | Train 0.4931 | Val 0.4811 | Test 0.3557
Run 00 | Epoch 00093 | Loss 1.8795 | Train 0.4981 | Val 0.4867 | Test 0.3596
Run 00 | Epoch 00094 | Loss 1.8455 | Train 0.5028 | Val 0.4909 | Test 0.3632
Run 00 | Epoch 00095 | Loss 1.8129 | Train 0.5070 | Val 0.4954 | Test 0.3669
Run 00 | Epoch 00096 | Loss 1.8330 | Train 0.5115 | Val 0.5003 | Test 0.3706
Run 00 | Epoch 00097 | Loss 1.8590 | Train 0.5155 | Val 0.5043 | Test 0.3739
Run 00 | Epoch 00098 | Loss 1.7800 | Train 0.5194 | Val 0.5080 | Test 0.3773
Run 00 | Epoch 00099 | Loss 1.7517 | Train 0.5233 | Val 0.5116 | Test 0.3805
Run 00 | Epoch 00100 | Loss 1.7784 | Train 0.5268 | Val 0.5154 | Test 0.3836
Run 00 | Epoch 00101 | Loss 1.7827 | Train 0.5304 | Val 0.5190 | Test 0.3866
Run 00 | Epoch 00102 | Loss 1.7154 | Train 0.5335 | Val 0.5220 | Test 0.3896
Run 00 | Epoch 00103 | Loss 1.7102 | Train 0.5365 | Val 0.5253 | Test 0.3923
Run 00 | Epoch 00104 | Loss 1.6630 | Train 0.5392 | Val 0.5287 | Test 0.3950
Run 00 | Epoch 00105 | Loss 1.6322 | Train 0.5424 | Val 0.5324 | Test 0.3977
Run 00 | Epoch 00106 | Loss 1.6764 | Train 0.5451 | Val 0.5353 | Test 0.4001
Run 00 | Epoch 00107 | Loss 1.6440 | Train 0.5477 | Val 0.5380 | Test 0.4025
Run 00 | Epoch 00108 | Loss 1.6409 | Train 0.5504 | Val 0.5409 | Test 0.4049
Run 00 | Epoch 00109 | Loss 1.6440 | Train 0.5528 | Val 0.5431 | Test 0.4071
Run 00 | Epoch 00110 | Loss 1.6078 | Train 0.5555 | Val 0.5462 | Test 0.4095
Run 00 | Epoch 00111 | Loss 1.6058 | Train 0.5580 | Val 0.5488 | Test 0.4116
Run 00 | Epoch 00112 | Loss 1.5916 | Train 0.5606 | Val 0.5511 | Test 0.4137
Run 00 | Epoch 00113 | Loss 1.5680 | Train 0.5630 | Val 0.5534 | Test 0.4157
Run 00 | Epoch 00114 | Loss 1.5363 | Train 0.5653 | Val 0.5561 | Test 0.4177
Run 00 | Epoch 00115 | Loss 1.5492 | Train 0.5677 | Val 0.5587 | Test 0.4197
Run 00 | Epoch 00116 | Loss 1.5138 | Train 0.5699 | Val 0.5611 | Test 0.4215
Run 00 | Epoch 00117 | Loss 1.5446 | Train 0.5723 | Val 0.5637 | Test 0.4235
Run 00 | Epoch 00118 | Loss 1.4906 | Train 0.5744 | Val 0.5657 | Test 0.4254
Run 00 | Epoch 00119 | Loss 1.4573 | Train 0.5766 | Val 0.5679 | Test 0.4274
Run 00 | Epoch 00120 | Loss 1.4668 | Train 0.5788 | Val 0.5701 | Test 0.4291
Run 00 | Epoch 00121 | Loss 1.4611 | Train 0.5808 | Val 0.5725 | Test 0.4308
Run 00 | Epoch 00122 | Loss 1.4495 | Train 0.5831 | Val 0.5747 | Test 0.4326
Run 00 | Epoch 00123 | Loss 1.4900 | Train 0.5849 | Val 0.5771 | Test 0.4343
Run 00 | Epoch 00124 | Loss 1.4402 | Train 0.5869 | Val 0.5793 | Test 0.4360
Run 00 | Epoch 00125 | Loss 1.4372 | Train 0.5888 | Val 0.5809 | Test 0.4377
Run 00 | Epoch 00126 | Loss 1.4449 | Train 0.5909 | Val 0.5836 | Test 0.4394
Run 00 | Epoch 00127 | Loss 1.3818 | Train 0.5927 | Val 0.5857 | Test 0.4410
Run 00 | Epoch 00128 | Loss 1.3704 | Train 0.5947 | Val 0.5874 | Test 0.4426
Run 00 | Epoch 00129 | Loss 1.3899 | Train 0.5966 | Val 0.5890 | Test 0.4442
Run 00 | Epoch 00130 | Loss 1.3522 | Train 0.5984 | Val 0.5908 | Test 0.4458
Run 00 | Epoch 00131 | Loss 1.3791 | Train 0.6004 | Val 0.5924 | Test 0.4473
Run 00 | Epoch 00132 | Loss 1.3580 | Train 0.6022 | Val 0.5942 | Test 0.4489
Run 00 | Epoch 00133 | Loss 1.2972 | Train 0.6038 | Val 0.5956 | Test 0.4504
Run 00 | Epoch 00134 | Loss 1.3472 | Train 0.6058 | Val 0.5979 | Test 0.4519
Run 00 | Epoch 00135 | Loss 1.2956 | Train 0.6073 | Val 0.5995 | Test 0.4532
Run 00 | Epoch 00136 | Loss 1.2935 | Train 0.6089 | Val 0.6010 | Test 0.4546
Run 00 | Epoch 00137 | Loss 1.2982 | Train 0.6105 | Val 0.6029 | Test 0.4561
Run 00 | Epoch 00138 | Loss 1.2682 | Train 0.6125 | Val 0.6043 | Test 0.4576
Run 00 | Epoch 00139 | Loss 1.2695 | Train 0.6141 | Val 0.6060 | Test 0.4591
Run 00 | Epoch 00140 | Loss 1.2819 | Train 0.6158 | Val 0.6081 | Test 0.4604
Run 00 | Epoch 00141 | Loss 1.2584 | Train 0.6173 | Val 0.6094 | Test 0.4617
Run 00 | Epoch 00142 | Loss 1.2658 | Train 0.6187 | Val 0.6111 | Test 0.4630
Run 00 | Epoch 00143 | Loss 1.2141 | Train 0.6202 | Val 0.6126 | Test 0.4642
Run 00 | Epoch 00144 | Loss 1.1980 | Train 0.6219 | Val 0.6136 | Test 0.4656
Run 00 | Epoch 00145 | Loss 1.1981 | Train 0.6233 | Val 0.6153 | Test 0.4669
Run 00 | Epoch 00146 | Loss 1.1959 | Train 0.6246 | Val 0.6168 | Test 0.4682
Run 00 | Epoch 00147 | Loss 1.2192 | Train 0.6261 | Val 0.6181 | Test 0.4695
Run 00 | Epoch 00148 | Loss 1.2039 | Train 0.6275 | Val 0.6199 | Test 0.4708
Run 00 | Epoch 00149 | Loss 1.1922 | Train 0.6289 | Val 0.6212 | Test 0.4721
Run 00 | Epoch 00150 | Loss 1.1826 | Train 0.6302 | Val 0.6226 | Test 0.4733
Run 00 | Epoch 00151 | Loss 1.1698 | Train 0.6318 | Val 0.6237 | Test 0.4745
Run 00 | Epoch 00152 | Loss 1.1408 | Train 0.6332 | Val 0.6250 | Test 0.4757
Run 00 | Epoch 00153 | Loss 1.1161 | Train 0.6347 | Val 0.6267 | Test 0.4769
Run 00 | Epoch 00154 | Loss 1.1444 | Train 0.6359 | Val 0.6286 | Test 0.4781
Run 00 | Epoch 00155 | Loss 1.1033 | Train 0.6369 | Val 0.6297 | Test 0.4792
Run 00 | Epoch 00156 | Loss 1.1037 | Train 0.6383 | Val 0.6306 | Test 0.4804
Run 00 | Epoch 00157 | Loss 1.1287 | Train 0.6398 | Val 0.6320 | Test 0.4817
Run 00 | Epoch 00158 | Loss 1.1174 | Train 0.6413 | Val 0.6332 | Test 0.4829
Run 00 | Epoch 00159 | Loss 1.1458 | Train 0.6424 | Val 0.6345 | Test 0.4840
Run 00 | Epoch 00160 | Loss 1.1320 | Train 0.6438 | Val 0.6361 | Test 0.4851
Run 00 | Epoch 00161 | Loss 1.0786 | Train 0.6449 | Val 0.6374 | Test 0.4861
Run 00 | Epoch 00162 | Loss 1.0824 | Train 0.6463 | Val 0.6389 | Test 0.4873
Run 00 | Epoch 00163 | Loss 1.0725 | Train 0.6475 | Val 0.6404 | Test 0.4885
Run 00 | Epoch 00164 | Loss 1.0540 | Train 0.6487 | Val 0.6423 | Test 0.4896
Run 00 | Epoch 00165 | Loss 1.0617 | Train 0.6502 | Val 0.6435 | Test 0.4908
Run 00 | Epoch 00166 | Loss 1.0707 | Train 0.6518 | Val 0.6444 | Test 0.4920
Run 00 | Epoch 00167 | Loss 1.0698 | Train 0.6528 | Val 0.6454 | Test 0.4930
Run 00 | Epoch 00168 | Loss 1.0405 | Train 0.6540 | Val 0.6466 | Test 0.4941
Run 00 | Epoch 00169 | Loss 1.0243 | Train 0.6553 | Val 0.6482 | Test 0.4951
Run 00 | Epoch 00170 | Loss 1.0528 | Train 0.6563 | Val 0.6498 | Test 0.4963
Run 00 | Epoch 00171 | Loss 1.0083 | Train 0.6575 | Val 0.6508 | Test 0.4973
Run 00 | Epoch 00172 | Loss 1.0163 | Train 0.6587 | Val 0.6518 | Test 0.4983
Run 00 | Epoch 00173 | Loss 1.0268 | Train 0.6600 | Val 0.6533 | Test 0.4993
Run 00 | Epoch 00174 | Loss 0.9877 | Train 0.6610 | Val 0.6542 | Test 0.5002
Run 00 | Epoch 00175 | Loss 0.9989 | Train 0.6622 | Val 0.6553 | Test 0.5011
Run 00 | Epoch 00176 | Loss 0.9894 | Train 0.6631 | Val 0.6561 | Test 0.5020
Run 00 | Epoch 00177 | Loss 0.9959 | Train 0.6642 | Val 0.6569 | Test 0.5029
Run 00 | Epoch 00178 | Loss 0.9826 | Train 0.6654 | Val 0.6579 | Test 0.5039
Run 00 | Epoch 00179 | Loss 0.9865 | Train 0.6666 | Val 0.6585 | Test 0.5048
Run 00 | Epoch 00180 | Loss 0.9491 | Train 0.6676 | Val 0.6595 | Test 0.5057
Run 00 | Epoch 00181 | Loss 0.9965 | Train 0.6687 | Val 0.6604 | Test 0.5066
Run 00 | Epoch 00182 | Loss 0.9723 | Train 0.6698 | Val 0.6613 | Test 0.5074
Run 00 | Epoch 00183 | Loss 0.9762 | Train 0.6705 | Val 0.6624 | Test 0.5083
Run 00 | Epoch 00184 | Loss 0.9462 | Train 0.6717 | Val 0.6637 | Test 0.5091
Run 00 | Epoch 00185 | Loss 0.9405 | Train 0.6725 | Val 0.6650 | Test 0.5099
Run 00 | Epoch 00186 | Loss 0.9606 | Train 0.6736 | Val 0.6658 | Test 0.5107
Run 00 | Epoch 00187 | Loss 0.9115 | Train 0.6745 | Val 0.6669 | Test 0.5116
Run 00 | Epoch 00188 | Loss 0.9500 | Train 0.6754 | Val 0.6679 | Test 0.5124
Run 00 | Epoch 00189 | Loss 0.9352 | Train 0.6766 | Val 0.6690 | Test 0.5133
Run 00 | Epoch 00190 | Loss 0.9468 | Train 0.6774 | Val 0.6698 | Test 0.5139
Run 00 | Epoch 00191 | Loss 0.9029 | Train 0.6783 | Val 0.6714 | Test 0.5147
Run 00 | Epoch 00192 | Loss 0.9081 | Train 0.6791 | Val 0.6719 | Test 0.5154
Run 00 | Epoch 00193 | Loss 0.9283 | Train 0.6797 | Val 0.6725 | Test 0.5160
Run 00 | Epoch 00194 | Loss 0.9091 | Train 0.6806 | Val 0.6734 | Test 0.5168
Run 00 | Epoch 00195 | Loss 0.9292 | Train 0.6815 | Val 0.6743 | Test 0.5176
Run 00 | Epoch 00196 | Loss 0.9116 | Train 0.6826 | Val 0.6751 | Test 0.5184
Run 00 | Epoch 00197 | Loss 0.9067 | Train 0.6835 | Val 0.6764 | Test 0.5192
Run 00 | Epoch 00198 | Loss 0.8859 | Train 0.6843 | Val 0.6774 | Test 0.5199
Run 00 | Epoch 00199 | Loss 0.8763 | Train 0.6852 | Val 0.6783 | Test 0.5206
Run 00 | Epoch 00200 | Loss 0.9001 | Train 0.6861 | Val 0.6790 | Test 0.5213
Run 00 | Epoch 00201 | Loss 0.8811 | Train 0.6870 | Val 0.6796 | Test 0.5219
Run 00 | Epoch 00202 | Loss 0.8810 | Train 0.6877 | Val 0.6802 | Test 0.5227
Run 00 | Epoch 00203 | Loss 0.8804 | Train 0.6885 | Val 0.6806 | Test 0.5235
Run 00 | Epoch 00204 | Loss 0.8815 | Train 0.6892 | Val 0.6816 | Test 0.5240
Run 00 | Epoch 00205 | Loss 0.8694 | Train 0.6898 | Val 0.6822 | Test 0.5247
Run 00 | Epoch 00206 | Loss 0.8516 | Train 0.6907 | Val 0.6830 | Test 0.5254
Run 00 | Epoch 00207 | Loss 0.8501 | Train 0.6915 | Val 0.6839 | Test 0.5260
Run 00 | Epoch 00208 | Loss 0.8784 | Train 0.6921 | Val 0.6846 | Test 0.5267
Run 00 | Epoch 00209 | Loss 0.8672 | Train 0.6928 | Val 0.6851 | Test 0.5274
Run 00 | Epoch 00210 | Loss 0.8564 | Train 0.6934 | Val 0.6857 | Test 0.5280
Run 00 | Epoch 00211 | Loss 0.8377 | Train 0.6944 | Val 0.6867 | Test 0.5287
Run 00 | Epoch 00212 | Loss 0.8251 | Train 0.6952 | Val 0.6873 | Test 0.5294
Run 00 | Epoch 00213 | Loss 0.8457 | Train 0.6959 | Val 0.6881 | Test 0.5300
Run 00 | Epoch 00214 | Loss 0.8296 | Train 0.6964 | Val 0.6887 | Test 0.5307
Run 00 | Epoch 00215 | Loss 0.8245 | Train 0.6970 | Val 0.6893 | Test 0.5313
Run 00 | Epoch 00216 | Loss 0.8255 | Train 0.6977 | Val 0.6903 | Test 0.5319
Run 00 | Epoch 00217 | Loss 0.8209 | Train 0.6986 | Val 0.6909 | Test 0.5326
Run 00 | Epoch 00218 | Loss 0.8310 | Train 0.6991 | Val 0.6916 | Test 0.5332
Run 00 | Epoch 00219 | Loss 0.8063 | Train 0.6999 | Val 0.6923 | Test 0.5339
Run 00 | Epoch 00220 | Loss 0.8285 | Train 0.7005 | Val 0.6929 | Test 0.5345
Run 00 | Epoch 00221 | Loss 0.8120 | Train 0.7010 | Val 0.6938 | Test 0.5350
Run 00 | Epoch 00222 | Loss 0.8083 | Train 0.7017 | Val 0.6945 | Test 0.5356
Run 00 | Epoch 00223 | Loss 0.8050 | Train 0.7022 | Val 0.6947 | Test 0.5362
Run 00 | Epoch 00224 | Loss 0.8130 | Train 0.7027 | Val 0.6953 | Test 0.5367
Run 00 | Epoch 00225 | Loss 0.8190 | Train 0.7031 | Val 0.6957 | Test 0.5372
Run 00 | Epoch 00226 | Loss 0.7952 | Train 0.7036 | Val 0.6966 | Test 0.5379
Run 00 | Epoch 00227 | Loss 0.8053 | Train 0.7043 | Val 0.6971 | Test 0.5385
Run 00 | Epoch 00228 | Loss 0.8040 | Train 0.7048 | Val 0.6974 | Test 0.5391
Run 00 | Epoch 00229 | Loss 0.7819 | Train 0.7054 | Val 0.6983 | Test 0.5396
Run 00 | Epoch 00230 | Loss 0.7805 | Train 0.7060 | Val 0.6985 | Test 0.5401
Run 00 | Epoch 00231 | Loss 0.7688 | Train 0.7064 | Val 0.6990 | Test 0.5406
Run 00 | Epoch 00232 | Loss 0.7498 | Train 0.7069 | Val 0.6997 | Test 0.5411
Run 00 | Epoch 00233 | Loss 0.7506 | Train 0.7077 | Val 0.7005 | Test 0.5418
Run 00 | Epoch 00234 | Loss 0.7756 | Train 0.7084 | Val 0.7014 | Test 0.5423
Run 00 | Epoch 00235 | Loss 0.7917 | Train 0.7087 | Val 0.7021 | Test 0.5428
Run 00 | Epoch 00236 | Loss 0.7886 | Train 0.7095 | Val 0.7026 | Test 0.5434
Run 00 | Epoch 00237 | Loss 0.7478 | Train 0.7100 | Val 0.7030 | Test 0.5439
Run 00 | Epoch 00238 | Loss 0.7648 | Train 0.7106 | Val 0.7038 | Test 0.5445
Run 00 | Epoch 00239 | Loss 0.7745 | Train 0.7112 | Val 0.7042 | Test 0.5450
Run 00 | Epoch 00240 | Loss 0.7298 | Train 0.7118 | Val 0.7047 | Test 0.5455
Run 00 | Epoch 00241 | Loss 0.7571 | Train 0.7122 | Val 0.7053 | Test 0.5460
Run 00 | Epoch 00242 | Loss 0.7860 | Train 0.7125 | Val 0.7057 | Test 0.5465
Run 00 | Epoch 00243 | Loss 0.7535 | Train 0.7132 | Val 0.7064 | Test 0.5470
Run 00 | Epoch 00244 | Loss 0.7460 | Train 0.7137 | Val 0.7071 | Test 0.5476
Run 00 | Epoch 00245 | Loss 0.7326 | Train 0.7142 | Val 0.7080 | Test 0.5481
Run 00 | Epoch 00246 | Loss 0.7161 | Train 0.7145 | Val 0.7081 | Test 0.5484
Run 00 | Epoch 00247 | Loss 0.7726 | Train 0.7150 | Val 0.7088 | Test 0.5488
Run 00 | Epoch 00248 | Loss 0.7426 | Train 0.7155 | Val 0.7093 | Test 0.5493
Run 00 | Epoch 00249 | Loss 0.7184 | Train 0.7160 | Val 0.7095 | Test 0.5497
Run 00 | Epoch 00250 | Loss 0.7308 | Train 0.7165 | Val 0.7101 | Test 0.5502
Run 00 | Epoch 00251 | Loss 0.7457 | Train 0.7170 | Val 0.7107 | Test 0.5507
Run 00 | Epoch 00252 | Loss 0.7398 | Train 0.7175 | Val 0.7114 | Test 0.5511
Run 00 | Epoch 00253 | Loss 0.7213 | Train 0.7182 | Val 0.7118 | Test 0.5516
Run 00 | Epoch 00254 | Loss 0.7367 | Train 0.7185 | Val 0.7123 | Test 0.5520
Run 00 | Epoch 00255 | Loss 0.7290 | Train 0.7191 | Val 0.7127 | Test 0.5525
Run 00 | Epoch 00256 | Loss 0.7325 | Train 0.7194 | Val 0.7135 | Test 0.5530
Run 00 | Epoch 00257 | Loss 0.7229 | Train 0.7200 | Val 0.7137 | Test 0.5533
Run 00 | Epoch 00258 | Loss 0.7329 | Train 0.7202 | Val 0.7142 | Test 0.5538
Run 00 | Epoch 00259 | Loss 0.7052 | Train 0.7206 | Val 0.7144 | Test 0.5541
Run 00 | Epoch 00260 | Loss 0.6987 | Train 0.7209 | Val 0.7148 | Test 0.5544
Run 00 | Epoch 00261 | Loss 0.7146 | Train 0.7214 | Val 0.7149 | Test 0.5549
Run 00 | Epoch 00262 | Loss 0.7091 | Train 0.7219 | Val 0.7154 | Test 0.5553
Run 00 | Epoch 00263 | Loss 0.7174 | Train 0.7223 | Val 0.7158 | Test 0.5558
Run 00 | Epoch 00264 | Loss 0.7184 | Train 0.7227 | Val 0.7161 | Test 0.5562
Run 00 | Epoch 00265 | Loss 0.7156 | Train 0.7231 | Val 0.7166 | Test 0.5566
Run 00 | Epoch 00266 | Loss 0.7021 | Train 0.7236 | Val 0.7170 | Test 0.5569
Run 00 | Epoch 00267 | Loss 0.6965 | Train 0.7239 | Val 0.7172 | Test 0.5572
Run 00 | Epoch 00268 | Loss 0.7007 | Train 0.7243 | Val 0.7173 | Test 0.5576
Run 00 | Epoch 00269 | Loss 0.6958 | Train 0.7248 | Val 0.7180 | Test 0.5580
Run 00 | Epoch 00270 | Loss 0.6847 | Train 0.7252 | Val 0.7182 | Test 0.5583
Run 00 | Epoch 00271 | Loss 0.7089 | Train 0.7255 | Val 0.7188 | Test 0.5587
Run 00 | Epoch 00272 | Loss 0.6862 | Train 0.7254 | Val 0.7192 | Test 0.5589
Run 00 | Epoch 00273 | Loss 0.7144 | Train 0.7257 | Val 0.7194 | Test 0.5592
Run 00 | Epoch 00274 | Loss 0.6841 | Train 0.7260 | Val 0.7199 | Test 0.5596
Run 00 | Epoch 00275 | Loss 0.6781 | Train 0.7262 | Val 0.7203 | Test 0.5598
Run 00 | Epoch 00276 | Loss 0.6880 | Train 0.7266 | Val 0.7208 | Test 0.5601
Run 00 | Epoch 00277 | Loss 0.6821 | Train 0.7269 | Val 0.7212 | Test 0.5604
Run 00 | Epoch 00278 | Loss 0.6731 | Train 0.7274 | Val 0.7214 | Test 0.5608
Run 00 | Epoch 00279 | Loss 0.6685 | Train 0.7278 | Val 0.7218 | Test 0.5611
Run 00 | Epoch 00280 | Loss 0.6817 | Train 0.7281 | Val 0.7222 | Test 0.5614
Run 00 | Epoch 00281 | Loss 0.6713 | Train 0.7283 | Val 0.7226 | Test 0.5617
Run 00 | Epoch 00282 | Loss 0.6773 | Train 0.7287 | Val 0.7228 | Test 0.5620
Run 00 | Epoch 00283 | Loss 0.6599 | Train 0.7288 | Val 0.7230 | Test 0.5622
Run 00 | Epoch 00284 | Loss 0.6570 | Train 0.7293 | Val 0.7235 | Test 0.5626
Run 00 | Epoch 00285 | Loss 0.6796 | Train 0.7295 | Val 0.7240 | Test 0.5630
Run 00 | Epoch 00286 | Loss 0.6721 | Train 0.7298 | Val 0.7240 | Test 0.5633
Run 00 | Epoch 00287 | Loss 0.6758 | Train 0.7299 | Val 0.7246 | Test 0.5636
Run 00 | Epoch 00288 | Loss 0.6753 | Train 0.7302 | Val 0.7250 | Test 0.5638
Run 00 | Epoch 00289 | Loss 0.6635 | Train 0.7304 | Val 0.7253 | Test 0.5642
Run 00 | Epoch 00290 | Loss 0.6562 | Train 0.7307 | Val 0.7255 | Test 0.5645
Run 00 | Epoch 00291 | Loss 0.6783 | Train 0.7310 | Val 0.7259 | Test 0.5648
Run 00 | Epoch 00292 | Loss 0.6389 | Train 0.7311 | Val 0.7260 | Test 0.5650
Run 00 | Epoch 00293 | Loss 0.6528 | Train 0.7315 | Val 0.7269 | Test 0.5654
Run 00 | Epoch 00294 | Loss 0.6467 | Train 0.7320 | Val 0.7271 | Test 0.5657
Run 00 | Epoch 00295 | Loss 0.6477 | Train 0.7321 | Val 0.7273 | Test 0.5659
Run 00 | Epoch 00296 | Loss 0.6648 | Train 0.7322 | Val 0.7273 | Test 0.5661
Run 00 | Epoch 00297 | Loss 0.6501 | Train 0.7323 | Val 0.7273 | Test 0.5663
Run 00 | Epoch 00298 | Loss 0.6512 | Train 0.7326 | Val 0.7278 | Test 0.5667
Run 00 | Epoch 00299 | Loss 0.6418 | Train 0.7327 | Val 0.7283 | Test 0.5668
Run 00 | Epoch 00300 | Loss 0.6578 | Train 0.7330 | Val 0.7288 | Test 0.5671
Run 00 | Epoch 00301 | Loss 0.6285 | Train 0.7330 | Val 0.7289 | Test 0.5673
Run 00 | Epoch 00302 | Loss 0.6573 | Train 0.7333 | Val 0.7291 | Test 0.5675
Run 00 | Epoch 00303 | Loss 0.6511 | Train 0.7332 | Val 0.7289 | Test 0.5676
Run 00 | Epoch 00304 | Loss 0.6450 | Train 0.7333 | Val 0.7288 | Test 0.5677
Run 00 | Epoch 00305 | Loss 0.6323 | Train 0.7336 | Val 0.7293 | Test 0.5680
Run 00 | Epoch 00306 | Loss 0.6357 | Train 0.7339 | Val 0.7298 | Test 0.5683
Run 00 | Epoch 00307 | Loss 0.6412 | Train 0.7340 | Val 0.7300 | Test 0.5685
Run 00 | Epoch 00308 | Loss 0.6293 | Train 0.7342 | Val 0.7301 | Test 0.5687
Run 00 | Epoch 00309 | Loss 0.6251 | Train 0.7345 | Val 0.7304 | Test 0.5689
Run 00 | Epoch 00310 | Loss 0.6252 | Train 0.7346 | Val 0.7309 | Test 0.5691
Run 00 | Epoch 00311 | Loss 0.6294 | Train 0.7348 | Val 0.7312 | Test 0.5694
Run 00 | Epoch 00312 | Loss 0.6192 | Train 0.7350 | Val 0.7312 | Test 0.5696
Run 00 | Epoch 00313 | Loss 0.6272 | Train 0.7353 | Val 0.7314 | Test 0.5699
Run 00 | Epoch 00314 | Loss 0.6064 | Train 0.7355 | Val 0.7315 | Test 0.5701
Run 00 | Epoch 00315 | Loss 0.6383 | Train 0.7356 | Val 0.7320 | Test 0.5702
Run 00 | Epoch 00316 | Loss 0.6213 | Train 0.7356 | Val 0.7320 | Test 0.5703
Run 00 | Epoch 00317 | Loss 0.6319 | Train 0.7357 | Val 0.7322 | Test 0.5705
Run 00 | Epoch 00318 | Loss 0.6069 | Train 0.7357 | Val 0.7322 | Test 0.5706
Run 00 | Epoch 00319 | Loss 0.6014 | Train 0.7361 | Val 0.7327 | Test 0.5708
Run 00 | Epoch 00320 | Loss 0.6253 | Train 0.7361 | Val 0.7329 | Test 0.5710
Run 00 | Epoch 00321 | Loss 0.6058 | Train 0.7362 | Val 0.7333 | Test 0.5713
Run 00 | Epoch 00322 | Loss 0.6167 | Train 0.7365 | Val 0.7336 | Test 0.5714
Run 00 | Epoch 00323 | Loss 0.6059 | Train 0.7367 | Val 0.7336 | Test 0.5717
Run 00 | Epoch 00324 | Loss 0.6095 | Train 0.7369 | Val 0.7335 | Test 0.5719
Run 00 | Epoch 00325 | Loss 0.6047 | Train 0.7371 | Val 0.7336 | Test 0.5721
Run 00 | Epoch 00326 | Loss 0.6124 | Train 0.7371 | Val 0.7338 | Test 0.5721
Run 00 | Epoch 00327 | Loss 0.6303 | Train 0.7373 | Val 0.7339 | Test 0.5723
Run 00 | Epoch 00328 | Loss 0.5967 | Train 0.7373 | Val 0.7339 | Test 0.5723
Run 00 | Epoch 00329 | Loss 0.6014 | Train 0.7373 | Val 0.7339 | Test 0.5724
Run 00 | Epoch 00330 | Loss 0.6340 | Train 0.7374 | Val 0.7340 | Test 0.5726
Run 00 | Epoch 00331 | Loss 0.6234 | Train 0.7377 | Val 0.7343 | Test 0.5729
Run 00 | Epoch 00332 | Loss 0.5901 | Train 0.7380 | Val 0.7346 | Test 0.5732
Run 00 | Epoch 00333 | Loss 0.6002 | Train 0.7380 | Val 0.7345 | Test 0.5733
Run 00 | Epoch 00334 | Loss 0.6167 | Train 0.7380 | Val 0.7345 | Test 0.5734
Run 00 | Epoch 00335 | Loss 0.5913 | Train 0.7379 | Val 0.7345 | Test 0.5734
Run 00 | Epoch 00336 | Loss 0.6094 | Train 0.7378 | Val 0.7344 | Test 0.5734
Run 00 | Epoch 00337 | Loss 0.6058 | Train 0.7379 | Val 0.7345 | Test 0.5735
Run 00 | Epoch 00338 | Loss 0.6015 | Train 0.7380 | Val 0.7345 | Test 0.5737
Run 00 | Epoch 00339 | Loss 0.6076 | Train 0.7379 | Val 0.7348 | Test 0.5736
Run 00 | Epoch 00340 | Loss 0.5836 | Train 0.7380 | Val 0.7350 | Test 0.5738
Run 00 | Epoch 00341 | Loss 0.5863 | Train 0.7379 | Val 0.7348 | Test 0.5737
Run 00 | Epoch 00342 | Loss 0.5900 | Train 0.7381 | Val 0.7351 | Test 0.5739
Run 00 | Epoch 00343 | Loss 0.5945 | Train 0.7380 | Val 0.7351 | Test 0.5740
Run 00 | Epoch 00344 | Loss 0.5863 | Train 0.7380 | Val 0.7353 | Test 0.5742
Run 00 | Epoch 00345 | Loss 0.5888 | Train 0.7382 | Val 0.7351 | Test 0.5744
Run 00 | Epoch 00346 | Loss 0.5993 | Train 0.7382 | Val 0.7348 | Test 0.5744
Run 00 | Epoch 00347 | Loss 0.5849 | Train 0.7383 | Val 0.7355 | Test 0.5745
Run 00 | Epoch 00348 | Loss 0.5881 | Train 0.7380 | Val 0.7351 | Test 0.5744
Run 00 | Epoch 00349 | Loss 0.5815 | Train 0.7380 | Val 0.7350 | Test 0.5745
Run 00 | Epoch 00350 | Loss 0.5912 | Train 0.7382 | Val 0.7355 | Test 0.5748
Run 00 | Epoch 00351 | Loss 0.5871 | Train 0.7382 | Val 0.7353 | Test 0.5749
Run 00 | Epoch 00352 | Loss 0.5844 | Train 0.7381 | Val 0.7353 | Test 0.5750
Run 00 | Epoch 00353 | Loss 0.5934 | Train 0.7380 | Val 0.7352 | Test 0.5750
Run 00 | Epoch 00354 | Loss 0.5693 | Train 0.7381 | Val 0.7354 | Test 0.5752
Run 00 | Epoch 00355 | Loss 0.5911 | Train 0.7378 | Val 0.7350 | Test 0.5750
Run 00 | Epoch 00356 | Loss 0.5812 | Train 0.7377 | Val 0.7352 | Test 0.5750
Run 00 | Epoch 00357 | Loss 0.5791 | Train 0.7378 | Val 0.7353 | Test 0.5751
Run 00 | Epoch 00358 | Loss 0.5768 | Train 0.7376 | Val 0.7351 | Test 0.5751
Run 00 | Epoch 00359 | Loss 0.5720 | Train 0.7377 | Val 0.7350 | Test 0.5752
Run 00 | Epoch 00360 | Loss 0.5812 | Train 0.7378 | Val 0.7351 | Test 0.5753
Run 00 | Epoch 00361 | Loss 0.5959 | Train 0.7378 | Val 0.7352 | Test 0.5753
Run 00 | Epoch 00362 | Loss 0.5643 | Train 0.7378 | Val 0.7350 | Test 0.5754
Run 00 | Epoch 00363 | Loss 0.5839 | Train 0.7377 | Val 0.7351 | Test 0.5756
Run 00 | Epoch 00364 | Loss 0.5879 | Train 0.7376 | Val 0.7349 | Test 0.5756
Run 00 | Epoch 00365 | Loss 0.5631 | Train 0.7376 | Val 0.7347 | Test 0.5755
Run 00 | Epoch 00366 | Loss 0.5840 | Train 0.7374 | Val 0.7346 | Test 0.5755
Run 00 | Epoch 00367 | Loss 0.5807 | Train 0.7374 | Val 0.7344 | Test 0.5755
Run 00 | Epoch 00368 | Loss 0.5613 | Train 0.7374 | Val 0.7342 | Test 0.5756
Run 00 | Epoch 00369 | Loss 0.5758 | Train 0.7373 | Val 0.7342 | Test 0.5757
Run 00 | Epoch 00370 | Loss 0.5820 | Train 0.7372 | Val 0.7339 | Test 0.5756
Run 00 | Epoch 00371 | Loss 0.5781 | Train 0.7371 | Val 0.7333 | Test 0.5755
Run 00 | Epoch 00372 | Loss 0.5728 | Train 0.7370 | Val 0.7331 | Test 0.5755
Run 00 | Epoch 00373 | Loss 0.5728 | Train 0.7371 | Val 0.7332 | Test 0.5755
Run 00 | Epoch 00374 | Loss 0.5803 | Train 0.7370 | Val 0.7332 | Test 0.5757
Run 00 | Epoch 00375 | Loss 0.5586 | Train 0.7371 | Val 0.7332 | Test 0.5759
Run 00 | Epoch 00376 | Loss 0.5618 | Train 0.7368 | Val 0.7329 | Test 0.5759
Run 00 | Epoch 00377 | Loss 0.5555 | Train 0.7368 | Val 0.7328 | Test 0.5760
Run 00 | Epoch 00378 | Loss 0.5547 | Train 0.7366 | Val 0.7330 | Test 0.5760
Run 00 | Epoch 00379 | Loss 0.5737 | Train 0.7363 | Val 0.7328 | Test 0.5758
Run 00 | Epoch 00380 | Loss 0.5419 | Train 0.7362 | Val 0.7330 | Test 0.5758
Run 00 | Epoch 00381 | Loss 0.5694 | Train 0.7360 | Val 0.7325 | Test 0.5757
Run 00 | Epoch 00382 | Loss 0.5782 | Train 0.7361 | Val 0.7324 | Test 0.5757
Run 00 | Epoch 00383 | Loss 0.5561 | Train 0.7357 | Val 0.7321 | Test 0.5756
Run 00 | Epoch 00384 | Loss 0.5393 | Train 0.7356 | Val 0.7319 | Test 0.5755
Run 00 | Epoch 00385 | Loss 0.5631 | Train 0.7356 | Val 0.7321 | Test 0.5756
Run 00 | Epoch 00386 | Loss 0.5535 | Train 0.7355 | Val 0.7320 | Test 0.5758
Run 00 | Epoch 00387 | Loss 0.5601 | Train 0.7356 | Val 0.7318 | Test 0.5758
Run 00 | Epoch 00388 | Loss 0.5514 | Train 0.7353 | Val 0.7318 | Test 0.5758
Run 00 | Epoch 00389 | Loss 0.5533 | Train 0.7353 | Val 0.7315 | Test 0.5758
Run 00 | Epoch 00390 | Loss 0.5550 | Train 0.7353 | Val 0.7317 | Test 0.5759
Run 00 | Epoch 00391 | Loss 0.5522 | Train 0.7351 | Val 0.7318 | Test 0.5759
Run 00 | Epoch 00392 | Loss 0.5740 | Train 0.7351 | Val 0.7317 | Test 0.5758
Run 00 | Epoch 00393 | Loss 0.5216 | Train 0.7350 | Val 0.7317 | Test 0.5759
Run 00 | Epoch 00394 | Loss 0.5545 | Train 0.7348 | Val 0.7315 | Test 0.5759
Run 00 | Epoch 00395 | Loss 0.5888 | Train 0.7347 | Val 0.7313 | Test 0.5758
Run 00 | Epoch 00396 | Loss 0.5300 | Train 0.7348 | Val 0.7316 | Test 0.5761
Run 00 | Epoch 00397 | Loss 0.5448 | Train 0.7346 | Val 0.7313 | Test 0.5761
Run 00 | Epoch 00398 | Loss 0.5510 | Train 0.7343 | Val 0.7311 | Test 0.5760
Run 00 | Epoch 00399 | Loss 0.5450 | Train 0.7340 | Val 0.7309 | Test 0.5758
Run 00 | Epoch 00400 | Loss 0.5470 | Train 0.7339 | Val 0.7308 | Test 0.5758
Run 00 | Epoch 00401 | Loss 0.5246 | Train 0.7338 | Val 0.7308 | Test 0.5758
Run 00 | Epoch 00402 | Loss 0.5384 | Train 0.7337 | Val 0.7308 | Test 0.5759
Run 00 | Epoch 00403 | Loss 0.5475 | Train 0.7337 | Val 0.7306 | Test 0.5758
Run 00 | Epoch 00404 | Loss 0.5435 | Train 0.7335 | Val 0.7307 | Test 0.5759
Run 00 | Epoch 00405 | Loss 0.5519 | Train 0.7335 | Val 0.7307 | Test 0.5760
Run 00 | Epoch 00406 | Loss 0.5399 | Train 0.7332 | Val 0.7305 | Test 0.5758
Run 00 | Epoch 00407 | Loss 0.5336 | Train 0.7332 | Val 0.7304 | Test 0.5758
Run 00 | Epoch 00408 | Loss 0.5347 | Train 0.7333 | Val 0.7306 | Test 0.5760
Run 00 | Epoch 00409 | Loss 0.5323 | Train 0.7330 | Val 0.7304 | Test 0.5759
Run 00 | Epoch 00410 | Loss 0.5346 | Train 0.7326 | Val 0.7302 | Test 0.5756
Run 00 | Epoch 00411 | Loss 0.5583 | Train 0.7327 | Val 0.7301 | Test 0.5757
Run 00 | Epoch 00412 | Loss 0.5406 | Train 0.7326 | Val 0.7300 | Test 0.5757
Run 00 | Epoch 00413 | Loss 0.5296 | Train 0.7324 | Val 0.7299 | Test 0.5755
Run 00 | Epoch 00414 | Loss 0.5126 | Train 0.7326 | Val 0.7295 | Test 0.5756
Run 00 | Epoch 00415 | Loss 0.5483 | Train 0.7325 | Val 0.7293 | Test 0.5756
Run 00 | Epoch 00416 | Loss 0.5466 | Train 0.7325 | Val 0.7291 | Test 0.5757
Run 00 | Epoch 00417 | Loss 0.5360 | Train 0.7321 | Val 0.7288 | Test 0.5756
Run 00 | Epoch 00418 | Loss 0.5395 | Train 0.7317 | Val 0.7285 | Test 0.5753
Run 00 | Epoch 00419 | Loss 0.5359 | Train 0.7317 | Val 0.7286 | Test 0.5754
Run 00 | Epoch 00420 | Loss 0.5489 | Train 0.7315 | Val 0.7285 | Test 0.5753
Run 00 | Epoch 00421 | Loss 0.5434 | Train 0.7312 | Val 0.7284 | Test 0.5752
Run 00 | Epoch 00422 | Loss 0.5384 | Train 0.7311 | Val 0.7284 | Test 0.5752
Run 00 | Epoch 00423 | Loss 0.5284 | Train 0.7310 | Val 0.7280 | Test 0.5751
Run 00 | Epoch 00424 | Loss 0.5247 | Train 0.7308 | Val 0.7280 | Test 0.5751
Run 00 | Epoch 00425 | Loss 0.5278 | Train 0.7307 | Val 0.7278 | Test 0.5751
Run 00 | Epoch 00426 | Loss 0.5223 | Train 0.7305 | Val 0.7274 | Test 0.5750
Run 00 | Epoch 00427 | Loss 0.5311 | Train 0.7305 | Val 0.7272 | Test 0.5751
Run 00 | Epoch 00428 | Loss 0.5287 | Train 0.7306 | Val 0.7273 | Test 0.5752
Run 00 | Epoch 00429 | Loss 0.5284 | Train 0.7304 | Val 0.7269 | Test 0.5751
Run 00 | Epoch 00430 | Loss 0.5251 | Train 0.7304 | Val 0.7268 | Test 0.5751
Run 00 | Epoch 00431 | Loss 0.5399 | Train 0.7301 | Val 0.7261 | Test 0.5749
Run 00 | Epoch 00432 | Loss 0.5347 | Train 0.7297 | Val 0.7257 | Test 0.5746
Run 00 | Epoch 00433 | Loss 0.5118 | Train 0.7294 | Val 0.7256 | Test 0.5744
Run 00 | Epoch 00434 | Loss 0.5213 | Train 0.7294 | Val 0.7256 | Test 0.5745
Run 00 | Epoch 00435 | Loss 0.5269 | Train 0.7294 | Val 0.7256 | Test 0.5744
Run 00 | Epoch 00436 | Loss 0.5060 | Train 0.7292 | Val 0.7251 | Test 0.5744
Run 00 | Epoch 00437 | Loss 0.5197 | Train 0.7292 | Val 0.7253 | Test 0.5744
Run 00 | Epoch 00438 | Loss 0.5359 | Train 0.7289 | Val 0.7249 | Test 0.5742
Run 00 | Epoch 00439 | Loss 0.5320 | Train 0.7289 | Val 0.7246 | Test 0.5743
Run 00 | Epoch 00440 | Loss 0.5228 | Train 0.7290 | Val 0.7248 | Test 0.5745
Run 00 | Epoch 00441 | Loss 0.5127 | Train 0.7288 | Val 0.7248 | Test 0.5744
Run 00 | Epoch 00442 | Loss 0.5534 | Train 0.7287 | Val 0.7246 | Test 0.5744
Run 00 | Epoch 00443 | Loss 0.5430 | Train 0.7284 | Val 0.7243 | Test 0.5742
Run 00 | Epoch 00444 | Loss 0.5246 | Train 0.7284 | Val 0.7243 | Test 0.5742
Run 00 | Epoch 00445 | Loss 0.5255 | Train 0.7284 | Val 0.7245 | Test 0.5744
Run 00 | Epoch 00446 | Loss 0.5186 | Train 0.7286 | Val 0.7242 | Test 0.5745
Run 00 | Epoch 00447 | Loss 0.5123 | Train 0.7286 | Val 0.7241 | Test 0.5746
Run 00 | Epoch 00448 | Loss 0.5149 | Train 0.7286 | Val 0.7241 | Test 0.5746
Run 00 | Epoch 00449 | Loss 0.5241 | Train 0.7283 | Val 0.7236 | Test 0.5744
Run 00 | Epoch 00450 | Loss 0.5141 | Train 0.7282 | Val 0.7235 | Test 0.5744
Run 00 | Epoch 00451 | Loss 0.5253 | Train 0.7282 | Val 0.7237 | Test 0.5745
Run 00 | Epoch 00452 | Loss 0.5017 | Train 0.7278 | Val 0.7233 | Test 0.5742
Run 00 | Epoch 00453 | Loss 0.5000 | Train 0.7276 | Val 0.7232 | Test 0.5742
Run 00 | Epoch 00454 | Loss 0.4822 | Train 0.7277 | Val 0.7232 | Test 0.5742
Run 00 | Epoch 00455 | Loss 0.5005 | Train 0.7279 | Val 0.7232 | Test 0.5744
Run 00 | Epoch 00456 | Loss 0.5312 | Train 0.7277 | Val 0.7230 | Test 0.5742
Run 00 | Epoch 00457 | Loss 0.5129 | Train 0.7277 | Val 0.7228 | Test 0.5741
Run 00 | Epoch 00458 | Loss 0.5057 | Train 0.7276 | Val 0.7227 | Test 0.5741
Run 00 | Epoch 00459 | Loss 0.5027 | Train 0.7276 | Val 0.7225 | Test 0.5739
Run 00 | Epoch 00460 | Loss 0.5080 | Train 0.7277 | Val 0.7225 | Test 0.5740
Run 00 | Epoch 00461 | Loss 0.5253 | Train 0.7274 | Val 0.7222 | Test 0.5740
Run 00 | Epoch 00462 | Loss 0.5214 | Train 0.7274 | Val 0.7220 | Test 0.5741
Run 00 | Epoch 00463 | Loss 0.4733 | Train 0.7270 | Val 0.7220 | Test 0.5737
Run 00 | Epoch 00464 | Loss 0.5297 | Train 0.7270 | Val 0.7220 | Test 0.5738
Run 00 | Epoch 00465 | Loss 0.5144 | Train 0.7271 | Val 0.7219 | Test 0.5738
Run 00 | Epoch 00466 | Loss 0.5310 | Train 0.7268 | Val 0.7220 | Test 0.5737
Run 00 | Epoch 00467 | Loss 0.5127 | Train 0.7269 | Val 0.7224 | Test 0.5738
Run 00 | Epoch 00468 | Loss 0.4977 | Train 0.7266 | Val 0.7222 | Test 0.5736
Run 00 | Epoch 00469 | Loss 0.5155 | Train 0.7266 | Val 0.7221 | Test 0.5737
Run 00 | Epoch 00470 | Loss 0.5083 | Train 0.7264 | Val 0.7219 | Test 0.5735
Run 00 | Epoch 00471 | Loss 0.5168 | Train 0.7263 | Val 0.7216 | Test 0.5734
Run 00 | Epoch 00472 | Loss 0.5173 | Train 0.7262 | Val 0.7215 | Test 0.5735
Run 00 | Epoch 00473 | Loss 0.5021 | Train 0.7262 | Val 0.7213 | Test 0.5734
Run 00 | Epoch 00474 | Loss 0.5046 | Train 0.7260 | Val 0.7209 | Test 0.5732
Run 00 | Epoch 00475 | Loss 0.4925 | Train 0.7260 | Val 0.7208 | Test 0.5731
Run 00 | Epoch 00476 | Loss 0.5055 | Train 0.7256 | Val 0.7203 | Test 0.5728
Run 00 | Epoch 00477 | Loss 0.5175 | Train 0.7258 | Val 0.7207 | Test 0.5730
Run 00 | Epoch 00478 | Loss 0.4950 | Train 0.7259 | Val 0.7204 | Test 0.5730
Run 00 | Epoch 00479 | Loss 0.4824 | Train 0.7258 | Val 0.7205 | Test 0.5730
Run 00 | Epoch 00480 | Loss 0.5210 | Train 0.7258 | Val 0.7200 | Test 0.5728
Run 00 | Epoch 00481 | Loss 0.4844 | Train 0.7257 | Val 0.7199 | Test 0.5727
Run 00 | Epoch 00482 | Loss 0.5294 | Train 0.7254 | Val 0.7200 | Test 0.5727
Run 00 | Epoch 00483 | Loss 0.4877 | Train 0.7253 | Val 0.7199 | Test 0.5726
Run 00 | Epoch 00484 | Loss 0.4935 | Train 0.7253 | Val 0.7198 | Test 0.5724
Run 00 | Epoch 00485 | Loss 0.4895 | Train 0.7250 | Val 0.7197 | Test 0.5722
Run 00 | Epoch 00486 | Loss 0.4955 | Train 0.7250 | Val 0.7196 | Test 0.5723
Run 00 | Epoch 00487 | Loss 0.4891 | Train 0.7248 | Val 0.7197 | Test 0.5723
Run 00 | Epoch 00488 | Loss 0.5195 | Train 0.7245 | Val 0.7194 | Test 0.5721
Run 00 | Epoch 00489 | Loss 0.5070 | Train 0.7245 | Val 0.7193 | Test 0.5720
Run 00 | Epoch 00490 | Loss 0.5010 | Train 0.7246 | Val 0.7193 | Test 0.5721
Run 00 | Epoch 00491 | Loss 0.5045 | Train 0.7244 | Val 0.7191 | Test 0.5720
Run 00 | Epoch 00492 | Loss 0.4866 | Train 0.7244 | Val 0.7189 | Test 0.5721
Run 00 | Epoch 00493 | Loss 0.4928 | Train 0.7247 | Val 0.7191 | Test 0.5723
Run 00 | Epoch 00494 | Loss 0.5021 | Train 0.7247 | Val 0.7191 | Test 0.5723
Run 00 | Epoch 00495 | Loss 0.5049 | Train 0.7246 | Val 0.7188 | Test 0.5723
Run 00 | Epoch 00496 | Loss 0.4967 | Train 0.7242 | Val 0.7185 | Test 0.5720
Run 00 | Epoch 00497 | Loss 0.4730 | Train 0.7239 | Val 0.7182 | Test 0.5718
Run 00 | Epoch 00498 | Loss 0.4910 | Train 0.7238 | Val 0.7179 | Test 0.5718
Run 00 | Epoch 00499 | Loss 0.5009 | Train 0.7242 | Val 0.7178 | Test 0.5718
The number of model layers:  3
Run 01:
Highest Train: 73.83
Highest Valid: 73.55
  Final Train: 73.82
   Final Test: 57.48
The number of model layers:  3
 
All runs:
Highest Train: 73.83 ± nan
Highest Valid: 73.55 ± nan
  Final Train: 73.82 ± nan
   Final Test: 57.48 ± nan
