main start at this time 1666039302.9745002
-----------------------------------------before load data 
 Nvidia-smi: 0.30712890625 GB
    Memory Allocated: 0.0  GigaBytes
Max Memory Allocated: 0.0  GigaBytes

#nodes: 2449029
#edges: 123718024
#classes: 47
success----------------------------------------
196571
39255
2164782
# Nodes: 2400608
# Edges: 123718024
# Train: 196571
# Val: 39255
# Test: 2164782
# Classes: 47

in feats:  100
========    -------- the batch size current is  12286
Run 00 | Epoch 00000 | Loss 2.8689 | Train 0.1844 | Val 0.1768 | Test 0.1324
Run 00 | Epoch 00001 | Loss 2.1292 | Train 0.4426 | Val 0.4319 | Test 0.3134
Run 00 | Epoch 00002 | Loss 1.6184 | Train 0.5623 | Val 0.5512 | Test 0.4064
Run 00 | Epoch 00003 | Loss 1.2697 | Train 0.6117 | Val 0.6035 | Test 0.4553
Run 00 | Epoch 00004 | Loss 0.9803 | Train 0.6337 | Val 0.6264 | Test 0.4787
Run 00 | Epoch 00005 | Loss 0.8270 | Train 0.6542 | Val 0.6498 | Test 0.5000
Run 00 | Epoch 00006 | Loss 0.7328 | Train 0.6724 | Val 0.6688 | Test 0.5163
Run 00 | Epoch 00007 | Loss 0.6925 | Train 0.6896 | Val 0.6860 | Test 0.5298
Run 00 | Epoch 00008 | Loss 0.6650 | Train 0.7018 | Val 0.6944 | Test 0.5373
Run 00 | Epoch 00009 | Loss 0.6429 | Train 0.7127 | Val 0.7056 | Test 0.5460
Run 00 | Epoch 00010 | Loss 0.6005 | Train 0.7151 | Val 0.7088 | Test 0.5492
Run 00 | Epoch 00011 | Loss 0.5858 | Train 0.7145 | Val 0.7093 | Test 0.5491
Run 00 | Epoch 00012 | Loss 0.5647 | Train 0.7158 | Val 0.7100 | Test 0.5497
Run 00 | Epoch 00013 | Loss 0.5617 | Train 0.7187 | Val 0.7133 | Test 0.5539
Run 00 | Epoch 00014 | Loss 0.5346 | Train 0.7179 | Val 0.7133 | Test 0.5549
Run 00 | Epoch 00015 | Loss 0.5410 | Train 0.7169 | Val 0.7126 | Test 0.5545
Run 00 | Epoch 00016 | Loss 0.5163 | Train 0.7121 | Val 0.7087 | Test 0.5509
Run 00 | Epoch 00017 | Loss 0.4972 | Train 0.7158 | Val 0.7106 | Test 0.5544
Run 00 | Epoch 00018 | Loss 0.5139 | Train 0.7151 | Val 0.7092 | Test 0.5526
Run 00 | Epoch 00019 | Loss 0.5008 | Train 0.7127 | Val 0.7068 | Test 0.5517
Run 00 | Epoch 00020 | Loss 0.5166 | Train 0.7134 | Val 0.7078 | Test 0.5537
Run 00 | Epoch 00021 | Loss 0.4960 | Train 0.7102 | Val 0.7046 | Test 0.5535
Run 00 | Epoch 00022 | Loss 0.5024 | Train 0.7056 | Val 0.6992 | Test 0.5485
Run 00 | Epoch 00023 | Loss 0.4899 | Train 0.6938 | Val 0.6880 | Test 0.5410
Run 00 | Epoch 00024 | Loss 0.4806 | Train 0.6955 | Val 0.6902 | Test 0.5423
Run 00 | Epoch 00025 | Loss 0.4812 | Train 0.6989 | Val 0.6927 | Test 0.5460
Run 00 | Epoch 00026 | Loss 0.4729 | Train 0.6943 | Val 0.6866 | Test 0.5418
Run 00 | Epoch 00027 | Loss 0.4669 | Train 0.6888 | Val 0.6828 | Test 0.5400
Run 00 | Epoch 00028 | Loss 0.4697 | Train 0.6917 | Val 0.6859 | Test 0.5427
Run 00 | Epoch 00029 | Loss 0.4646 | Train 0.6887 | Val 0.6829 | Test 0.5395
Run 00 | Epoch 00030 | Loss 0.4611 | Train 0.6883 | Val 0.6827 | Test 0.5393
Run 00 | Epoch 00031 | Loss 0.4593 | Train 0.6889 | Val 0.6836 | Test 0.5393
Run 00 | Epoch 00032 | Loss 0.4671 | Train 0.6926 | Val 0.6880 | Test 0.5443
Run 00 | Epoch 00033 | Loss 0.4604 | Train 0.6882 | Val 0.6829 | Test 0.5402
Run 00 | Epoch 00034 | Loss 0.4772 | Train 0.6899 | Val 0.6843 | Test 0.5412
Run 00 | Epoch 00035 | Loss 0.4552 | Train 0.6914 | Val 0.6858 | Test 0.5451
Run 00 | Epoch 00036 | Loss 0.4731 | Train 0.6865 | Val 0.6813 | Test 0.5409
Run 00 | Epoch 00037 | Loss 0.4445 | Train 0.6890 | Val 0.6829 | Test 0.5424
Run 00 | Epoch 00038 | Loss 0.4449 | Train 0.6881 | Val 0.6808 | Test 0.5431
Run 00 | Epoch 00039 | Loss 0.4569 | Train 0.6902 | Val 0.6833 | Test 0.5455
Run 00 | Epoch 00040 | Loss 0.4525 | Train 0.6833 | Val 0.6763 | Test 0.5410
Run 00 | Epoch 00041 | Loss 0.4509 | Train 0.6851 | Val 0.6771 | Test 0.5422
Run 00 | Epoch 00042 | Loss 0.4809 | Train 0.6863 | Val 0.6785 | Test 0.5424
Run 00 | Epoch 00043 | Loss 0.4420 | Train 0.6866 | Val 0.6775 | Test 0.5419
Run 00 | Epoch 00044 | Loss 0.4522 | Train 0.6839 | Val 0.6756 | Test 0.5396
Run 00 | Epoch 00045 | Loss 0.4491 | Train 0.6816 | Val 0.6743 | Test 0.5402
Run 00 | Epoch 00046 | Loss 0.4270 | Train 0.6808 | Val 0.6730 | Test 0.5399
Run 00 | Epoch 00047 | Loss 0.4406 | Train 0.6761 | Val 0.6687 | Test 0.5355
Run 00 | Epoch 00048 | Loss 0.4288 | Train 0.6751 | Val 0.6677 | Test 0.5362
Run 00 | Epoch 00049 | Loss 0.4339 | Train 0.6775 | Val 0.6684 | Test 0.5377
Run 00 | Epoch 00050 | Loss 0.4469 | Train 0.6772 | Val 0.6693 | Test 0.5391
Run 00 | Epoch 00051 | Loss 0.4171 | Train 0.6773 | Val 0.6693 | Test 0.5395
Run 00 | Epoch 00052 | Loss 0.4405 | Train 0.6807 | Val 0.6723 | Test 0.5411
Run 00 | Epoch 00053 | Loss 0.4370 | Train 0.6832 | Val 0.6756 | Test 0.5444
Run 00 | Epoch 00054 | Loss 0.4445 | Train 0.6811 | Val 0.6732 | Test 0.5418
Run 00 | Epoch 00055 | Loss 0.4313 | Train 0.6812 | Val 0.6753 | Test 0.5458
Run 00 | Epoch 00056 | Loss 0.4168 | Train 0.6808 | Val 0.6747 | Test 0.5461
Run 00 | Epoch 00057 | Loss 0.4383 | Train 0.6794 | Val 0.6728 | Test 0.5457
Run 00 | Epoch 00058 | Loss 0.4388 | Train 0.6764 | Val 0.6697 | Test 0.5396
Run 00 | Epoch 00059 | Loss 0.4344 | Train 0.6762 | Val 0.6698 | Test 0.5436
Run 00 | Epoch 00060 | Loss 0.4175 | Train 0.6763 | Val 0.6692 | Test 0.5398
Run 00 | Epoch 00061 | Loss 0.4422 | Train 0.6733 | Val 0.6659 | Test 0.5405
Run 00 | Epoch 00062 | Loss 0.4226 | Train 0.6723 | Val 0.6638 | Test 0.5412
Run 00 | Epoch 00063 | Loss 0.4446 | Train 0.6718 | Val 0.6651 | Test 0.5428
Run 00 | Epoch 00064 | Loss 0.4385 | Train 0.6801 | Val 0.6747 | Test 0.5492
Run 00 | Epoch 00065 | Loss 0.4245 | Train 0.6781 | Val 0.6722 | Test 0.5485
Run 00 | Epoch 00066 | Loss 0.4279 | Train 0.6764 | Val 0.6719 | Test 0.5476
Run 00 | Epoch 00067 | Loss 0.4426 | Train 0.6758 | Val 0.6697 | Test 0.5465
Run 00 | Epoch 00068 | Loss 0.4273 | Train 0.6670 | Val 0.6621 | Test 0.5442
Run 00 | Epoch 00069 | Loss 0.4307 | Train 0.6665 | Val 0.6615 | Test 0.5427
Run 00 | Epoch 00070 | Loss 0.4334 | Train 0.6733 | Val 0.6663 | Test 0.5485
Run 00 | Epoch 00071 | Loss 0.4217 | Train 0.6718 | Val 0.6659 | Test 0.5457
Run 00 | Epoch 00072 | Loss 0.4350 | Train 0.6725 | Val 0.6665 | Test 0.5453
Run 00 | Epoch 00073 | Loss 0.4078 | Train 0.6796 | Val 0.6732 | Test 0.5474
Run 00 | Epoch 00074 | Loss 0.4285 | Train 0.6664 | Val 0.6626 | Test 0.5456
Run 00 | Epoch 00075 | Loss 0.4327 | Train 0.6698 | Val 0.6624 | Test 0.5446
Run 00 | Epoch 00076 | Loss 0.4110 | Train 0.6644 | Val 0.6571 | Test 0.5392
Run 00 | Epoch 00077 | Loss 0.4267 | Train 0.6681 | Val 0.6647 | Test 0.5464
Run 00 | Epoch 00078 | Loss 0.4206 | Train 0.6688 | Val 0.6639 | Test 0.5451
Run 00 | Epoch 00079 | Loss 0.4137 | Train 0.6648 | Val 0.6605 | Test 0.5421
Run 00 | Epoch 00080 | Loss 0.4511 | Train 0.6657 | Val 0.6611 | Test 0.5435
Run 00 | Epoch 00081 | Loss 0.4266 | Train 0.6614 | Val 0.6582 | Test 0.5406
Run 00 | Epoch 00082 | Loss 0.4182 | Train 0.6682 | Val 0.6624 | Test 0.5427
Run 00 | Epoch 00083 | Loss 0.4229 | Train 0.6686 | Val 0.6644 | Test 0.5451
Run 00 | Epoch 00084 | Loss 0.4338 | Train 0.6653 | Val 0.6610 | Test 0.5401
Run 00 | Epoch 00085 | Loss 0.4264 | Train 0.6594 | Val 0.6575 | Test 0.5391
Run 00 | Epoch 00086 | Loss 0.4248 | Train 0.6587 | Val 0.6544 | Test 0.5398
Run 00 | Epoch 00087 | Loss 0.4313 | Train 0.6619 | Val 0.6589 | Test 0.5404
Run 00 | Epoch 00088 | Loss 0.4322 | Train 0.6620 | Val 0.6579 | Test 0.5414
Run 00 | Epoch 00089 | Loss 0.4072 | Train 0.6610 | Val 0.6596 | Test 0.5437
Run 00 | Epoch 00090 | Loss 0.4405 | Train 0.6624 | Val 0.6592 | Test 0.5442
Run 00 | Epoch 00091 | Loss 0.4277 | Train 0.6662 | Val 0.6622 | Test 0.5457
Run 00 | Epoch 00092 | Loss 0.4018 | Train 0.6562 | Val 0.6514 | Test 0.5375
Run 00 | Epoch 00093 | Loss 0.4124 | Train 0.6563 | Val 0.6543 | Test 0.5434
Run 00 | Epoch 00094 | Loss 0.4116 | Train 0.6626 | Val 0.6587 | Test 0.5420
Run 00 | Epoch 00095 | Loss 0.4115 | Train 0.6599 | Val 0.6582 | Test 0.5417
Run 00 | Epoch 00096 | Loss 0.4217 | Train 0.6650 | Val 0.6613 | Test 0.5422
Run 00 | Epoch 00097 | Loss 0.4219 | Train 0.6604 | Val 0.6569 | Test 0.5411
Run 00 | Epoch 00098 | Loss 0.4317 | Train 0.6613 | Val 0.6587 | Test 0.5428
Run 00 | Epoch 00099 | Loss 0.4032 | Train 0.6617 | Val 0.6573 | Test 0.5416
Run 00 | Epoch 00100 | Loss 0.4094 | Train 0.6626 | Val 0.6601 | Test 0.5431
Run 00 | Epoch 00101 | Loss 0.4232 | Train 0.6653 | Val 0.6620 | Test 0.5411
Run 00 | Epoch 00102 | Loss 0.4099 | Train 0.6638 | Val 0.6612 | Test 0.5400
Run 00 | Epoch 00103 | Loss 0.4265 | Train 0.6619 | Val 0.6586 | Test 0.5413
Run 00 | Epoch 00104 | Loss 0.4149 | Train 0.6583 | Val 0.6550 | Test 0.5404
Run 00 | Epoch 00105 | Loss 0.4019 | Train 0.6711 | Val 0.6704 | Test 0.5522
Run 00 | Epoch 00106 | Loss 0.4246 | Train 0.6686 | Val 0.6654 | Test 0.5506
Run 00 | Epoch 00107 | Loss 0.4164 | Train 0.6781 | Val 0.6738 | Test 0.5536
Run 00 | Epoch 00108 | Loss 0.4111 | Train 0.6737 | Val 0.6701 | Test 0.5546
Run 00 | Epoch 00109 | Loss 0.4203 | Train 0.6657 | Val 0.6629 | Test 0.5489
