main start at this time 1666047638.3852396
-----------------------------------------before load data 
 Nvidia-smi: 0.30712890625 GB
    Memory Allocated: 0.0  GigaBytes
Max Memory Allocated: 0.0  GigaBytes

#nodes: 2449029
#edges: 123718024
#classes: 47
success----------------------------------------
196571
39255
2164782
# Nodes: 2400608
# Edges: 123718024
# Train: 196571
# Val: 39255
# Test: 2164782
# Classes: 47

-----------------------------------------after load data 
 Nvidia-smi: 0.30712890625 GB
    Memory Allocated: 0.0  GigaBytes
Max Memory Allocated: 0.0  GigaBytes

in feats:  100
Run 00 | Epoch 00000 | Loss 10.9568 | Train 0.0636 | Val 0.0647 | Test 0.0592
Run 00 | Epoch 00001 | Loss 8.2965 | Train 0.1932 | Val 0.1934 | Test 0.1531
Run 00 | Epoch 00002 | Loss 4.6614 | Train 0.2857 | Val 0.2838 | Test 0.2163
Run 00 | Epoch 00003 | Loss 4.2200 | Train 0.3607 | Val 0.3553 | Test 0.2656
Run 00 | Epoch 00004 | Loss 3.6240 | Train 0.4219 | Val 0.4136 | Test 0.3076
The number of model layers:  4
Run 01:
Highest Train: 42.19
Highest Valid: 41.36
  Final Train: 42.19
   Final Test: 30.76
The number of model layers:  4
 
All runs:
Highest Train: 42.19 ± nan
Highest Valid: 41.36 ± nan
  Final Train: 42.19 ± nan
   Final Test: 30.76 ± nan
-----------------------------------------after mini batch train 
 Nvidia-smi: 30.53369140625 GB
    Memory Allocated: 3.086440086364746  GigaBytes
Max Memory Allocated: 22.109283924102783  GigaBytes

